[2022-11-25 10:16:20]INFO-one_API_2-24: 
========================================================测试用例开始执行========================================================
[2022-11-25 10:16:20]INFO-one_API_2-31: setup
[2022-11-25 10:16:20]INFO-one_API_2-45: 
========================================================测试用例执行完毕========================================================
[2022-11-25 10:16:20]INFO-httpclient_A-24: url: http://172.81.250.56:13575/do/test/request
[2022-11-25 10:16:21]INFO-one_API_2-86: set_args
[2022-11-25 10:18:00]INFO-one_API_2-24: 
========================================================测试用例开始执行========================================================
[2022-11-25 10:18:00]INFO-one_API_2-31: setup
[2022-11-25 10:18:00]INFO-one_API_2-45: 
========================================================测试用例执行完毕========================================================
[2022-11-25 10:18:00]INFO-httpclient_A-24: url: http://172.81.250.56:13575/do/test/request
[2022-11-25 10:18:00]INFO-one_API_2-86: set_args
[2022-11-25 10:18:16]INFO-one_API_2-24: 
========================================================测试用例开始执行========================================================
[2022-11-25 10:18:16]INFO-one_API_2-31: setup
[2022-11-25 10:18:16]INFO-one_API_2-45: 
========================================================测试用例执行完毕========================================================
[2022-11-25 10:18:16]INFO-httpclient_A-24: url: http://172.81.250.56:13575/do/test/request
[2022-11-25 10:18:16]INFO-one_API_2-86: set_args
[2022-11-25 10:19:22]INFO-one_API_2-24: 
========================================================测试用例开始执行========================================================
[2022-11-25 10:19:22]INFO-one_API_2-31: setup
[2022-11-25 10:19:22]INFO-one_API_2-45: 
========================================================测试用例执行完毕========================================================
[2022-11-25 10:19:22]INFO-httpclient_A-24: url: http://172.81.250.56:13575/do/test/request
[2022-11-25 10:19:22]INFO-one_API_2-86: set_args
[2022-11-25 10:20:48]INFO-one_API_2-24: 
========================================================测试用例开始执行========================================================
[2022-11-25 10:20:48]INFO-one_API_2-31: setup
[2022-11-25 10:20:48]INFO-one_API_2-45: 
========================================================测试用例执行完毕========================================================
[2022-11-25 10:20:48]INFO-httpclient_A-24: url: http://172.81.250.56:13575/do/test/request
[2022-11-25 10:20:48]INFO-one_API_2-86: set_args
[2022-11-25 10:21:40]INFO-one_API_2-24: 
========================================================测试用例开始执行========================================================
[2022-11-25 10:21:40]INFO-one_API_2-31: setup
[2022-11-25 10:21:40]INFO-one_API_2-45: 
========================================================测试用例执行完毕========================================================
[2022-11-25 10:21:40]INFO-httpclient_A-24: url: http://172.81.250.56:13575/do/test/request
[2022-11-25 10:21:40]INFO-one_API_2-86: set_args
[2022-11-25 10:25:17]INFO-one_API_2-24: 
========================================================测试用例开始执行========================================================
[2022-11-25 10:25:17]INFO-one_API_2-31: setup
[2022-11-25 10:25:17]INFO-one_API_2-45: 
========================================================测试用例执行完毕========================================================
[2022-11-25 10:25:17]INFO-httpclient_A-24: url: http://172.81.250.56:13575/do/test/request
[2022-11-25 10:25:58]INFO-one_API_2-24: 
========================================================测试用例开始执行========================================================
[2022-11-25 10:25:58]INFO-one_API_2-31: setup
[2022-11-25 10:25:58]INFO-one_API_2-45: 
========================================================测试用例执行完毕========================================================
[2022-11-25 10:25:58]INFO-httpclient_A-24: url: http://172.81.250.56:13575/do/test/request
[2022-11-25 10:27:28]INFO-one_API_2-24: 
========================================================测试用例开始执行========================================================
[2022-11-25 10:27:28]INFO-one_API_2-31: setup
[2022-11-25 10:27:28]INFO-one_API_2-45: 
========================================================测试用例执行完毕========================================================
[2022-11-25 10:27:28]INFO-httpclient_A-24: url: http://172.81.250.56:13575/do/test/request
[2022-11-25 10:27:54]INFO-one_API_2-24: 
========================================================测试用例开始执行========================================================
[2022-11-25 10:27:54]INFO-one_API_2-31: setup
[2022-11-25 10:27:54]INFO-one_API_2-45: 
========================================================测试用例执行完毕========================================================
[2022-11-25 10:27:54]INFO-httpclient_A-24: url: http://172.81.250.56:13575/do/test/request
[2022-11-25 10:38:44]INFO-one_API_2-24: 
========================================================测试用例开始执行========================================================
[2022-11-25 10:38:44]INFO-one_API_2-31: setup
[2022-11-25 10:38:44]INFO-one_API_2-45: 
========================================================测试用例执行完毕========================================================
[2022-11-25 10:38:44]INFO-httpclient_A-24: url: http://172.81.250.56:13575/do/test/request
[2022-11-25 10:39:10]INFO-one_API_2-24: 
========================================================测试用例开始执行========================================================
[2022-11-25 10:39:10]INFO-one_API_2-31: setup
[2022-11-25 10:39:10]INFO-one_API_2-45: 
========================================================测试用例执行完毕========================================================
[2022-11-25 10:39:10]INFO-httpclient_A-24: url: http://172.81.250.56:13575/do/test/request
[2022-11-25 10:39:38]INFO-one_API_2-24: 
========================================================测试用例开始执行========================================================
[2022-11-25 10:39:38]INFO-one_API_2-31: setup
[2022-11-25 10:39:38]INFO-one_API_2-45: 
========================================================测试用例执行完毕========================================================
[2022-11-25 10:39:38]INFO-httpclient_A-24: url: http://172.81.250.56:13575/do/test/request
[2022-11-25 10:39:52]INFO-one_API_2-24: 
========================================================测试用例开始执行========================================================
[2022-11-25 10:39:52]INFO-one_API_2-31: setup
[2022-11-25 10:39:52]INFO-one_API_2-45: 
========================================================测试用例执行完毕========================================================
[2022-11-25 10:39:52]INFO-httpclient_A-24: url: http://172.81.250.56:13575/do/test/request
[2022-11-25 10:39:57]INFO-one_API_2-24: 
========================================================测试用例开始执行========================================================
[2022-11-25 10:39:57]INFO-one_API_2-31: setup
[2022-11-25 10:39:57]INFO-one_API_2-45: 
========================================================测试用例执行完毕========================================================
[2022-11-25 10:39:57]INFO-httpclient_A-24: url: http://172.81.250.56:13575/do/test/request
[2022-11-25 10:41:57]INFO-one_API_2-24: 
========================================================测试用例开始执行========================================================
[2022-11-25 10:41:57]INFO-one_API_2-31: setup
[2022-11-25 10:41:57]INFO-one_API_2-45: 
========================================================测试用例执行完毕========================================================
[2022-11-25 10:41:57]INFO-httpclient_A-24: url: http://172.81.250.56:13575/do/test/request
[2022-11-25 10:41:57]INFO-one_API_2-87: set_args
[2022-11-25 10:41:57]INFO-httpclient_A-24: url: http://172.81.250.56:13575/do/test/request
[2022-11-25 10:50:07]INFO-one_API_2-24: 
========================================================测试用例开始执行========================================================
[2022-11-25 10:50:07]INFO-one_API_2-31: setup
[2022-11-25 10:50:07]INFO-one_API_2-45: 
========================================================测试用例执行完毕========================================================
[2022-11-25 10:50:07]INFO-httpclient_A-24: url: http://172.81.250.56:13575/do/test/request
[2022-11-25 10:50:07]INFO-one_API_2-87: set_args
[2022-11-25 10:56:29]INFO-one_API_2-24: 
========================================================测试用例开始执行========================================================
[2022-11-25 10:56:29]INFO-one_API_2-31: setup
[2022-11-25 10:56:29]INFO-one_API_2-45: 
========================================================测试用例执行完毕========================================================
[2022-11-25 10:56:29]INFO-httpclient_A-24: url: http://172.81.250.56:13575/do/test/request
[2022-11-25 10:56:29]INFO-one_API_2-87: set_args
[2022-11-25 10:56:29]INFO-one_API_2-87: set_args
[2022-11-25 10:56:29]INFO-one_API_2-87: set_args
[2022-11-25 10:56:29]INFO-one_API_2-87: set_args
[2022-11-25 10:56:38]INFO-one_API_2-24: 
========================================================测试用例开始执行========================================================
[2022-11-25 10:56:38]INFO-one_API_2-31: setup
[2022-11-25 10:56:38]INFO-one_API_2-45: 
========================================================测试用例执行完毕========================================================
[2022-11-25 10:56:38]INFO-httpclient_A-24: url: http://172.81.250.56:13575/do/test/request
[2022-11-25 10:56:38]INFO-one_API_2-87: set_args
[2022-11-25 10:56:38]INFO-one_API_2-87: set_args
[2022-11-25 10:56:38]INFO-one_API_2-87: set_args
[2022-11-25 10:56:38]INFO-one_API_2-87: set_args
[2022-11-25 10:57:23]INFO-one_API_2-24: 
========================================================测试用例开始执行========================================================
[2022-11-25 10:57:23]INFO-one_API_2-31: setup
[2022-11-25 10:57:23]INFO-one_API_2-45: 
========================================================测试用例执行完毕========================================================
[2022-11-25 10:57:23]INFO-httpclient_A-24: url: http://172.81.250.56:13575/do/test/request
[2022-11-25 10:57:23]INFO-one_API_2-86: set_args
[2022-11-25 10:57:23]INFO-one_API_2-86: set_args
[2022-11-25 10:57:23]INFO-one_API_2-86: set_args
[2022-11-25 10:57:23]INFO-one_API_2-86: set_args
[2022-11-25 10:59:09]INFO-one_API_2-24: 
========================================================测试用例开始执行========================================================
[2022-11-25 10:59:09]INFO-one_API_2-31: setup
[2022-11-25 10:59:09]INFO-one_API_2-45: 
========================================================测试用例执行完毕========================================================
[2022-11-25 10:59:09]INFO-httpclient_A-24: url: http://172.81.250.56:13575/do/test/request
[2022-11-25 10:59:09]INFO-one_API_2-86: set_args
[2022-11-25 10:59:09]INFO-one_API_2-86: set_args
[2022-11-25 10:59:09]INFO-one_API_2-86: set_args
[2022-11-25 10:59:09]INFO-one_API_2-86: set_args
[2022-11-25 11:01:07]INFO-one_API_2-24: 
========================================================测试用例开始执行========================================================
[2022-11-25 11:01:07]INFO-one_API_2-31: setup
[2022-11-25 11:01:07]INFO-one_API_2-45: 
========================================================测试用例执行完毕========================================================
[2022-11-25 11:01:07]INFO-httpclient_A-24: url: http://172.81.250.56:13575/do/test/request
[2022-11-25 11:01:08]INFO-one_API_2-86: set_args
[2022-11-25 11:01:08]INFO-one_API_2-86: set_args
[2022-11-25 11:01:08]INFO-one_API_2-86: set_args
[2022-11-25 11:01:08]INFO-one_API_2-86: set_args
[2022-11-25 11:07:01]INFO-one_API_2-24: 
========================================================测试用例开始执行========================================================
[2022-11-25 11:07:01]INFO-one_API_2-31: setup
[2022-11-25 11:07:01]INFO-one_API_2-45: 
========================================================测试用例执行完毕========================================================
[2022-11-25 11:07:01]INFO-httpclient_A-24: url: http://172.81.250.56:13575/do/test/request
[2022-11-25 11:07:01]INFO-one_API_2-86: set_args
[2022-11-25 11:07:01]INFO-one_API_2-86: set_args
[2022-11-25 11:07:01]INFO-one_API_2-86: set_args
[2022-11-25 11:07:01]INFO-one_API_2-86: set_args
[2022-11-25 11:07:26]INFO-one_API_2-24: 
========================================================测试用例开始执行========================================================
[2022-11-25 11:07:26]INFO-one_API_2-31: setup
[2022-11-25 11:07:26]INFO-one_API_2-45: 
========================================================测试用例执行完毕========================================================
[2022-11-25 11:07:26]INFO-httpclient_A-24: url: http://172.81.250.56:13575/do/test/request
[2022-11-25 11:07:26]INFO-one_API_2-86: set_args
[2022-11-25 11:07:26]INFO-one_API_2-86: set_args
[2022-11-25 11:07:26]INFO-one_API_2-86: set_args
[2022-11-25 11:07:26]INFO-one_API_2-86: set_args
[2022-11-25 11:21:06]INFO-one_API_2-24: 
========================================================测试用例开始执行========================================================
[2022-11-25 11:21:06]INFO-one_API_2-31: setup
[2022-11-25 11:21:06]INFO-one_API_2-45: 
========================================================测试用例执行完毕========================================================
[2022-11-25 11:21:06]INFO-httpclient_A-24: url: http://172.81.250.56:13575/do/test/request
[2022-11-25 11:21:06]INFO-one_API_2-87: set_args
[2022-11-25 11:21:06]INFO-one_API_2-87: set_args
[2022-11-25 11:21:06]INFO-one_API_2-87: set_args
[2022-11-25 11:21:06]INFO-one_API_2-87: set_args
[2022-11-25 11:21:06]INFO-one_API_2-87: set_args
[2022-11-25 11:21:06]INFO-one_API_2-87: set_args
[2022-11-25 11:21:06]INFO-one_API_2-87: set_args
[2022-11-25 11:21:06]INFO-one_API_2-87: set_args
[2022-11-25 11:21:06]INFO-one_API_2-87: set_args
[2022-11-25 11:21:06]INFO-one_API_2-87: set_args
[2022-11-25 11:21:06]INFO-httpclient_A-24: url: http://172.81.250.56:13575/do/auth/request
[2022-11-25 11:33:32]INFO-one_API_2-24: 
========================================================测试用例开始执行========================================================
[2022-11-25 11:33:32]INFO-one_API_2-31: setup
[2022-11-25 11:33:32]INFO-one_API_2-45: 
========================================================测试用例执行完毕========================================================
[2022-11-25 11:33:32]INFO-httpclient_A-24: url: http://172.81.250.56:13575/do/test/request
[2022-11-25 11:33:32]INFO-one_API_2-87: set_args
[2022-11-25 11:33:32]INFO-one_API_2-87: set_args
[2022-11-25 11:33:32]INFO-one_API_2-87: set_args
[2022-11-25 11:33:32]INFO-one_API_2-87: set_args
[2022-11-25 11:33:32]INFO-one_API_2-87: set_args
[2022-11-25 11:38:57]INFO-one_API_2-24: 
========================================================测试用例开始执行========================================================
[2022-11-25 11:38:57]INFO-one_API_2-31: setup
[2022-11-25 11:38:57]INFO-one_API_2-45: 
========================================================测试用例执行完毕========================================================
[2022-11-25 11:38:57]INFO-httpclient_A-24: url: http://172.81.250.56:13575/do/test/request
[2022-11-25 11:38:57]INFO-one_API_2-87: set_args
[2022-11-25 11:38:57]INFO-one_API_2-87: set_args
[2022-11-25 11:38:57]INFO-one_API_2-87: set_args
[2022-11-25 11:38:57]INFO-one_API_2-87: set_args
[2022-11-25 11:38:57]INFO-one_API_2-87: set_args
[2022-11-25 11:40:23]INFO-one_API_2-24: 
========================================================测试用例开始执行========================================================
[2022-11-25 11:40:23]INFO-one_API_2-31: setup
[2022-11-25 11:40:23]INFO-one_API_2-45: 
========================================================测试用例执行完毕========================================================
[2022-11-25 11:40:23]INFO-httpclient_A-24: url: http://172.81.250.56:13575/do/test/request
[2022-11-25 11:40:23]INFO-one_API_2-87: set_args
[2022-11-25 11:40:23]INFO-one_API_2-87: set_args
[2022-11-25 11:40:23]INFO-one_API_2-87: set_args
[2022-11-25 11:40:23]INFO-one_API_2-87: set_args
[2022-11-25 11:40:23]INFO-one_API_2-87: set_args
[2022-11-25 11:41:46]INFO-one_API_2-24: 
========================================================测试用例开始执行========================================================
[2022-11-25 11:41:46]INFO-one_API_2-31: setup
[2022-11-25 11:41:46]INFO-one_API_2-45: 
========================================================测试用例执行完毕========================================================
[2022-11-25 11:41:46]INFO-httpclient_A-24: url: http://172.81.250.56:13575/do/test/request
[2022-11-25 11:41:46]INFO-one_API_2-87: set_args
[2022-11-25 11:41:46]INFO-one_API_2-87: set_args
[2022-11-25 11:41:46]INFO-one_API_2-87: set_args
[2022-11-25 11:41:46]INFO-one_API_2-87: set_args
[2022-11-25 11:41:46]INFO-one_API_2-87: set_args
[2022-11-25 11:43:38]INFO-one_API_2-24: 
========================================================测试用例开始执行========================================================
[2022-11-25 11:43:38]INFO-one_API_2-31: setup
[2022-11-25 11:43:38]INFO-one_API_2-45: 
========================================================测试用例执行完毕========================================================
[2022-11-25 11:43:38]INFO-httpclient_A-24: url: http://172.81.250.56:13575/do/test/request
[2022-11-25 11:43:38]INFO-one_API_2-87: set_args
[2022-11-25 11:43:38]INFO-one_API_2-87: set_args
[2022-11-25 11:43:38]INFO-one_API_2-87: set_args
[2022-11-25 11:43:38]INFO-one_API_2-87: set_args
[2022-11-25 11:50:49]INFO-one_API_2-24: 
========================================================测试用例开始执行========================================================
[2022-11-25 11:50:49]INFO-one_API_2-31: setup
[2022-11-25 11:50:49]INFO-one_API_2-45: 
========================================================测试用例执行完毕========================================================
[2022-11-25 11:50:49]INFO-httpclient_A-24: url: http://172.81.250.56:13575/do/test/request
[2022-11-25 11:50:49]INFO-one_API_2-88: set_args
[2022-11-25 11:50:49]INFO-one_API_2-88: set_args
[2022-11-25 11:50:49]INFO-one_API_2-88: set_args
[2022-11-25 11:50:49]INFO-one_API_2-88: set_args
[2022-11-25 11:51:36]INFO-one_API_2-24: 
========================================================测试用例开始执行========================================================
[2022-11-25 11:51:36]INFO-one_API_2-31: setup
[2022-11-25 11:51:36]INFO-one_API_2-45: 
========================================================测试用例执行完毕========================================================
[2022-11-25 11:51:50]INFO-one_API_2-24: 
========================================================测试用例开始执行========================================================
[2022-11-25 11:51:50]INFO-one_API_2-31: setup
[2022-11-25 11:51:50]INFO-one_API_2-45: 
========================================================测试用例执行完毕========================================================
[2022-11-25 11:51:50]INFO-httpclient_A-24: url: http://172.81.250.56:13575/do/test/request
[2022-11-25 11:51:50]INFO-one_API_2-89: set_args
[2022-11-25 11:51:50]INFO-one_API_2-89: set_args
[2022-11-25 11:51:50]INFO-one_API_2-89: set_args
[2022-11-25 11:51:50]INFO-one_API_2-89: set_args
[2022-11-25 11:52:16]INFO-one_API_2-24: 
========================================================测试用例开始执行========================================================
[2022-11-25 11:52:16]INFO-one_API_2-31: setup
[2022-11-25 11:52:16]INFO-one_API_2-45: 
========================================================测试用例执行完毕========================================================
[2022-11-25 11:52:16]INFO-httpclient_A-24: url: http://172.81.250.56:13575/do/test/request
[2022-11-25 11:52:16]INFO-one_API_2-90: set_args
[2022-11-25 11:52:16]INFO-one_API_2-90: set_args
[2022-11-25 11:52:16]INFO-one_API_2-90: set_args
[2022-11-25 11:52:16]INFO-one_API_2-90: set_args
[2022-11-25 11:57:01]INFO-one_API_2-24: 
========================================================测试用例开始执行========================================================
[2022-11-25 11:57:01]INFO-one_API_2-31: setup
[2022-11-25 11:57:01]INFO-one_API_2-45: 
========================================================测试用例执行完毕========================================================
[2022-11-25 11:57:01]INFO-httpclient_A-24: url: http://172.81.250.56:13575/do/test/request
[2022-11-25 11:57:01]INFO-one_API_2-90: set_args
[2022-11-25 11:57:01]INFO-one_API_2-90: set_args
[2022-11-25 11:57:01]INFO-one_API_2-90: set_args
[2022-11-25 11:57:01]INFO-one_API_2-90: set_args
[2022-11-25 11:57:47]INFO-one_API_2-24: 
========================================================测试用例开始执行========================================================
[2022-11-25 11:57:47]INFO-one_API_2-31: setup
[2022-11-25 11:57:47]INFO-one_API_2-45: 
========================================================测试用例执行完毕========================================================
[2022-11-25 11:57:47]INFO-httpclient_A-24: url: http://172.81.250.56:13575/do/test/request
[2022-11-25 11:57:47]INFO-one_API_2-90: set_args
[2022-11-25 11:57:47]INFO-one_API_2-90: set_args
[2022-11-25 11:57:47]INFO-one_API_2-90: set_args
[2022-11-25 11:57:47]INFO-one_API_2-90: set_args
[2022-11-25 12:02:54]INFO-one_API_2-24: 
========================================================测试用例开始执行========================================================
[2022-11-25 12:02:54]INFO-one_API_2-31: setup
[2022-11-25 12:02:54]INFO-one_API_2-45: 
========================================================测试用例执行完毕========================================================
[2022-11-25 12:02:54]INFO-httpclient_A-24: url: http://172.81.250.56:13575/do/test/request
[2022-11-25 12:02:54]INFO-one_API_2-90: set_args
[2022-11-25 12:02:54]INFO-one_API_2-90: set_args
[2022-11-25 12:02:54]INFO-one_API_2-90: set_args
[2022-11-25 12:02:54]INFO-one_API_2-90: set_args
[2022-11-25 13:41:20]INFO-one_API_2-24: 
========================================================测试用例开始执行========================================================
[2022-11-25 13:41:20]INFO-one_API_2-31: setup
[2022-11-25 13:41:20]INFO-one_API_2-45: 
========================================================测试用例执行完毕========================================================
[2022-11-25 13:41:20]INFO-httpclient_A-24: url: http://172.81.250.56:13575/do/test/request
[2022-11-25 13:41:20]INFO-one_API_2-90: set_args
[2022-11-25 13:41:20]INFO-one_API_2-90: set_args
[2022-11-25 13:41:20]INFO-one_API_2-90: set_args
[2022-11-25 13:41:20]INFO-one_API_2-90: set_args
[2022-11-25 13:45:43]INFO-one_API_2-24: 
========================================================测试用例开始执行========================================================
[2022-11-25 13:45:43]INFO-one_API_2-31: setup
[2022-11-25 13:45:43]INFO-one_API_2-45: 
========================================================测试用例执行完毕========================================================
[2022-11-25 13:45:43]INFO-httpclient_A-24: url: http://172.81.250.56:13575/do/test/request
[2022-11-25 13:45:43]INFO-one_API_2-90: set_args
[2022-11-25 13:45:43]INFO-one_API_2-90: set_args
[2022-11-25 13:45:43]INFO-one_API_2-90: set_args
[2022-11-25 13:45:43]INFO-one_API_2-90: set_args
[2022-11-25 13:46:44]INFO-one_API_2-24: 
========================================================测试用例开始执行========================================================
[2022-11-25 13:46:44]INFO-one_API_2-31: setup
[2022-11-25 13:46:44]INFO-one_API_2-45: 
========================================================测试用例执行完毕========================================================
[2022-11-25 13:46:44]INFO-httpclient_A-24: url: http://172.81.250.56:13575/do/test/request
[2022-11-25 13:46:44]INFO-one_API_2-90: set_args
[2022-11-25 13:46:44]INFO-one_API_2-90: set_args
[2022-11-25 13:46:44]INFO-one_API_2-90: set_args
[2022-11-25 13:46:44]INFO-one_API_2-90: set_args
[2022-11-25 13:48:15]INFO-one_API_3-24: 
========================================================测试用例开始执行========================================================
[2022-11-25 13:48:15]INFO-one_API_3-31: setup
[2022-11-25 13:48:15]INFO-one_API_3-45: 
========================================================测试用例执行完毕========================================================
[2022-11-25 13:48:15]INFO-httpclient_A-24: url: http://172.81.250.56:13575/do/test/request
[2022-11-25 13:48:15]INFO-one_API_3-90: set_args
[2022-11-25 13:48:15]INFO-one_API_3-90: set_args
[2022-11-25 13:48:15]INFO-one_API_3-90: set_args
[2022-11-25 13:48:15]INFO-one_API_3-90: set_args
[2022-11-25 13:49:19]INFO-one_API_3-24: 
========================================================测试用例开始执行========================================================
[2022-11-25 13:49:19]INFO-one_API_3-31: setup
[2022-11-25 13:49:19]INFO-one_API_3-45: 
========================================================测试用例执行完毕========================================================
[2022-11-25 13:49:19]INFO-httpclient_A-24: url: http://172.81.250.56:13575/do/test/request
[2022-11-25 13:49:19]INFO-one_API_3-90: set_args
[2022-11-25 13:49:19]INFO-one_API_3-90: set_args
[2022-11-25 13:49:19]INFO-one_API_3-90: set_args
[2022-11-25 13:49:19]INFO-one_API_3-90: set_args
[2022-11-25 13:49:19]INFO-one_API_3-90: set_args
[2022-11-25 13:49:19]INFO-one_API_3-90: set_args
[2022-11-25 13:49:52]INFO-one_API_3-24: 
========================================================测试用例开始执行========================================================
[2022-11-25 13:49:52]INFO-one_API_3-31: setup
[2022-11-25 13:49:52]INFO-one_API_3-45: 
========================================================测试用例执行完毕========================================================
[2022-11-25 13:49:52]INFO-httpclient_A-24: url: http://172.81.250.56:13575/do/test/request
[2022-11-25 13:49:52]INFO-one_API_3-90: set_args
[2022-11-25 13:49:52]INFO-one_API_3-90: set_args
[2022-11-25 13:49:52]INFO-one_API_3-90: set_args
[2022-11-25 13:49:52]INFO-one_API_3-90: set_args
[2022-11-25 13:49:52]INFO-one_API_3-90: set_args
[2022-11-25 13:49:52]INFO-one_API_3-90: set_args
[2022-11-25 13:51:35]INFO-one_API_2-24: 
========================================================测试用例开始执行========================================================
[2022-11-25 13:51:35]INFO-one_API_2-31: setup
[2022-11-25 13:51:35]INFO-one_API_2-45: 
========================================================测试用例执行完毕========================================================
[2022-11-25 13:51:35]INFO-httpclient_A-24: url: http://172.81.250.56:13575/do/test/request
[2022-11-25 13:51:35]INFO-one_API_2-90: set_args
[2022-11-25 13:51:35]INFO-one_API_2-90: set_args
[2022-11-25 13:51:35]INFO-one_API_2-90: set_args
[2022-11-25 13:51:35]INFO-one_API_2-90: set_args
[2022-11-25 13:57:22]INFO-one_API_2-24: 
========================================================测试用例开始执行========================================================
[2022-11-25 13:57:22]INFO-one_API_2-31: setup
[2022-11-25 13:57:22]INFO-one_API_2-45: 
========================================================测试用例执行完毕========================================================
[2022-11-25 13:57:22]INFO-httpclient_A-24: url: http://172.81.250.56:13575/do/test/request
[2022-11-25 13:57:22]INFO-one_API_2-90: set_args
[2022-11-25 13:57:22]INFO-one_API_2-90: set_args
[2022-11-25 13:57:22]INFO-one_API_2-90: set_args
[2022-11-25 13:57:22]INFO-one_API_2-90: set_args
[2022-11-25 13:57:37]INFO-one_API_2-24: 
========================================================测试用例开始执行========================================================
[2022-11-25 13:57:37]INFO-one_API_2-31: setup
[2022-11-25 13:57:37]INFO-one_API_2-45: 
========================================================测试用例执行完毕========================================================
[2022-11-25 13:57:37]INFO-httpclient_A-24: url: http://172.81.250.56:13575/do/test/request
[2022-11-25 13:57:37]INFO-one_API_2-90: set_args
[2022-11-25 13:57:37]INFO-one_API_2-90: set_args
[2022-11-25 13:57:37]INFO-one_API_2-90: set_args
[2022-11-25 13:57:37]INFO-one_API_2-90: set_args
[2022-11-25 13:59:29]INFO-one_API_2-24: 
========================================================测试用例开始执行========================================================
[2022-11-25 13:59:29]INFO-one_API_2-31: setup
[2022-11-25 13:59:29]INFO-one_API_2-45: 
========================================================测试用例执行完毕========================================================
[2022-11-25 13:59:29]INFO-httpclient_A-24: url: http://172.81.250.56:13575/do/test/request
[2022-11-25 13:59:29]INFO-one_API_2-90: set_args
[2022-11-25 13:59:29]INFO-one_API_2-90: set_args
[2022-11-25 13:59:29]INFO-one_API_2-90: set_args
[2022-11-25 13:59:29]INFO-one_API_2-90: set_args
[2022-11-25 14:03:47]INFO-one_API_2-24: 
========================================================测试用例开始执行========================================================
[2022-11-25 14:03:47]INFO-one_API_2-31: setup
[2022-11-25 14:03:47]INFO-one_API_2-45: 
========================================================测试用例执行完毕========================================================
[2022-11-25 14:03:47]INFO-httpclient_A-24: url: http://172.81.250.56:13575/do/test/request
[2022-11-25 14:03:48]INFO-one_API_2-92: set_args
[2022-11-25 14:03:48]INFO-one_API_2-92: set_args
[2022-11-25 14:03:48]INFO-one_API_2-92: set_args
[2022-11-25 14:03:48]INFO-one_API_2-92: set_args
[2022-11-25 14:16:09]INFO-one_API_2-24: 
========================================================测试用例开始执行========================================================
[2022-11-25 14:16:09]INFO-one_API_2-31: setup
[2022-11-25 14:16:09]INFO-one_API_2-45: 
========================================================测试用例执行完毕========================================================
[2022-11-25 14:16:09]INFO-httpclient_A-24: url: http://172.81.250.56:13575/do/test/request
[2022-11-25 14:16:09]INFO-one_API_2-90: set_args
[2022-11-25 14:16:09]INFO-one_API_2-90: set_args
[2022-11-25 14:16:09]INFO-one_API_2-90: set_args
[2022-11-25 14:16:09]INFO-one_API_2-90: set_args
[2022-11-25 14:24:33]INFO-one_API_2-24: 
========================================================测试用例开始执行========================================================
[2022-11-25 14:24:33]INFO-one_API_2-31: setup
[2022-11-25 14:24:33]INFO-one_API_2-45: 
========================================================测试用例执行完毕========================================================
[2022-11-25 14:24:33]INFO-httpclient_A-24: url: http://172.81.250.56:13575/do/test/request
[2022-11-25 14:24:33]INFO-one_API_2-90: set_args
[2022-11-25 14:24:33]INFO-one_API_2-90: set_args
[2022-11-25 14:24:33]INFO-one_API_2-90: set_args
[2022-11-25 14:24:33]INFO-one_API_2-90: set_args
[2022-11-25 14:24:43]INFO-one_API_2-24: 
========================================================测试用例开始执行========================================================
[2022-11-25 14:24:43]INFO-one_API_2-31: setup
[2022-11-25 14:24:43]INFO-one_API_2-45: 
========================================================测试用例执行完毕========================================================
[2022-11-25 14:24:43]INFO-httpclient_A-24: url: http://172.81.250.56:13575/do/test/request
[2022-11-25 14:24:43]INFO-one_API_2-90: set_args
[2022-11-25 14:24:43]INFO-one_API_2-90: set_args
[2022-11-25 14:25:07]INFO-one_API_2-24: 
========================================================测试用例开始执行========================================================
[2022-11-25 14:25:07]INFO-one_API_2-31: setup
[2022-11-25 14:25:07]INFO-one_API_2-45: 
========================================================测试用例执行完毕========================================================
[2022-11-25 14:25:07]INFO-httpclient_A-24: url: http://172.81.250.56:13575/do/test/request
[2022-11-25 14:25:07]INFO-one_API_2-90: set_args
[2022-11-25 14:25:15]INFO-one_API_2-24: 
========================================================测试用例开始执行========================================================
[2022-11-25 14:25:15]INFO-one_API_2-31: setup
[2022-11-25 14:25:15]INFO-one_API_2-45: 
========================================================测试用例执行完毕========================================================
[2022-11-25 14:25:15]INFO-httpclient_A-24: url: http://172.81.250.56:13575/do/test/request
[2022-11-25 14:25:15]INFO-one_API_2-90: set_args
[2022-11-25 14:25:15]INFO-one_API_2-90: set_args
[2022-11-25 14:25:15]INFO-one_API_2-90: set_args
[2022-11-25 14:25:15]INFO-one_API_2-90: set_args
[2022-11-25 16:32:07]INFO-one_API_2-24: 
========================================================测试用例开始执行========================================================
[2022-11-25 16:32:07]INFO-one_API_2-31: setup
[2022-11-25 16:32:07]INFO-one_API_2-45: 
========================================================测试用例执行完毕========================================================
[2022-11-25 16:32:07]INFO-httpclient_A-24: url: http://172.81.250.56:13575/do/test/request
[2022-11-25 16:32:07]INFO-one_API_2-91: set_args
[2022-11-25 16:32:07]INFO-one_API_2-91: set_args
[2022-11-25 16:32:07]INFO-one_API_2-91: set_args
[2022-11-25 16:32:07]INFO-one_API_2-91: set_args
[2022-11-25 16:34:32]INFO-one_API_2-24: 
========================================================测试用例开始执行========================================================
[2022-11-25 16:34:32]INFO-one_API_2-31: setup
[2022-11-25 16:34:32]INFO-one_API_2-45: 
========================================================测试用例执行完毕========================================================
[2022-11-25 16:34:32]INFO-httpclient_A-24: url: http://172.81.250.56:13575/do/test/request
[2022-11-25 16:34:32]INFO-one_API_2-91: set_args
[2022-11-25 16:34:32]INFO-one_API_2-91: set_args
[2022-11-25 16:34:32]INFO-one_API_2-91: set_args
[2022-11-25 16:34:32]INFO-one_API_2-91: set_args
[2022-11-25 16:41:40]INFO-one_API_2-24: 
========================================================测试用例开始执行========================================================
[2022-11-25 16:41:40]INFO-one_API_2-31: setup
[2022-11-25 16:41:40]INFO-one_API_2-45: 
========================================================测试用例执行完毕========================================================
[2022-11-25 16:41:40]INFO-httpclient_A-24: url: http://172.81.250.56:13575/do/test/request
[2022-11-25 16:41:40]INFO-one_API_2-91: set_args
[2022-11-25 16:41:40]INFO-one_API_2-91: set_args
[2022-11-25 16:41:40]INFO-one_API_2-91: set_args
[2022-11-25 16:41:40]INFO-one_API_2-91: set_args
[2022-11-25 16:42:07]INFO-one_API_2-24: 
========================================================测试用例开始执行========================================================
[2022-11-25 16:42:07]INFO-one_API_2-31: setup
[2022-11-25 16:42:07]INFO-one_API_2-45: 
========================================================测试用例执行完毕========================================================
[2022-11-25 16:42:07]INFO-httpclient_A-24: url: http://172.81.250.56:13575/do/test/request
[2022-11-25 16:42:07]INFO-one_API_2-92: set_args
[2022-11-25 16:42:07]INFO-one_API_2-92: set_args
[2022-11-25 16:42:07]INFO-one_API_2-92: set_args
[2022-11-25 16:42:07]INFO-one_API_2-92: set_args
[2022-11-25 16:52:26]INFO-one_API_2-24: 
========================================================测试用例开始执行========================================================
[2022-11-25 16:52:26]INFO-one_API_2-31: setup
[2022-11-25 16:52:26]INFO-one_API_2-45: 
========================================================测试用例执行完毕========================================================
[2022-11-25 16:52:26]INFO-httpclient_A-24: url: http://172.81.250.56:13575/do/test/request
[2022-11-25 16:52:26]INFO-one_API_2-92: set_args
[2022-11-25 16:52:26]INFO-one_API_2-92: set_args
[2022-11-25 16:52:26]INFO-one_API_2-92: set_args
[2022-11-25 16:52:26]INFO-one_API_2-92: set_args
[2022-11-25 16:52:49]INFO-one_API_2-24: 
========================================================测试用例开始执行========================================================
[2022-11-25 16:52:49]INFO-one_API_2-31: setup
[2022-11-25 16:52:49]INFO-one_API_2-45: 
========================================================测试用例执行完毕========================================================
[2022-11-25 16:52:49]INFO-httpclient_A-24: url: http://172.81.250.56:13575/do/test/request
[2022-11-25 16:52:49]INFO-one_API_2-92: set_args
[2022-11-25 16:52:49]INFO-one_API_2-92: set_args
[2022-11-25 16:52:49]INFO-one_API_2-92: set_args
[2022-11-25 16:52:49]INFO-one_API_2-92: set_args
[2022-11-25 16:53:48]INFO-one_API_2-24: 
========================================================测试用例开始执行========================================================
[2022-11-25 16:53:48]INFO-one_API_2-31: setup
[2022-11-25 16:53:48]INFO-one_API_2-45: 
========================================================测试用例执行完毕========================================================
[2022-11-25 16:54:03]INFO-one_API_2-24: 
========================================================测试用例开始执行========================================================
[2022-11-25 16:54:03]INFO-one_API_2-31: setup
[2022-11-25 16:54:03]INFO-one_API_2-45: 
========================================================测试用例执行完毕========================================================
[2022-11-25 16:54:16]INFO-one_API_2-24: 
========================================================测试用例开始执行========================================================
[2022-11-25 16:54:16]INFO-one_API_2-31: setup
[2022-11-25 16:54:16]INFO-one_API_2-45: 
========================================================测试用例执行完毕========================================================
[2022-11-25 16:54:16]INFO-httpclient_A-24: url: http://172.81.250.56:13575/do/test/request
[2022-11-25 16:54:16]INFO-one_API_2-93: set_args
[2022-11-25 16:54:16]INFO-one_API_2-93: set_args
[2022-11-25 16:54:16]INFO-one_API_2-93: set_args
[2022-11-25 16:54:16]INFO-one_API_2-93: set_args
[2022-11-25 16:54:33]INFO-one_API_2-24: 
========================================================测试用例开始执行========================================================
[2022-11-25 16:54:33]INFO-one_API_2-31: setup
[2022-11-25 16:54:33]INFO-one_API_2-45: 
========================================================测试用例执行完毕========================================================
[2022-11-25 16:54:33]INFO-httpclient_A-24: url: http://172.81.250.56:13575/do/test/request
[2022-11-25 16:54:33]INFO-one_API_2-92: set_args
[2022-11-25 16:54:33]INFO-one_API_2-92: set_args
[2022-11-25 16:54:33]INFO-one_API_2-92: set_args
[2022-11-25 16:54:33]INFO-one_API_2-92: set_args
[2022-11-25 16:55:49]INFO-one_API_2-24: 
========================================================测试用例开始执行========================================================
[2022-11-25 16:55:49]INFO-one_API_2-31: setup
[2022-11-25 16:55:49]INFO-one_API_2-45: 
========================================================测试用例执行完毕========================================================
[2022-11-25 16:55:49]INFO-httpclient_A-24: url: http://172.81.250.56:13575/do/test/request
[2022-11-25 16:55:49]INFO-one_API_2-92: set_args
[2022-11-25 16:55:49]INFO-one_API_2-92: set_args
[2022-11-25 16:55:49]INFO-one_API_2-92: set_args
[2022-11-25 16:55:49]INFO-one_API_2-92: set_args
[2022-11-25 16:59:43]INFO-one_API_2-24: 
========================================================测试用例开始执行========================================================
[2022-11-25 16:59:43]INFO-one_API_2-31: setup
[2022-11-25 16:59:43]INFO-one_API_2-45: 
========================================================测试用例执行完毕========================================================
[2022-11-25 16:59:43]INFO-httpclient_A-24: url: http://172.81.250.56:13575/do/test/request
[2022-11-25 16:59:43]INFO-one_API_2-92: set_args
[2022-11-25 16:59:43]INFO-one_API_2-92: set_args
[2022-11-25 16:59:43]INFO-one_API_2-92: set_args
[2022-11-25 16:59:43]INFO-one_API_2-92: set_args
[2022-11-25 16:59:43]INFO-httpclient_A-24: url: http://172.81.250.56:13575/do/auth/request
[2022-11-25 17:03:33]INFO-one_API_2-24: 
========================================================测试用例开始执行========================================================
[2022-11-25 17:03:33]INFO-one_API_2-31: setup
[2022-11-25 17:03:33]INFO-one_API_2-45: 
========================================================测试用例执行完毕========================================================
[2022-11-25 17:03:33]INFO-httpclient_A-24: url: http://172.81.250.56:13575/do/test/request
[2022-11-25 17:03:33]INFO-one_API_2-92: set_args
[2022-11-25 17:03:33]INFO-one_API_2-92: set_args
[2022-11-25 17:03:33]INFO-one_API_2-92: set_args
[2022-11-25 17:03:33]INFO-one_API_2-92: set_args
[2022-11-25 17:03:33]INFO-httpclient_A-24: url: http://172.81.250.56:13575/do/auth/request
[2022-11-25 17:12:24]INFO-one_API_2-24: 
========================================================测试用例开始执行========================================================
[2022-11-25 17:12:24]INFO-one_API_2-31: setup
[2022-11-25 17:12:24]INFO-one_API_2-45: 
========================================================测试用例执行完毕========================================================
[2022-11-25 17:12:24]INFO-httpclient_A-24: url: http://172.81.250.56:13575/do/test/request
[2022-11-25 17:12:24]INFO-one_API_2-92: set_args
[2022-11-25 17:12:24]INFO-one_API_2-92: set_args
[2022-11-25 17:12:24]INFO-one_API_2-92: set_args
[2022-11-25 17:12:24]INFO-one_API_2-92: set_args
[2022-11-25 17:12:24]INFO-httpclient_A-24: url: http://172.81.250.56:13575/do/auth/request
[2022-11-25 17:13:13]INFO-one_API_2-24: 
========================================================测试用例开始执行========================================================
[2022-11-25 17:13:13]INFO-one_API_2-31: setup
[2022-11-25 17:13:13]INFO-one_API_2-45: 
========================================================测试用例执行完毕========================================================
[2022-11-25 17:13:13]INFO-httpclient_A-24: url: http://172.81.250.56:13575/do/test/request
[2022-11-25 17:13:13]INFO-one_API_2-89: set_args
[2022-11-25 17:13:13]INFO-one_API_2-89: set_args
[2022-11-25 17:13:13]INFO-one_API_2-89: set_args
[2022-11-25 17:13:13]INFO-one_API_2-89: set_args
[2022-11-25 17:13:13]INFO-httpclient_A-24: url: http://172.81.250.56:13575/do/auth/request
[2022-11-25 17:17:44]INFO-one_API_2-24: 
========================================================测试用例开始执行========================================================
[2022-11-25 17:17:44]INFO-one_API_2-31: setup
[2022-11-25 17:17:44]INFO-one_API_2-45: 
========================================================测试用例执行完毕========================================================
[2022-11-25 17:17:44]INFO-httpclient_A-24: url: http://172.81.250.56:13575/do/test/request
[2022-11-25 17:17:44]INFO-one_API_2-89: set_args
[2022-11-25 17:17:44]INFO-one_API_2-89: set_args
[2022-11-25 17:17:44]INFO-one_API_2-89: set_args
[2022-11-25 17:17:44]INFO-one_API_2-89: set_args
[2022-11-25 17:17:44]INFO-httpclient_A-24: url: http://172.81.250.56:13575/do/auth/request
[2022-11-25 17:27:54]INFO-one_API_2-24: 
========================================================测试用例开始执行========================================================
[2022-11-25 17:27:54]INFO-one_API_2-31: setup
[2022-11-25 17:27:54]INFO-one_API_2-45: 
========================================================测试用例执行完毕========================================================
[2022-11-25 17:27:54]INFO-httpclient_A-24: url: http://172.81.250.56:13575/do/test/request
[2022-11-25 17:27:54]INFO-one_API_2-89: set_args
[2022-11-25 17:27:54]INFO-one_API_2-89: set_args
[2022-11-25 17:27:54]INFO-one_API_2-89: set_args
[2022-11-25 17:27:54]INFO-one_API_2-89: set_args
[2022-11-25 17:28:12]INFO-one_API_2-24: 
========================================================测试用例开始执行========================================================
[2022-11-25 17:28:12]INFO-one_API_2-31: setup
[2022-11-25 17:28:12]INFO-one_API_2-45: 
========================================================测试用例执行完毕========================================================
[2022-11-25 17:28:12]INFO-httpclient_A-24: url: http://172.81.250.56:13575/do/test/request
[2022-11-25 17:28:12]INFO-one_API_2-90: set_args
[2022-11-25 17:28:12]INFO-one_API_2-90: set_args
[2022-11-25 17:28:12]INFO-one_API_2-90: set_args
[2022-11-25 17:28:12]INFO-one_API_2-90: set_args
[2022-11-25 17:32:20]INFO-one_API_2-24: 
========================================================测试用例开始执行========================================================
[2022-11-25 17:32:20]INFO-one_API_2-31: setup
[2022-11-25 17:32:20]INFO-one_API_2-45: 
========================================================测试用例执行完毕========================================================
[2022-11-25 17:32:20]INFO-httpclient_A-24: url: http://172.81.250.56:13575/do/test/request
[2022-11-25 17:32:21]INFO-one_API_2-90: set_args
[2022-11-25 17:32:21]INFO-one_API_2-90: set_args
[2022-11-25 17:32:21]INFO-one_API_2-90: set_args
[2022-11-25 17:32:21]INFO-one_API_2-90: set_args
[2022-11-25 17:34:28]INFO-one_API_2-24: 
========================================================测试用例开始执行========================================================
[2022-11-25 17:34:28]INFO-one_API_2-31: setup
[2022-11-25 17:34:28]INFO-one_API_2-45: 
========================================================测试用例执行完毕========================================================
[2022-11-25 17:34:28]INFO-httpclient_A-24: url: http://172.81.250.56:13575/do/test/request
[2022-11-25 17:34:28]INFO-one_API_2-90: set_args
[2022-11-25 17:34:28]INFO-one_API_2-90: set_args
[2022-11-25 17:34:28]INFO-one_API_2-90: set_args
[2022-11-25 17:34:28]INFO-one_API_2-90: set_args
[2022-11-25 17:34:28]INFO-httpclient_A-24: url: http://172.81.250.56:13575/do/auth/request
[2022-11-25 17:35:08]INFO-one_API_2-24: 
========================================================测试用例开始执行========================================================
[2022-11-25 17:35:08]INFO-one_API_2-31: setup
[2022-11-25 17:35:08]INFO-one_API_2-45: 
========================================================测试用例执行完毕========================================================
[2022-11-25 17:35:08]INFO-httpclient_A-24: url: http://172.81.250.56:13575/do/test/request
[2022-11-25 17:35:08]INFO-one_API_2-91: set_args
[2022-11-25 17:35:08]INFO-one_API_2-91: set_args
[2022-11-25 17:35:08]INFO-one_API_2-91: set_args
[2022-11-25 17:35:08]INFO-one_API_2-91: set_args
[2022-11-25 17:35:08]INFO-httpclient_A-24: url: http://172.81.250.56:13575/do/auth/request
[2022-11-25 17:35:35]INFO-one_API_2-24: 
========================================================测试用例开始执行========================================================
[2022-11-25 17:35:35]INFO-one_API_2-31: setup
[2022-11-25 17:35:35]INFO-one_API_2-45: 
========================================================测试用例执行完毕========================================================
[2022-11-25 17:35:35]INFO-httpclient_A-24: url: http://172.81.250.56:13575/do/test/request
[2022-11-25 17:35:35]INFO-one_API_2-91: set_args
[2022-11-25 17:35:35]INFO-one_API_2-91: set_args
[2022-11-25 17:35:35]INFO-one_API_2-91: set_args
[2022-11-25 17:35:35]INFO-one_API_2-91: set_args
[2022-11-25 17:35:35]INFO-httpclient_A-24: url: http://172.81.250.56:13575/do/auth/request
[2022-11-25 17:48:24]INFO-one_API_2-24: 
========================================================测试用例开始执行========================================================
[2022-11-25 17:48:24]INFO-one_API_2-31: setup
[2022-11-25 17:48:24]INFO-one_API_2-45: 
========================================================测试用例执行完毕========================================================
[2022-11-25 17:48:24]INFO-one_API_2-66: dict_turn_str
[2022-11-25 17:48:24]INFO-httpclient_A-24: url: http://172.81.250.56:13575/do/test/request
[2022-11-25 17:48:24]INFO-one_API_2-96: set_args
[2022-11-25 17:48:24]INFO-one_API_2-96: set_args
[2022-11-25 17:48:24]INFO-one_API_2-96: set_args
[2022-11-25 17:48:24]INFO-one_API_2-96: set_args
[2022-11-25 17:48:24]INFO-httpclient_A-24: url: http://172.81.250.56:13575/do/auth/request
[2022-11-25 17:50:12]INFO-one_API_2-24: 
========================================================测试用例开始执行========================================================
[2022-11-25 17:50:12]INFO-one_API_2-31: setup
[2022-11-25 17:50:12]INFO-one_API_2-45: 
========================================================测试用例执行完毕========================================================
[2022-11-25 17:50:12]INFO-one_API_2-66: dict_turn_str
[2022-11-25 17:50:12]INFO-httpclient_A-24: url: http://172.81.250.56:13575/do/test/request
[2022-11-25 17:50:12]INFO-one_API_2-96: set_args
[2022-11-25 17:50:12]INFO-one_API_2-96: set_args
[2022-11-25 17:50:12]INFO-one_API_2-96: set_args
[2022-11-25 17:50:12]INFO-one_API_2-96: set_args
[2022-11-25 17:50:12]INFO-httpclient_A-24: url: http://172.81.250.56:13575/do/auth/request
[2022-11-25 17:51:19]INFO-one_API_2-24: 
========================================================测试用例开始执行========================================================
[2022-11-25 17:51:19]INFO-one_API_2-31: setup
[2022-11-25 17:51:19]INFO-one_API_2-45: 
========================================================测试用例执行完毕========================================================
[2022-11-25 17:51:19]INFO-one_API_2-66: dict_turn_str
[2022-11-25 17:51:19]INFO-httpclient_A-24: url: http://172.81.250.56:13575/do/test/request
[2022-11-25 17:51:19]INFO-one_API_2-97: set_args
[2022-11-25 17:51:19]INFO-one_API_2-97: set_args
[2022-11-25 17:51:19]INFO-one_API_2-97: set_args
[2022-11-25 17:51:19]INFO-one_API_2-97: set_args
[2022-11-25 17:51:19]INFO-httpclient_A-24: url: http://172.81.250.56:13575/do/auth/request
[2022-11-25 17:53:40]INFO-one_API_2-24: 
========================================================测试用例开始执行========================================================
[2022-11-25 17:53:40]INFO-one_API_2-31: setup
[2022-11-25 17:53:40]INFO-one_API_2-45: 
========================================================测试用例执行完毕========================================================
[2022-11-25 17:53:40]INFO-one_API_2-66: dict_turn_str
[2022-11-25 17:53:40]INFO-httpclient_A-24: url: http://172.81.250.56:13575/do/test/request
[2022-11-25 17:53:40]INFO-one_API_2-97: set_args
[2022-11-25 17:53:40]INFO-one_API_2-97: set_args
[2022-11-25 17:53:40]INFO-one_API_2-97: set_args
[2022-11-25 17:53:40]INFO-one_API_2-97: set_args
[2022-11-25 17:53:40]INFO-httpclient_A-24: url: http://172.81.250.56:13575/do/auth/request
