[2022-11-27 08:41:28]INFO-one_API_2-26: 
========================================================测试用例开始执行========================================================
[2022-11-27 08:41:28]INFO-one_API_2-33: setup
[2022-11-27 08:41:28]INFO-one_API_2-47: 
========================================================测试用例执行完毕========================================================
[2022-11-27 08:41:28]INFO-httpclient_A-25: url: http://172.81.250.56:13575/do/test/request
[2022-11-27 08:41:29]INFO-one_API_2-102: set_args
[2022-11-27 08:41:29]INFO-one_API_2-102: set_args
[2022-11-27 08:41:29]INFO-one_API_2-102: set_args
[2022-11-27 08:41:29]INFO-one_API_2-102: set_args
[2022-11-27 08:41:29]INFO-httpclient_A-25: url: http://172.81.250.56:13575/do/auth/request
[2022-11-27 08:57:51]INFO-one_API_2-26: 
========================================================测试用例开始执行========================================================
[2022-11-27 08:57:51]INFO-one_API_2-33: setup
[2022-11-27 08:57:51]INFO-one_API_2-47: 
========================================================测试用例执行完毕========================================================
[2022-11-27 08:57:51]INFO-httpclient_A-25: url: http://172.81.250.56:13575/do/test/request
[2022-11-27 08:57:51]INFO-one_API_2-103: set_args
[2022-11-27 08:57:51]INFO-one_API_2-103: set_args
[2022-11-27 08:57:51]INFO-one_API_2-103: set_args
[2022-11-27 08:57:51]INFO-one_API_2-103: set_args
[2022-11-27 08:57:51]INFO-httpclient_A-25: url: http://172.81.250.56:13575/do/auth/request
[2022-11-27 09:34:21]INFO-one_API_2-26: 
========================================================测试用例开始执行========================================================
[2022-11-27 09:34:21]INFO-one_API_2-33: setup
[2022-11-27 09:34:21]INFO-one_API_2-47: 
========================================================测试用例执行完毕========================================================
[2022-11-27 09:34:21]INFO-httpclient_A-25: url: http://172.81.250.56:13575/do/test/request
[2022-11-27 09:34:22]INFO-one_API_2-103: set_args
[2022-11-27 09:34:22]INFO-one_API_2-103: set_args
[2022-11-27 09:34:22]INFO-one_API_2-103: set_args
[2022-11-27 09:34:22]INFO-one_API_2-103: set_args
[2022-11-27 09:34:22]INFO-httpclient_A-25: url: http://172.81.250.56:13575/do/auth/request
[2022-11-27 09:38:41]INFO-one_API_2-26: 
========================================================测试用例开始执行========================================================
[2022-11-27 09:38:41]INFO-one_API_2-33: setup
[2022-11-27 09:38:41]INFO-one_API_2-47: 
========================================================测试用例执行完毕========================================================
[2022-11-27 09:38:41]INFO-httpclient_A-25: url: http://172.81.250.56:13575/do/test/request
[2022-11-27 09:38:41]INFO-one_API_2-103: set_args
[2022-11-27 09:38:41]INFO-one_API_2-103: set_args
[2022-11-27 09:38:41]INFO-one_API_2-103: set_args
[2022-11-27 09:38:41]INFO-one_API_2-103: set_args
[2022-11-27 09:38:41]INFO-httpclient_A-25: url: http://172.81.250.56:13575/do/auth/request
[2022-11-27 09:40:04]INFO-one_API_2-26: 
========================================================测试用例开始执行========================================================
[2022-11-27 09:40:04]INFO-one_API_2-33: setup
[2022-11-27 09:40:04]INFO-one_API_2-47: 
========================================================测试用例执行完毕========================================================
[2022-11-27 09:40:04]INFO-httpclient_A-25: url: http://172.81.250.56:13575/do/test/request
[2022-11-27 09:40:05]INFO-one_API_2-103: set_args
[2022-11-27 09:40:05]INFO-one_API_2-103: set_args
[2022-11-27 09:40:05]INFO-one_API_2-103: set_args
[2022-11-27 09:40:05]INFO-one_API_2-103: set_args
[2022-11-27 09:40:25]INFO-one_API_2-26: 
========================================================测试用例开始执行========================================================
[2022-11-27 09:40:25]INFO-one_API_2-33: setup
[2022-11-27 09:40:25]INFO-one_API_2-47: 
========================================================测试用例执行完毕========================================================
[2022-11-27 09:40:57]INFO-one_API_2-26: 
========================================================测试用例开始执行========================================================
[2022-11-27 09:40:57]INFO-one_API_2-33: setup
[2022-11-27 09:40:57]INFO-one_API_2-47: 
========================================================测试用例执行完毕========================================================
[2022-11-27 09:40:57]INFO-httpclient_A-25: url: http://172.81.250.56:13575/do/test/request
[2022-11-27 09:40:57]INFO-one_API_2-102: set_args
[2022-11-27 09:40:57]INFO-one_API_2-102: set_args
[2022-11-27 09:40:57]INFO-one_API_2-102: set_args
[2022-11-27 09:40:57]INFO-one_API_2-102: set_args
[2022-11-27 09:41:19]INFO-one_API_2-26: 
========================================================测试用例开始执行========================================================
[2022-11-27 09:41:19]INFO-one_API_2-33: setup
[2022-11-27 09:41:19]INFO-one_API_2-47: 
========================================================测试用例执行完毕========================================================
[2022-11-27 09:41:19]INFO-httpclient_A-25: url: http://172.81.250.56:13575/do/test/request
[2022-11-27 09:41:19]INFO-one_API_2-102: set_args
[2022-11-27 09:41:19]INFO-one_API_2-102: set_args
[2022-11-27 09:41:19]INFO-one_API_2-102: set_args
[2022-11-27 09:41:19]INFO-one_API_2-102: set_args
[2022-11-27 09:41:46]INFO-one_API_2-26: 
========================================================测试用例开始执行========================================================
[2022-11-27 09:41:46]INFO-one_API_2-33: setup
[2022-11-27 09:41:46]INFO-one_API_2-47: 
========================================================测试用例执行完毕========================================================
[2022-11-27 09:41:46]INFO-httpclient_A-25: url: http://172.81.250.56:13575/do/test/request
[2022-11-27 09:41:46]INFO-one_API_2-102: set_args
[2022-11-27 09:41:46]INFO-one_API_2-102: set_args
[2022-11-27 09:41:46]INFO-one_API_2-102: set_args
[2022-11-27 09:41:46]INFO-one_API_2-102: set_args
[2022-11-27 09:41:46]INFO-httpclient_A-25: url: http://172.81.250.56:13575/do/auth/request
[2022-11-27 09:42:28]INFO-one_API_2-26: 
========================================================测试用例开始执行========================================================
[2022-11-27 09:42:28]INFO-one_API_2-33: setup
[2022-11-27 09:42:28]INFO-one_API_2-47: 
========================================================测试用例执行完毕========================================================
[2022-11-27 09:42:28]INFO-httpclient_A-25: url: http://172.81.250.56:13575/do/test/request
[2022-11-27 09:42:28]INFO-one_API_2-101: set_args
[2022-11-27 09:42:28]INFO-one_API_2-101: set_args
[2022-11-27 09:42:28]INFO-one_API_2-101: set_args
[2022-11-27 09:42:28]INFO-one_API_2-101: set_args
[2022-11-27 09:42:28]INFO-httpclient_A-25: url: http://172.81.250.56:13575/do/auth/request
[2022-11-27 09:47:32]INFO-one_API_2-26: 
========================================================测试用例开始执行========================================================
[2022-11-27 09:47:32]INFO-one_API_2-33: setup
[2022-11-27 09:47:32]INFO-one_API_2-47: 
========================================================测试用例执行完毕========================================================
[2022-11-27 09:47:32]INFO-httpclient_A-25: url: http://172.81.250.56:13575/do/test/request
[2022-11-27 09:47:32]INFO-one_API_2-101: set_args
[2022-11-27 09:47:32]INFO-one_API_2-101: set_args
[2022-11-27 09:47:32]INFO-one_API_2-101: set_args
[2022-11-27 09:47:32]INFO-one_API_2-101: set_args
[2022-11-27 09:47:58]INFO-one_API_2-26: 
========================================================测试用例开始执行========================================================
[2022-11-27 09:47:58]INFO-one_API_2-33: setup
[2022-11-27 09:47:58]INFO-one_API_2-47: 
========================================================测试用例执行完毕========================================================
[2022-11-27 09:47:58]INFO-httpclient_A-25: url: http://172.81.250.56:13575/do/test/request
[2022-11-27 09:47:58]INFO-one_API_2-101: set_args
[2022-11-27 09:47:58]INFO-one_API_2-101: set_args
[2022-11-27 09:47:58]INFO-one_API_2-101: set_args
[2022-11-27 09:47:58]INFO-one_API_2-101: set_args
[2022-11-27 09:48:17]INFO-one_API_2-26: 
========================================================测试用例开始执行========================================================
[2022-11-27 09:48:17]INFO-one_API_2-33: setup
[2022-11-27 09:48:17]INFO-one_API_2-47: 
========================================================测试用例执行完毕========================================================
[2022-11-27 09:48:17]INFO-httpclient_A-25: url: http://172.81.250.56:13575/do/test/request
[2022-11-27 09:48:17]INFO-one_API_2-101: set_args
[2022-11-27 09:48:17]INFO-one_API_2-101: set_args
[2022-11-27 09:48:17]INFO-one_API_2-101: set_args
[2022-11-27 09:48:17]INFO-one_API_2-101: set_args
[2022-11-27 09:48:17]INFO-httpclient_A-25: url: http://172.81.250.56:13575/do/auth/request
[2022-11-27 09:54:16]INFO-one_API_2-26: 
========================================================测试用例开始执行========================================================
[2022-11-27 09:54:16]INFO-one_API_2-33: setup
[2022-11-27 09:54:16]INFO-one_API_2-47: 
========================================================测试用例执行完毕========================================================
[2022-11-27 09:54:16]INFO-httpclient_A-25: url: http://172.81.250.56:13575/do/test/request
[2022-11-27 09:54:16]INFO-one_API_2-102: set_args
[2022-11-27 09:54:16]INFO-one_API_2-102: set_args
[2022-11-27 09:54:16]INFO-one_API_2-102: set_args
[2022-11-27 09:54:16]INFO-one_API_2-102: set_args
[2022-11-27 09:54:16]INFO-httpclient_A-25: url: http://172.81.250.56:13575/do/auth/request
[2022-11-27 09:55:27]INFO-one_API_2-26: 
========================================================测试用例开始执行========================================================
[2022-11-27 09:55:27]INFO-one_API_2-33: setup
[2022-11-27 09:55:27]INFO-one_API_2-47: 
========================================================测试用例执行完毕========================================================
[2022-11-27 09:55:27]INFO-httpclient_A-25: url: http://172.81.250.56:13575/do/test/request
[2022-11-27 09:55:27]INFO-one_API_2-103: set_args
[2022-11-27 09:55:27]INFO-one_API_2-103: set_args
[2022-11-27 09:55:27]INFO-one_API_2-103: set_args
[2022-11-27 09:55:27]INFO-one_API_2-103: set_args
[2022-11-27 09:55:27]INFO-httpclient_A-25: url: http://172.81.250.56:13575/do/auth/request
[2022-11-27 09:58:38]INFO-one_API_2-26: 
========================================================测试用例开始执行========================================================
[2022-11-27 09:58:38]INFO-one_API_2-33: setup
[2022-11-27 09:58:38]INFO-one_API_2-47: 
========================================================测试用例执行完毕========================================================
[2022-11-27 09:58:38]INFO-httpclient_A-27: url: http://172.81.250.56:13575/do/test/request
[2022-11-27 09:59:45]INFO-one_API_2-26: 
========================================================测试用例开始执行========================================================
[2022-11-27 09:59:45]INFO-one_API_2-33: setup
[2022-11-27 09:59:45]INFO-one_API_2-47: 
========================================================测试用例执行完毕========================================================
[2022-11-27 09:59:45]INFO-httpclient_A-28: url: http://172.81.250.56:13575/do/test/request
[2022-11-27 10:00:22]INFO-one_API_2-26: 
========================================================测试用例开始执行========================================================
[2022-11-27 10:00:22]INFO-one_API_2-33: setup
[2022-11-27 10:00:22]INFO-one_API_2-47: 
========================================================测试用例执行完毕========================================================
[2022-11-27 10:00:22]INFO-httpclient_A-28: url: http://172.81.250.56:13575/do/test/request
[2022-11-27 10:00:22]INFO-one_API_2-103: set_args
[2022-11-27 10:00:22]INFO-one_API_2-103: set_args
[2022-11-27 10:00:22]INFO-one_API_2-103: set_args
[2022-11-27 10:00:22]INFO-one_API_2-103: set_args
[2022-11-27 10:00:22]INFO-httpclient_A-28: url: http://172.81.250.56:13575/do/auth/request
[2022-11-27 10:00:44]INFO-one_API_2-26: 
========================================================测试用例开始执行========================================================
[2022-11-27 10:00:44]INFO-one_API_2-33: setup
[2022-11-27 10:00:44]INFO-one_API_2-47: 
========================================================测试用例执行完毕========================================================
[2022-11-27 10:00:44]INFO-httpclient_A-28: url: http://172.81.250.56:13575/do/test/request
[2022-11-27 10:00:45]INFO-one_API_2-103: set_args
[2022-11-27 10:00:45]INFO-one_API_2-103: set_args
[2022-11-27 10:00:45]INFO-one_API_2-103: set_args
[2022-11-27 10:00:45]INFO-one_API_2-103: set_args
[2022-11-27 10:00:45]INFO-httpclient_A-28: url: http://172.81.250.56:13575/do/auth/request
[2022-11-27 10:03:38]INFO-one_API_2-26: 
========================================================测试用例开始执行========================================================
[2022-11-27 10:03:38]INFO-one_API_2-33: setup
[2022-11-27 10:03:38]INFO-one_API_2-47: 
========================================================测试用例执行完毕========================================================
[2022-11-27 10:03:38]INFO-httpclient_A-28: url: http://172.81.250.56:13575/do/test/request
[2022-11-27 10:03:38]INFO-one_API_2-103: set_args
[2022-11-27 10:03:38]INFO-one_API_2-103: set_args
[2022-11-27 10:03:38]INFO-one_API_2-103: set_args
[2022-11-27 10:03:38]INFO-one_API_2-103: set_args
[2022-11-27 10:03:38]INFO-httpclient_A-28: url: http://172.81.250.56:13575/do/auth/request
[2022-11-27 10:04:28]INFO-one_API_2-26: 
========================================================测试用例开始执行========================================================
[2022-11-27 10:04:28]INFO-one_API_2-33: setup
[2022-11-27 10:04:28]INFO-one_API_2-47: 
========================================================测试用例执行完毕========================================================
[2022-11-27 10:04:28]INFO-httpclient_A-28: url: http://172.81.250.56:13575/do/test/request
[2022-11-27 10:04:28]INFO-one_API_2-103: set_args
[2022-11-27 10:04:28]INFO-one_API_2-103: set_args
[2022-11-27 10:04:28]INFO-one_API_2-103: set_args
[2022-11-27 10:04:28]INFO-one_API_2-103: set_args
[2022-11-27 10:04:28]INFO-httpclient_A-28: url: http://172.81.250.56:13575/do/auth/request
[2022-11-27 10:06:23]INFO-one_API_2-26: 
========================================================测试用例开始执行========================================================
[2022-11-27 10:06:23]INFO-one_API_2-33: setup
[2022-11-27 10:06:23]INFO-one_API_2-47: 
========================================================测试用例执行完毕========================================================
[2022-11-27 10:06:23]INFO-httpclient_A-28: url: http://172.81.250.56:13575/do/test/request
[2022-11-27 10:06:23]INFO-one_API_2-103: set_args
[2022-11-27 10:06:23]INFO-one_API_2-103: set_args
[2022-11-27 10:06:23]INFO-one_API_2-103: set_args
[2022-11-27 10:06:23]INFO-one_API_2-103: set_args
[2022-11-27 10:06:23]INFO-httpclient_A-28: url: http://172.81.250.56:13575/do/auth/request
[2022-11-27 10:08:00]INFO-one_API_2-26: 
========================================================测试用例开始执行========================================================
[2022-11-27 10:08:00]INFO-one_API_2-33: setup
[2022-11-27 10:08:00]INFO-one_API_2-47: 
========================================================测试用例执行完毕========================================================
[2022-11-27 10:08:00]INFO-httpclient_A-28: url: http://172.81.250.56:13575/do/test/request
[2022-11-27 10:08:00]INFO-one_API_2-103: set_args
[2022-11-27 10:08:00]INFO-one_API_2-103: set_args
[2022-11-27 10:08:00]INFO-one_API_2-103: set_args
[2022-11-27 10:08:00]INFO-one_API_2-103: set_args
[2022-11-27 10:08:00]INFO-httpclient_A-28: url: http://172.81.250.56:13575/do/auth/request
[2022-11-27 10:08:20]INFO-one_API_2-26: 
========================================================测试用例开始执行========================================================
[2022-11-27 10:08:20]INFO-one_API_2-33: setup
[2022-11-27 10:08:20]INFO-one_API_2-47: 
========================================================测试用例执行完毕========================================================
[2022-11-27 10:08:20]INFO-httpclient_A-28: url: http://172.81.250.56:13575/do/test/request
[2022-11-27 10:08:36]INFO-one_API_2-26: 
========================================================测试用例开始执行========================================================
[2022-11-27 10:08:36]INFO-one_API_2-33: setup
[2022-11-27 10:08:36]INFO-one_API_2-47: 
========================================================测试用例执行完毕========================================================
[2022-11-27 10:08:36]INFO-httpclient_A-28: url: http://172.81.250.56:13575/do/test/request
[2022-11-27 10:08:43]INFO-one_API_2-26: 
========================================================测试用例开始执行========================================================
[2022-11-27 10:08:43]INFO-one_API_2-33: setup
[2022-11-27 10:08:43]INFO-one_API_2-47: 
========================================================测试用例执行完毕========================================================
[2022-11-27 10:08:43]INFO-httpclient_A-28: url: http://172.81.250.56:13575/do/test/request
[2022-11-27 10:09:01]INFO-one_API_2-26: 
========================================================测试用例开始执行========================================================
[2022-11-27 10:09:01]INFO-one_API_2-33: setup
[2022-11-27 10:09:01]INFO-one_API_2-47: 
========================================================测试用例执行完毕========================================================
[2022-11-27 10:09:01]INFO-httpclient_A-28: url: http://172.81.250.56:13575/do/test/request
[2022-11-27 10:09:01]INFO-one_API_2-103: set_args
[2022-11-27 10:09:01]INFO-one_API_2-103: set_args
[2022-11-27 10:09:01]INFO-one_API_2-103: set_args
[2022-11-27 10:09:01]INFO-one_API_2-103: set_args
[2022-11-27 10:09:01]INFO-httpclient_A-28: url: http://172.81.250.56:13575/do/auth/request
[2022-11-27 10:11:02]INFO-one_API_2-26: 
========================================================测试用例开始执行========================================================
[2022-11-27 10:11:02]INFO-one_API_2-33: setup
[2022-11-27 10:11:02]INFO-one_API_2-47: 
========================================================测试用例执行完毕========================================================
[2022-11-27 10:11:02]INFO-httpclient_A-29: url: http://172.81.250.56:13575/do/test/request
[2022-11-27 10:11:02]INFO-one_API_2-103: set_args
[2022-11-27 10:11:02]INFO-one_API_2-103: set_args
[2022-11-27 10:11:02]INFO-one_API_2-103: set_args
[2022-11-27 10:11:02]INFO-one_API_2-103: set_args
[2022-11-27 10:11:02]INFO-httpclient_A-29: url: http://172.81.250.56:13575/do/auth/request
[2022-11-27 10:18:02]INFO-one_API_2-26: 
========================================================测试用例开始执行========================================================
[2022-11-27 10:18:02]INFO-one_API_2-33: setup
[2022-11-27 10:18:02]INFO-one_API_2-47: 
========================================================测试用例执行完毕========================================================
[2022-11-27 10:18:02]INFO-httpclient_A-29: url: http://172.81.250.56:13575/do/test/request
[2022-11-27 10:18:02]INFO-one_API_2-103: set_args
[2022-11-27 10:18:02]INFO-one_API_2-103: set_args
[2022-11-27 10:18:02]INFO-one_API_2-103: set_args
[2022-11-27 10:18:02]INFO-one_API_2-103: set_args
[2022-11-27 10:23:03]INFO-one_API_2-26: 
========================================================测试用例开始执行========================================================
[2022-11-27 10:23:03]INFO-one_API_2-33: setup
[2022-11-27 10:23:03]INFO-one_API_2-47: 
========================================================测试用例执行完毕========================================================
[2022-11-27 10:23:03]INFO-httpclient_A-29: url: http://172.81.250.56:13575/do/test/request
[2022-11-27 10:23:04]INFO-one_API_2-104: set_args
[2022-11-27 10:23:04]INFO-one_API_2-104: set_args
[2022-11-27 10:23:04]INFO-one_API_2-104: set_args
[2022-11-27 10:23:04]INFO-one_API_2-104: set_args
[2022-11-27 10:23:35]INFO-one_API_2-26: 
========================================================测试用例开始执行========================================================
[2022-11-27 10:23:35]INFO-one_API_2-33: setup
[2022-11-27 10:23:35]INFO-one_API_2-47: 
========================================================测试用例执行完毕========================================================
[2022-11-27 10:23:35]INFO-httpclient_A-29: url: http://172.81.250.56:13575/do/test/request
[2022-11-27 10:23:36]INFO-one_API_2-104: set_args
[2022-11-27 10:23:36]INFO-one_API_2-104: set_args
[2022-11-27 10:23:36]INFO-one_API_2-104: set_args
[2022-11-27 10:23:36]INFO-one_API_2-104: set_args
[2022-11-27 10:25:27]INFO-one_API_2-26: 
========================================================测试用例开始执行========================================================
[2022-11-27 10:25:27]INFO-one_API_2-33: setup
[2022-11-27 10:25:27]INFO-one_API_2-47: 
========================================================测试用例执行完毕========================================================
[2022-11-27 10:25:27]INFO-httpclient_A-29: url: http://172.81.250.56:13575/do/test/request
[2022-11-27 10:25:27]INFO-one_API_2-104: set_args
[2022-11-27 10:25:27]INFO-one_API_2-104: set_args
[2022-11-27 10:25:27]INFO-one_API_2-104: set_args
[2022-11-27 10:25:27]INFO-one_API_2-104: set_args
[2022-11-27 10:26:53]INFO-one_API_2-26: 
========================================================测试用例开始执行========================================================
[2022-11-27 10:26:53]INFO-one_API_2-33: setup
[2022-11-27 10:26:53]INFO-one_API_2-47: 
========================================================测试用例执行完毕========================================================
[2022-11-27 10:26:53]INFO-httpclient_A-29: url: http://172.81.250.56:13575/do/test/request
[2022-11-27 10:26:53]INFO-one_API_2-104: set_args
[2022-11-27 10:26:53]INFO-one_API_2-104: set_args
[2022-11-27 10:26:53]INFO-one_API_2-104: set_args
[2022-11-27 10:26:53]INFO-one_API_2-104: set_args
[2022-11-27 10:28:15]INFO-one_API_2-26: 
========================================================测试用例开始执行========================================================
[2022-11-27 10:28:15]INFO-one_API_2-33: setup
[2022-11-27 10:28:15]INFO-one_API_2-47: 
========================================================测试用例执行完毕========================================================
[2022-11-27 10:28:15]INFO-httpclient_A-29: url: http://172.81.250.56:13575/do/test/request
[2022-11-27 10:28:15]INFO-one_API_2-104: set_args
[2022-11-27 10:28:15]INFO-one_API_2-104: set_args
[2022-11-27 10:28:15]INFO-one_API_2-104: set_args
[2022-11-27 10:28:15]INFO-one_API_2-104: set_args
[2022-11-27 10:28:15]INFO-httpclient_A-29: url: http://172.81.250.56:13575/do/auth/request
[2022-11-27 10:33:03]INFO-one_API_2-26: 
========================================================测试用例开始执行========================================================
[2022-11-27 10:33:03]INFO-one_API_2-33: setup
[2022-11-27 10:33:03]INFO-one_API_2-47: 
========================================================测试用例执行完毕========================================================
[2022-11-27 10:33:03]INFO-httpclient_A-29: url: http://172.81.250.56:13575/do/test/request
[2022-11-27 10:33:03]INFO-one_API_2-105: set_args
[2022-11-27 10:33:03]INFO-one_API_2-105: set_args
[2022-11-27 10:33:03]INFO-one_API_2-105: set_args
[2022-11-27 10:33:03]INFO-one_API_2-105: set_args
[2022-11-27 10:33:03]INFO-httpclient_A-29: url: http://172.81.250.56:13575/do/auth/request
[2022-11-27 10:38:24]INFO-one_API_2-26: 
========================================================测试用例开始执行========================================================
[2022-11-27 10:38:24]INFO-one_API_2-33: setup
[2022-11-27 10:38:24]INFO-one_API_2-47: 
========================================================测试用例执行完毕========================================================
[2022-11-27 10:38:24]INFO-httpclient_A-29: url: http://172.81.250.56:13575/do/test/request
[2022-11-27 10:38:24]INFO-one_API_2-105: set_args
[2022-11-27 10:38:24]INFO-one_API_2-105: set_args
[2022-11-27 10:38:24]INFO-one_API_2-105: set_args
[2022-11-27 10:38:24]INFO-one_API_2-105: set_args
[2022-11-27 10:38:24]INFO-httpclient_A-29: url: http://172.81.250.56:13575/do/auth/request
[2022-11-27 10:39:56]INFO-one_API_2-26: 
========================================================测试用例开始执行========================================================
[2022-11-27 10:39:56]INFO-one_API_2-33: setup
[2022-11-27 10:39:56]INFO-one_API_2-47: 
========================================================测试用例执行完毕========================================================
[2022-11-27 10:39:56]INFO-httpclient_A-29: url: http://172.81.250.56:13575/do/test/request
[2022-11-27 10:39:56]INFO-one_API_2-105: set_args
[2022-11-27 10:39:56]INFO-one_API_2-105: set_args
[2022-11-27 10:39:56]INFO-one_API_2-105: set_args
[2022-11-27 10:39:56]INFO-one_API_2-105: set_args
[2022-11-27 10:40:33]INFO-one_API_2-26: 
========================================================测试用例开始执行========================================================
[2022-11-27 10:40:33]INFO-one_API_2-33: setup
[2022-11-27 10:40:33]INFO-one_API_2-47: 
========================================================测试用例执行完毕========================================================
[2022-11-27 10:40:33]INFO-httpclient_A-29: url: http://172.81.250.56:13575/do/test/request
[2022-11-27 10:40:33]INFO-one_API_2-105: set_args
[2022-11-27 10:40:33]INFO-one_API_2-105: set_args
[2022-11-27 10:40:33]INFO-one_API_2-105: set_args
[2022-11-27 10:40:33]INFO-one_API_2-105: set_args
[2022-11-27 10:40:33]INFO-httpclient_A-29: url: http://172.81.250.56:13575/do/auth/request
[2022-11-27 10:43:40]INFO-one_API_2-26: 
========================================================测试用例开始执行========================================================
[2022-11-27 10:43:40]INFO-one_API_2-33: setup
[2022-11-27 10:43:40]INFO-one_API_2-47: 
========================================================测试用例执行完毕========================================================
[2022-11-27 10:43:40]INFO-httpclient_A-29: url: http://172.81.250.56:13575/do/test/request
[2022-11-27 10:43:40]INFO-one_API_2-103: set_args
[2022-11-27 10:43:40]INFO-one_API_2-103: set_args
[2022-11-27 10:43:40]INFO-one_API_2-103: set_args
[2022-11-27 10:43:40]INFO-one_API_2-103: set_args
[2022-11-27 10:43:40]INFO-httpclient_A-29: url: http://172.81.250.56:13575/do/auth/request
[2022-11-27 10:44:09]INFO-one_API_2-26: 
========================================================测试用例开始执行========================================================
[2022-11-27 10:44:09]INFO-one_API_2-33: setup
[2022-11-27 10:44:09]INFO-one_API_2-47: 
========================================================测试用例执行完毕========================================================
[2022-11-27 10:44:09]INFO-httpclient_A-29: url: http://172.81.250.56:13575/do/test/request
[2022-11-27 10:44:09]INFO-one_API_2-103: set_args
[2022-11-27 10:44:09]INFO-one_API_2-103: set_args
[2022-11-27 10:44:09]INFO-one_API_2-103: set_args
[2022-11-27 10:44:09]INFO-one_API_2-103: set_args
[2022-11-27 10:44:09]INFO-httpclient_A-29: url: http://172.81.250.56:13575/do/auth/request
[2022-11-27 10:45:28]INFO-one_API_2-26: 
========================================================测试用例开始执行========================================================
[2022-11-27 10:45:28]INFO-one_API_2-33: setup
[2022-11-27 10:45:28]INFO-one_API_2-47: 
========================================================测试用例执行完毕========================================================
[2022-11-27 10:45:28]INFO-httpclient_A-29: url: http://172.81.250.56:13575/do/test/request
[2022-11-27 10:45:28]INFO-one_API_2-103: set_args
[2022-11-27 10:45:28]INFO-one_API_2-103: set_args
[2022-11-27 10:45:28]INFO-one_API_2-103: set_args
[2022-11-27 10:45:28]INFO-one_API_2-103: set_args
[2022-11-27 10:45:28]INFO-httpclient_A-29: url: http://172.81.250.56:13575/do/auth/request
[2022-11-27 10:45:47]INFO-one_API_2-26: 
========================================================测试用例开始执行========================================================
[2022-11-27 10:45:47]INFO-one_API_2-33: setup
[2022-11-27 10:45:47]INFO-one_API_2-47: 
========================================================测试用例执行完毕========================================================
[2022-11-27 10:45:47]INFO-httpclient_A-29: url: http://172.81.250.56:13575/do/test/request
[2022-11-27 10:45:47]INFO-one_API_2-103: set_args
[2022-11-27 10:45:47]INFO-one_API_2-103: set_args
[2022-11-27 10:45:47]INFO-one_API_2-103: set_args
[2022-11-27 10:45:47]INFO-one_API_2-103: set_args
[2022-11-27 10:45:47]INFO-httpclient_A-29: url: http://172.81.250.56:13575/do/auth/request
[2022-11-27 10:48:39]INFO-one_API_2-26: 
========================================================测试用例开始执行========================================================
[2022-11-27 10:48:39]INFO-one_API_2-33: setup
[2022-11-27 10:48:39]INFO-one_API_2-47: 
========================================================测试用例执行完毕========================================================
[2022-11-27 10:48:39]INFO-httpclient_A-29: url: http://172.81.250.56:13575/do/test/request
[2022-11-27 10:48:39]INFO-one_API_2-103: set_args
[2022-11-27 10:48:39]INFO-one_API_2-103: set_args
[2022-11-27 10:48:39]INFO-one_API_2-103: set_args
[2022-11-27 10:48:39]INFO-one_API_2-103: set_args
[2022-11-27 10:48:39]INFO-httpclient_A-29: url: http://172.81.250.56:13575/do/auth/request
[2022-11-27 10:53:58]INFO-one_API_2-26: 
========================================================测试用例开始执行========================================================
[2022-11-27 10:53:58]INFO-one_API_2-33: setup
[2022-11-27 10:53:58]INFO-one_API_2-47: 
========================================================测试用例执行完毕========================================================
[2022-11-27 10:53:58]INFO-httpclient_A-29: url: http://172.81.250.56:13575/do/test/request
[2022-11-27 10:53:58]INFO-one_API_2-103: set_args
[2022-11-27 10:53:58]INFO-one_API_2-103: set_args
[2022-11-27 10:53:58]INFO-one_API_2-103: set_args
[2022-11-27 10:53:58]INFO-one_API_2-103: set_args
[2022-11-27 10:53:58]INFO-httpclient_A-29: url: http://172.81.250.56:13575/do/auth/request
[2022-11-27 10:56:51]INFO-one_API_2-26: 
========================================================测试用例开始执行========================================================
[2022-11-27 10:56:51]INFO-one_API_2-33: setup
[2022-11-27 10:56:51]INFO-one_API_2-47: 
========================================================测试用例执行完毕========================================================
[2022-11-27 10:56:51]INFO-httpclient_A-29: url: http://172.81.250.56:13575/do/test/request
[2022-11-27 10:56:51]INFO-one_API_2-103: set_args
[2022-11-27 10:56:51]INFO-one_API_2-103: set_args
[2022-11-27 10:56:51]INFO-one_API_2-103: set_args
[2022-11-27 10:56:51]INFO-one_API_2-103: set_args
[2022-11-27 10:56:51]INFO-httpclient_A-29: url: http://172.81.250.56:13575/do/auth/request
