[2022-11-24 09:48:46]INFO-one_API-24: 
========================================================测试用例开始执行========================================================
[2022-11-24 09:48:46]INFO-one_API-32: setup
[2022-11-24 09:48:46]INFO-one_API-46: 
========================================================测试用例执行完毕========================================================
[2022-11-24 09:48:46]INFO-httpclient-22: url: https://172.81.250.56:13574/do/test/request
[2022-11-24 09:56:44]INFO-one_API-24: 
========================================================测试用例开始执行========================================================
[2022-11-24 09:56:44]INFO-one_API-32: setup
[2022-11-24 09:56:44]INFO-one_API-46: 
========================================================测试用例执行完毕========================================================
[2022-11-24 09:56:44]INFO-httpclient-22: url: https://172.81.250.56:13574/do/test/request
[2022-11-24 09:59:49]INFO-one_API-24: 
========================================================测试用例开始执行========================================================
[2022-11-24 09:59:49]INFO-one_API-32: setup
[2022-11-24 09:59:49]INFO-one_API-46: 
========================================================测试用例执行完毕========================================================
[2022-11-24 09:59:49]INFO-httpclient-22: url: https://172.81.250.56:13574/do/test/request
[2022-11-24 10:00:20]INFO-one_API-24: 
========================================================测试用例开始执行========================================================
[2022-11-24 10:00:20]INFO-one_API-32: setup
[2022-11-24 10:00:20]INFO-one_API-46: 
========================================================测试用例执行完毕========================================================
[2022-11-24 10:00:20]INFO-httpclient-22: url: https://172.81.250.56:13574/do/test/request
[2022-11-24 10:03:26]INFO-one_API-24: 
========================================================测试用例开始执行========================================================
[2022-11-24 10:03:26]INFO-one_API-32: setup
[2022-11-24 10:03:26]INFO-one_API-46: 
========================================================测试用例执行完毕========================================================
[2022-11-24 10:03:26]INFO-httpclient-25: url: https://172.81.250.56:13574/do/test/request
[2022-11-24 10:07:30]INFO-one_API-24: 
========================================================测试用例开始执行========================================================
[2022-11-24 10:07:30]INFO-one_API-32: setup
[2022-11-24 10:07:30]INFO-one_API-46: 
========================================================测试用例执行完毕========================================================
[2022-11-24 10:07:30]INFO-httpclient-24: url: https://172.81.250.56:13574/do/test/request
[2022-11-24 10:33:15]INFO-one_API-24: 
========================================================测试用例开始执行========================================================
[2022-11-24 10:33:15]INFO-one_API-32: setup
[2022-11-24 10:33:15]INFO-one_API-46: 
========================================================测试用例执行完毕========================================================
[2022-11-24 10:37:14]INFO-one_API-24: 
========================================================测试用例开始执行========================================================
[2022-11-24 10:37:14]INFO-one_API-32: setup
[2022-11-24 10:37:14]INFO-one_API-46: 
========================================================测试用例执行完毕========================================================
[2022-11-24 10:37:14]INFO-httpclient-24: url: http://172.81.250.56:13574/do/test/request
[2022-11-24 10:38:48]INFO-one_API-24: 
========================================================测试用例开始执行========================================================
[2022-11-24 10:38:48]INFO-one_API-32: setup
[2022-11-24 10:38:48]INFO-one_API-46: 
========================================================测试用例执行完毕========================================================
[2022-11-24 10:38:48]INFO-httpclient-24: url: http://172.81.250.56:13574/do/test/request
[2022-11-24 10:39:30]INFO-one_API-24: 
========================================================测试用例开始执行========================================================
[2022-11-24 10:39:30]INFO-one_API-32: setup
[2022-11-24 10:39:30]INFO-one_API-46: 
========================================================测试用例执行完毕========================================================
[2022-11-24 10:39:30]INFO-httpclient-24: url: http://172.81.250.56:13574/do/test/request
[2022-11-24 10:39:59]INFO-one_API-24: 
========================================================测试用例开始执行========================================================
[2022-11-24 10:39:59]INFO-one_API-32: setup
[2022-11-24 10:39:59]INFO-one_API-46: 
========================================================测试用例执行完毕========================================================
[2022-11-24 10:39:59]INFO-httpclient-24: url: http://172.81.250.56:13575/do/test/request
[2022-11-24 10:49:11]INFO-one_API-24: 
========================================================测试用例开始执行========================================================
[2022-11-24 10:49:11]INFO-one_API-32: setup
[2022-11-24 10:49:11]INFO-one_API-46: 
========================================================测试用例执行完毕========================================================
[2022-11-24 10:49:11]INFO-httpclient-24: url: http://172.81.250.56:13575/do/test/request
[2022-11-24 11:29:17]INFO-one_API-24: 
========================================================测试用例开始执行========================================================
[2022-11-24 11:29:17]INFO-one_API-32: setup
[2022-11-24 11:29:17]INFO-one_API-46: 
========================================================测试用例执行完毕========================================================
[2022-11-24 11:29:17]INFO-httpclient_A-24: url: http://172.81.250.56:13575/do/test/request
[2022-11-24 11:29:17]INFO-one_API-84: set_args
[2022-11-24 11:31:19]INFO-one_API-24: 
========================================================测试用例开始执行========================================================
[2022-11-24 11:31:19]INFO-one_API-32: setup
[2022-11-24 11:31:19]INFO-one_API-46: 
========================================================测试用例执行完毕========================================================
[2022-11-24 11:31:19]INFO-httpclient_A-24: url: http://172.81.250.56:13575/do/test/request
[2022-11-24 11:31:19]INFO-one_API-84: set_args
[2022-11-24 11:31:27]INFO-one_API-24: 
========================================================测试用例开始执行========================================================
[2022-11-24 11:31:27]INFO-one_API-32: setup
[2022-11-24 11:31:27]INFO-one_API-46: 
========================================================测试用例执行完毕========================================================
[2022-11-24 11:31:27]INFO-httpclient_A-24: url: http://172.81.250.56:13575/do/test/request
[2022-11-24 11:32:25]INFO-one_API-24: 
========================================================测试用例开始执行========================================================
[2022-11-24 11:32:25]INFO-one_API-32: setup
[2022-11-24 11:32:25]INFO-one_API-46: 
========================================================测试用例执行完毕========================================================
[2022-11-24 11:32:25]INFO-httpclient_A-24: url: http://172.81.250.56:13575/do/test/request
[2022-11-24 11:32:35]INFO-one_API-24: 
========================================================测试用例开始执行========================================================
[2022-11-24 11:32:35]INFO-one_API-32: setup
[2022-11-24 11:32:35]INFO-one_API-46: 
========================================================测试用例执行完毕========================================================
[2022-11-24 11:32:35]INFO-httpclient_A-24: url: http://172.81.250.56:13575/do/test/request
[2022-11-24 11:37:05]INFO-one_API-24: 
========================================================测试用例开始执行========================================================
[2022-11-24 11:37:05]INFO-one_API-32: setup
[2022-11-24 11:37:05]INFO-one_API-46: 
========================================================测试用例执行完毕========================================================
[2022-11-24 11:37:05]INFO-httpclient_A-24: url: http://172.81.250.56:13575/do/test/request
[2022-11-24 11:37:05]INFO-one_API-84: set_args
[2022-11-24 11:37:06]INFO-one_API-24: 
========================================================测试用例开始执行========================================================
[2022-11-24 11:37:06]INFO-one_API-32: setup
[2022-11-24 11:37:06]INFO-one_API-46: 
========================================================测试用例执行完毕========================================================
[2022-11-24 11:37:06]INFO-httpclient_A-24: url: http://172.81.250.56:13575/do/test/request
[2022-11-24 11:37:48]INFO-one_API-24: 
========================================================测试用例开始执行========================================================
[2022-11-24 11:37:48]INFO-one_API-32: setup
[2022-11-24 11:37:48]INFO-one_API-46: 
========================================================测试用例执行完毕========================================================
[2022-11-24 11:37:48]INFO-httpclient_A-24: url: http://172.81.250.56:13575/do/test/request
[2022-11-24 11:37:48]INFO-one_API-84: set_args
[2022-11-24 11:37:48]INFO-one_API-24: 
========================================================测试用例开始执行========================================================
[2022-11-24 11:37:48]INFO-one_API-32: setup
[2022-11-24 11:37:48]INFO-one_API-46: 
========================================================测试用例执行完毕========================================================
[2022-11-24 11:37:48]INFO-httpclient_A-24: url: http://172.81.250.56:13575/do/test/request
[2022-11-24 11:42:36]INFO-one_API1-24: 
========================================================测试用例开始执行========================================================
[2022-11-24 11:42:36]INFO-one_API1-32: setup
[2022-11-24 11:42:36]INFO-one_API1-46: 
========================================================测试用例执行完毕========================================================
[2022-11-24 11:42:36]INFO-httpclient_A-24: url: http://172.81.250.56:13575/do/test/request
[2022-11-24 11:42:36]INFO-one_API1-84: set_args
[2022-11-24 11:42:36]INFO-one_API1-24: 
========================================================测试用例开始执行========================================================
[2022-11-24 11:42:36]INFO-one_API1-32: setup
[2022-11-24 11:42:36]INFO-one_API1-46: 
========================================================测试用例执行完毕========================================================
[2022-11-24 11:42:36]INFO-httpclient_A-24: url: http://172.81.250.56:13575/do/test/request
[2022-11-24 11:44:27]INFO-one_API1-24: 
========================================================测试用例开始执行========================================================
[2022-11-24 11:44:27]INFO-one_API1-32: setup
[2022-11-24 11:44:27]INFO-one_API1-46: 
========================================================测试用例执行完毕========================================================
[2022-11-24 11:44:27]INFO-httpclient_A-24: url: http://172.81.250.56:13575/do/test/request
[2022-11-24 11:44:27]INFO-one_API1-84: set_args
[2022-11-24 11:44:27]INFO-one_API1-24: 
========================================================测试用例开始执行========================================================
[2022-11-24 11:44:27]INFO-one_API1-32: setup
[2022-11-24 11:44:27]INFO-one_API1-46: 
========================================================测试用例执行完毕========================================================
[2022-11-24 11:44:27]INFO-httpclient_A-24: url: http://172.81.250.56:13575/do/test/request
[2022-11-24 11:53:47]INFO-one_API1-24: 
========================================================测试用例开始执行========================================================
[2022-11-24 11:53:47]INFO-one_API1-32: setup
[2022-11-24 11:53:47]INFO-one_API1-46: 
========================================================测试用例执行完毕========================================================
[2022-11-24 11:53:47]INFO-httpclient_A-24: url: http://172.81.250.56:13575/do/test/request
[2022-11-24 11:53:47]INFO-one_API1-24: 
========================================================测试用例开始执行========================================================
[2022-11-24 11:53:47]INFO-one_API1-32: setup
[2022-11-24 11:53:47]INFO-one_API1-46: 
========================================================测试用例执行完毕========================================================
[2022-11-24 11:53:47]INFO-httpclient_A-24: url: http://172.81.250.56:13575/do/test/request
[2022-11-24 11:54:06]INFO-one_API1-24: 
========================================================测试用例开始执行========================================================
[2022-11-24 11:54:06]INFO-one_API1-32: setup
[2022-11-24 11:54:06]INFO-one_API1-46: 
========================================================测试用例执行完毕========================================================
[2022-11-24 11:54:06]INFO-httpclient_A-24: url: http://172.81.250.56:13575/do/test/request
[2022-11-24 11:54:06]INFO-one_API1-90: set_args
[2022-11-24 11:54:06]INFO-one_API1-24: 
========================================================测试用例开始执行========================================================
[2022-11-24 11:54:06]INFO-one_API1-32: setup
[2022-11-24 11:54:06]INFO-one_API1-46: 
========================================================测试用例执行完毕========================================================
[2022-11-24 11:54:06]INFO-httpclient_A-24: url: http://172.81.250.56:13575/do/test/request
[2022-11-24 11:56:56]INFO-one_API1-24: 
========================================================测试用例开始执行========================================================
[2022-11-24 11:56:56]INFO-one_API1-32: setup
[2022-11-24 11:56:56]INFO-one_API1-46: 
========================================================测试用例执行完毕========================================================
[2022-11-24 11:56:56]INFO-httpclient_A-24: url: http://172.81.250.56:13575/do/test/request
[2022-11-24 11:56:56]INFO-one_API1-24: 
========================================================测试用例开始执行========================================================
[2022-11-24 11:56:56]INFO-one_API1-32: setup
[2022-11-24 11:56:56]INFO-one_API1-46: 
========================================================测试用例执行完毕========================================================
[2022-11-24 11:56:56]INFO-httpclient_A-24: url: http://172.81.250.56:13575/do/test/request
[2022-11-24 16:32:43]INFO-one_API1-24: 
========================================================测试用例开始执行========================================================
[2022-11-24 16:32:43]INFO-one_API1-32: setup
[2022-11-24 16:32:43]INFO-one_API1-46: 
========================================================测试用例执行完毕========================================================
[2022-11-24 16:32:43]INFO-httpclient_A-24: url: http://172.81.250.56:13575/do/test/request
[2022-11-24 16:32:43]INFO-one_API1-24: 
========================================================测试用例开始执行========================================================
[2022-11-24 16:32:43]INFO-one_API1-32: setup
[2022-11-24 16:32:43]INFO-one_API1-46: 
========================================================测试用例执行完毕========================================================
[2022-11-24 16:32:43]INFO-httpclient_A-24: url: http://172.81.250.56:13575/do/test/request
[2022-11-24 16:38:37]INFO-one_API1-24: 
========================================================测试用例开始执行========================================================
[2022-11-24 16:38:37]INFO-one_API1-32: setup
[2022-11-24 16:38:37]INFO-one_API1-46: 
========================================================测试用例执行完毕========================================================
[2022-11-24 16:41:59]INFO-one_API1-24: 
========================================================测试用例开始执行========================================================
[2022-11-24 16:41:59]INFO-one_API1-32: setup
[2022-11-24 16:41:59]INFO-one_API1-46: 
========================================================测试用例执行完毕========================================================
[2022-11-24 16:43:44]INFO-one_API1-24: 
========================================================测试用例开始执行========================================================
[2022-11-24 16:43:44]INFO-one_API1-32: setup
[2022-11-24 16:43:44]INFO-one_API1-46: 
========================================================测试用例执行完毕========================================================
[2022-11-24 16:45:52]INFO-one_API1-24: 
========================================================测试用例开始执行========================================================
[2022-11-24 16:45:52]INFO-one_API1-32: setup
[2022-11-24 16:45:52]INFO-one_API1-46: 
========================================================测试用例执行完毕========================================================
[2022-11-24 16:46:54]INFO-one_API1-24: 
========================================================测试用例开始执行========================================================
[2022-11-24 16:46:54]INFO-one_API1-32: setup
[2022-11-24 16:46:54]INFO-one_API1-46: 
========================================================测试用例执行完毕========================================================
[2022-11-24 16:47:44]INFO-one_API_2-24: 
========================================================测试用例开始执行========================================================
[2022-11-24 16:47:44]INFO-one_API_2-32: setup
[2022-11-24 16:47:44]INFO-one_API_2-46: 
========================================================测试用例执行完毕========================================================
[2022-11-24 16:47:44]INFO-httpclient_A-24: url: http://172.81.250.56:13575/do/test/request
[2022-11-24 16:48:07]INFO-one_API_2-24: 
========================================================测试用例开始执行========================================================
[2022-11-24 16:48:07]INFO-one_API_2-32: setup
[2022-11-24 16:48:07]INFO-one_API_2-46: 
========================================================测试用例执行完毕========================================================
[2022-11-24 16:48:07]INFO-httpclient_A-24: url: http://172.81.250.56:13575/do/test/request
[2022-11-24 17:03:41]INFO-one_API_2-28: 
========================================================测试用例开始执行========================================================
[2022-11-24 17:03:41]INFO-one_API_2-36: setup
[2022-11-24 17:03:41]INFO-one_API_2-50: 
========================================================测试用例执行完毕========================================================
[2022-11-24 17:03:41]INFO-httpclient_A-24: url: http://172.81.250.56:13575/do/test/request
[2022-11-24 17:06:06]INFO-one_API_2-30: 
========================================================测试用例开始执行========================================================
[2022-11-24 17:06:06]INFO-one_API_2-38: setup
[2022-11-24 17:06:06]INFO-one_API_2-52: 
========================================================测试用例执行完毕========================================================
[2022-11-24 17:06:06]INFO-httpclient_A-24: url: http://172.81.250.56:13575/do/test/request
[2022-11-24 17:07:51]INFO-one_API_2-30: 
========================================================测试用例开始执行========================================================
[2022-11-24 17:07:51]INFO-one_API_2-38: setup
[2022-11-24 17:07:51]INFO-one_API_2-52: 
========================================================测试用例执行完毕========================================================
[2022-11-24 17:07:51]INFO-httpclient_A-24: url: http://172.81.250.56:13575/do/test/request
[2022-11-24 17:08:29]INFO-one_API_2-30: 
========================================================测试用例开始执行========================================================
[2022-11-24 17:08:29]INFO-one_API_2-38: setup
[2022-11-24 17:08:29]INFO-one_API_2-52: 
========================================================测试用例执行完毕========================================================
[2022-11-24 17:08:29]INFO-httpclient_A-24: url: http://172.81.250.56:13575/do/test/request
[2022-11-24 17:08:57]INFO-one_API_2-30: 
========================================================测试用例开始执行========================================================
[2022-11-24 17:08:57]INFO-one_API_2-38: setup
[2022-11-24 17:08:57]INFO-one_API_2-52: 
========================================================测试用例执行完毕========================================================
[2022-11-24 17:08:57]INFO-httpclient_A-24: url: http://172.81.250.56:13575/do/test/request
[2022-11-24 17:09:17]INFO-one_API_2-32: 
========================================================测试用例开始执行========================================================
[2022-11-24 17:09:17]INFO-one_API_2-40: setup
[2022-11-24 17:09:17]INFO-one_API_2-54: 
========================================================测试用例执行完毕========================================================
[2022-11-24 17:09:17]INFO-httpclient_A-24: url: http://172.81.250.56:13575/do/test/request
[2022-11-24 17:11:20]INFO-one_API_2-28: 
========================================================测试用例开始执行========================================================
[2022-11-24 17:11:20]INFO-one_API_2-36: setup
[2022-11-24 17:11:20]INFO-one_API_2-50: 
========================================================测试用例执行完毕========================================================
[2022-11-24 17:11:20]INFO-httpclient_A-24: url: http://172.81.250.56:13575/do/test/request
[2022-11-24 17:12:14]INFO-one_API_2-27: 
========================================================测试用例开始执行========================================================
[2022-11-24 17:12:14]INFO-one_API_2-35: setup
[2022-11-24 17:12:14]INFO-one_API_2-49: 
========================================================测试用例执行完毕========================================================
[2022-11-24 17:12:14]INFO-httpclient_A-24: url: http://172.81.250.56:13575/do/test/request
[2022-11-24 17:12:47]INFO-one_API_2-25: 
========================================================测试用例开始执行========================================================
[2022-11-24 17:12:47]INFO-one_API_2-33: setup
[2022-11-24 17:12:47]INFO-one_API_2-47: 
========================================================测试用例执行完毕========================================================
[2022-11-24 17:12:47]INFO-httpclient_A-24: url: http://172.81.250.56:13575/do/test/request
[2022-11-24 17:15:15]INFO-one_API_2-25: 
========================================================测试用例开始执行========================================================
[2022-11-24 17:15:15]INFO-one_API_2-34: setup
[2022-11-24 17:15:15]INFO-one_API_2-48: 
========================================================测试用例执行完毕========================================================
[2022-11-24 17:15:15]INFO-httpclient_A-24: url: http://172.81.250.56:13575/do/test/request
[2022-11-24 17:16:21]INFO-one_API_2-25: 
========================================================测试用例开始执行========================================================
[2022-11-24 17:16:21]INFO-one_API_2-34: setup
[2022-11-24 17:16:21]INFO-one_API_2-48: 
========================================================测试用例执行完毕========================================================
[2022-11-24 17:16:21]INFO-httpclient_A-24: url: http://172.81.250.56:13575/do/test/request
[2022-11-24 17:16:22]INFO-one_API_2-25: 
========================================================测试用例开始执行========================================================
[2022-11-24 17:16:22]INFO-one_API_2-34: setup
[2022-11-24 17:16:22]INFO-one_API_2-48: 
========================================================测试用例执行完毕========================================================
[2022-11-24 17:16:22]INFO-httpclient_A-24: url: http://172.81.250.56:13575/do/test/request
[2022-11-24 17:19:21]INFO-one_API_2-31: 
========================================================测试用例开始执行========================================================
[2022-11-24 17:19:21]INFO-one_API_2-38: setup
[2022-11-24 17:19:21]INFO-one_API_2-52: 
========================================================测试用例执行完毕========================================================
[2022-11-24 17:19:21]INFO-httpclient_A-24: url: http://172.81.250.56:13575/do/test/request
[2022-11-24 17:19:21]INFO-one_API_2-31: 
========================================================测试用例开始执行========================================================
[2022-11-24 17:19:21]INFO-one_API_2-38: setup
[2022-11-24 17:19:21]INFO-one_API_2-52: 
========================================================测试用例执行完毕========================================================
[2022-11-24 17:19:21]INFO-httpclient_A-24: url: http://172.81.250.56:13575/do/test/request
[2022-11-24 17:19:31]INFO-one_API_2-31: 
========================================================测试用例开始执行========================================================
[2022-11-24 17:19:31]INFO-one_API_2-38: setup
[2022-11-24 17:19:31]INFO-one_API_2-52: 
========================================================测试用例执行完毕========================================================
[2022-11-24 17:19:31]INFO-httpclient_A-24: url: http://172.81.250.56:13575/do/test/request
[2022-11-24 17:19:32]INFO-one_API_2-31: 
========================================================测试用例开始执行========================================================
[2022-11-24 17:19:32]INFO-one_API_2-38: setup
[2022-11-24 17:19:32]INFO-one_API_2-52: 
========================================================测试用例执行完毕========================================================
[2022-11-24 17:19:32]INFO-httpclient_A-24: url: http://172.81.250.56:13575/do/test/request
[2022-11-24 17:20:00]INFO-one_API_2-33: 
========================================================测试用例开始执行========================================================
[2022-11-24 17:20:00]INFO-one_API_2-40: setup
[2022-11-24 17:20:00]INFO-one_API_2-54: 
========================================================测试用例执行完毕========================================================
[2022-11-24 17:20:00]INFO-httpclient_A-24: url: http://172.81.250.56:13575/do/test/request
[2022-11-24 17:20:00]INFO-one_API_2-33: 
========================================================测试用例开始执行========================================================
[2022-11-24 17:20:00]INFO-one_API_2-40: setup
[2022-11-24 17:20:00]INFO-one_API_2-54: 
========================================================测试用例执行完毕========================================================
[2022-11-24 17:20:00]INFO-httpclient_A-24: url: http://172.81.250.56:13575/do/test/request
[2022-11-24 17:21:07]INFO-one_API_2-31: 
========================================================测试用例开始执行========================================================
[2022-11-24 17:21:07]INFO-one_API_2-38: setup
[2022-11-24 17:21:07]INFO-one_API_2-52: 
========================================================测试用例执行完毕========================================================
[2022-11-24 17:21:07]INFO-httpclient_A-24: url: http://172.81.250.56:13575/do/test/request
[2022-11-24 17:21:07]INFO-one_API_2-31: 
========================================================测试用例开始执行========================================================
[2022-11-24 17:21:07]INFO-one_API_2-38: setup
[2022-11-24 17:21:07]INFO-one_API_2-52: 
========================================================测试用例执行完毕========================================================
[2022-11-24 17:21:07]INFO-httpclient_A-24: url: http://172.81.250.56:13575/do/test/request
[2022-11-24 17:21:30]INFO-one_API_2-31: 
========================================================测试用例开始执行========================================================
[2022-11-24 17:21:30]INFO-one_API_2-38: setup
[2022-11-24 17:21:30]INFO-one_API_2-52: 
========================================================测试用例执行完毕========================================================
[2022-11-24 17:21:30]INFO-httpclient_A-24: url: http://172.81.250.56:13575/do/test/request
[2022-11-24 17:21:30]INFO-one_API_2-31: 
========================================================测试用例开始执行========================================================
[2022-11-24 17:21:30]INFO-one_API_2-38: setup
[2022-11-24 17:21:30]INFO-one_API_2-52: 
========================================================测试用例执行完毕========================================================
[2022-11-24 17:21:30]INFO-httpclient_A-24: url: http://172.81.250.56:13575/do/test/request
[2022-11-24 17:22:01]INFO-one_API_2-31: 
========================================================测试用例开始执行========================================================
[2022-11-24 17:22:01]INFO-one_API_2-38: setup
[2022-11-24 17:22:01]INFO-one_API_2-52: 
========================================================测试用例执行完毕========================================================
[2022-11-24 17:22:01]INFO-httpclient_A-24: url: http://172.81.250.56:13575/do/test/request
[2022-11-24 17:22:01]INFO-one_API_2-31: 
========================================================测试用例开始执行========================================================
[2022-11-24 17:22:01]INFO-one_API_2-38: setup
[2022-11-24 17:22:01]INFO-one_API_2-52: 
========================================================测试用例执行完毕========================================================
[2022-11-24 17:22:01]INFO-httpclient_A-24: url: http://172.81.250.56:13575/do/test/request
[2022-11-24 17:22:11]INFO-one_API_2-27: 
========================================================测试用例开始执行========================================================
[2022-11-24 17:22:11]INFO-one_API_2-34: setup
[2022-11-24 17:22:11]INFO-one_API_2-48: 
========================================================测试用例执行完毕========================================================
[2022-11-24 17:22:11]INFO-httpclient_A-24: url: http://172.81.250.56:13575/do/test/request
[2022-11-24 17:22:11]INFO-one_API_2-27: 
========================================================测试用例开始执行========================================================
[2022-11-24 17:22:11]INFO-one_API_2-34: setup
[2022-11-24 17:22:11]INFO-one_API_2-48: 
========================================================测试用例执行完毕========================================================
[2022-11-24 17:22:11]INFO-httpclient_A-24: url: http://172.81.250.56:13575/do/test/request
[2022-11-24 17:27:00]INFO-one_API_2-24: 
========================================================测试用例开始执行========================================================
[2022-11-24 17:27:00]INFO-one_API_2-31: setup
[2022-11-24 17:27:00]INFO-one_API_2-45: 
========================================================测试用例执行完毕========================================================
[2022-11-24 17:27:00]INFO-httpclient_A-24: url: http://172.81.250.56:13575/do/test/request
[2022-11-24 17:27:01]INFO-one_API_2-24: 
========================================================测试用例开始执行========================================================
[2022-11-24 17:27:01]INFO-one_API_2-31: setup
[2022-11-24 17:27:01]INFO-one_API_2-45: 
========================================================测试用例执行完毕========================================================
[2022-11-24 17:27:01]INFO-httpclient_A-24: url: http://172.81.250.56:13575/do/test/request
[2022-11-24 17:29:06]INFO-one_API_2-24: 
========================================================测试用例开始执行========================================================
[2022-11-24 17:29:06]INFO-one_API_2-31: setup
[2022-11-24 17:29:06]INFO-one_API_2-45: 
========================================================测试用例执行完毕========================================================
[2022-11-24 17:29:06]INFO-httpclient_A-24: url: http://172.81.250.56:13575/do/test/request
[2022-11-24 17:29:07]INFO-one_API_2-24: 
========================================================测试用例开始执行========================================================
[2022-11-24 17:29:07]INFO-one_API_2-31: setup
[2022-11-24 17:29:07]INFO-one_API_2-45: 
========================================================测试用例执行完毕========================================================
[2022-11-24 17:29:07]INFO-httpclient_A-24: url: http://172.81.250.56:13575/do/test/request
[2022-11-24 17:33:03]INFO-one_API_2-24: 
========================================================测试用例开始执行========================================================
[2022-11-24 17:33:03]INFO-one_API_2-31: setup
[2022-11-24 17:33:03]INFO-one_API_2-45: 
========================================================测试用例执行完毕========================================================
[2022-11-24 17:33:03]INFO-httpclient_A-24: url: http://172.81.250.56:13575/do/test/request
[2022-11-24 17:33:03]INFO-one_API_2-87: set_args
[2022-11-24 17:33:03]INFO-one_API_2-24: 
========================================================测试用例开始执行========================================================
[2022-11-24 17:33:03]INFO-one_API_2-31: setup
[2022-11-24 17:33:03]INFO-one_API_2-45: 
========================================================测试用例执行完毕========================================================
[2022-11-24 17:33:45]INFO-one_API_2-24: 
========================================================测试用例开始执行========================================================
[2022-11-24 17:33:45]INFO-one_API_2-31: setup
[2022-11-24 17:33:45]INFO-one_API_2-45: 
========================================================测试用例执行完毕========================================================
[2022-11-24 17:33:45]INFO-httpclient_A-24: url: http://172.81.250.56:13575/do/test/request
[2022-11-24 17:33:45]INFO-one_API_2-88: set_args
[2022-11-24 17:33:45]INFO-one_API_2-24: 
========================================================测试用例开始执行========================================================
[2022-11-24 17:33:45]INFO-one_API_2-31: setup
[2022-11-24 17:33:45]INFO-one_API_2-45: 
========================================================测试用例执行完毕========================================================
[2022-11-24 17:34:35]INFO-one_API_2-24: 
========================================================测试用例开始执行========================================================
[2022-11-24 17:34:35]INFO-one_API_2-31: setup
[2022-11-24 17:34:35]INFO-one_API_2-45: 
========================================================测试用例执行完毕========================================================
[2022-11-24 17:34:35]INFO-one_API_2-24: 
========================================================测试用例开始执行========================================================
[2022-11-24 17:34:35]INFO-one_API_2-31: setup
[2022-11-24 17:34:35]INFO-one_API_2-45: 
========================================================测试用例执行完毕========================================================
[2022-11-24 17:35:58]INFO-one_API_2-24: 
========================================================测试用例开始执行========================================================
[2022-11-24 17:35:58]INFO-one_API_2-31: setup
[2022-11-24 17:35:58]INFO-one_API_2-45: 
========================================================测试用例执行完毕========================================================
[2022-11-24 17:35:58]INFO-one_API_2-24: 
========================================================测试用例开始执行========================================================
[2022-11-24 17:35:58]INFO-one_API_2-31: setup
[2022-11-24 17:35:58]INFO-one_API_2-45: 
========================================================测试用例执行完毕========================================================
[2022-11-24 17:36:54]INFO-one_API_2-24: 
========================================================测试用例开始执行========================================================
[2022-11-24 17:36:54]INFO-one_API_2-31: setup
[2022-11-24 17:36:54]INFO-one_API_2-45: 
========================================================测试用例执行完毕========================================================
[2022-11-24 17:36:54]INFO-one_API_2-24: 
========================================================测试用例开始执行========================================================
[2022-11-24 17:36:54]INFO-one_API_2-31: setup
[2022-11-24 17:36:54]INFO-one_API_2-45: 
========================================================测试用例执行完毕========================================================
[2022-11-24 17:37:37]INFO-one_API_2-24: 
========================================================测试用例开始执行========================================================
[2022-11-24 17:37:37]INFO-one_API_2-31: setup
[2022-11-24 17:37:37]INFO-one_API_2-45: 
========================================================测试用例执行完毕========================================================
[2022-11-24 17:37:37]INFO-one_API_2-24: 
========================================================测试用例开始执行========================================================
[2022-11-24 17:37:37]INFO-one_API_2-31: setup
[2022-11-24 17:37:37]INFO-one_API_2-45: 
========================================================测试用例执行完毕========================================================
[2022-11-24 17:37:59]INFO-one_API_2-24: 
========================================================测试用例开始执行========================================================
[2022-11-24 17:37:59]INFO-one_API_2-31: setup
[2022-11-24 17:37:59]INFO-one_API_2-45: 
========================================================测试用例执行完毕========================================================
[2022-11-24 17:37:59]INFO-one_API_2-24: 
========================================================测试用例开始执行========================================================
[2022-11-24 17:37:59]INFO-one_API_2-31: setup
[2022-11-24 17:37:59]INFO-one_API_2-45: 
========================================================测试用例执行完毕========================================================
[2022-11-24 17:38:15]INFO-one_API_2-24: 
========================================================测试用例开始执行========================================================
[2022-11-24 17:38:15]INFO-one_API_2-31: setup
[2022-11-24 17:38:15]INFO-one_API_2-45: 
========================================================测试用例执行完毕========================================================
[2022-11-24 17:38:15]INFO-one_API_2-24: 
========================================================测试用例开始执行========================================================
[2022-11-24 17:38:15]INFO-one_API_2-31: setup
[2022-11-24 17:38:15]INFO-one_API_2-45: 
========================================================测试用例执行完毕========================================================
[2022-11-24 17:38:36]INFO-one_API_2-24: 
========================================================测试用例开始执行========================================================
[2022-11-24 17:38:36]INFO-one_API_2-31: setup
[2022-11-24 17:38:36]INFO-one_API_2-45: 
========================================================测试用例执行完毕========================================================
[2022-11-24 17:38:36]INFO-one_API_2-24: 
========================================================测试用例开始执行========================================================
[2022-11-24 17:38:36]INFO-one_API_2-31: setup
[2022-11-24 17:38:36]INFO-one_API_2-45: 
========================================================测试用例执行完毕========================================================
[2022-11-24 17:39:13]INFO-one_API_2-24: 
========================================================测试用例开始执行========================================================
[2022-11-24 17:39:13]INFO-one_API_2-31: setup
[2022-11-24 17:39:13]INFO-one_API_2-45: 
========================================================测试用例执行完毕========================================================
[2022-11-24 17:39:13]INFO-one_API_2-24: 
========================================================测试用例开始执行========================================================
[2022-11-24 17:39:13]INFO-one_API_2-31: setup
[2022-11-24 17:39:13]INFO-one_API_2-45: 
========================================================测试用例执行完毕========================================================
[2022-11-24 17:39:44]INFO-one_API_2-24: 
========================================================测试用例开始执行========================================================
[2022-11-24 17:39:44]INFO-one_API_2-31: setup
[2022-11-24 17:39:44]INFO-one_API_2-45: 
========================================================测试用例执行完毕========================================================
[2022-11-24 17:39:44]INFO-one_API_2-24: 
========================================================测试用例开始执行========================================================
[2022-11-24 17:39:44]INFO-one_API_2-31: setup
[2022-11-24 17:39:44]INFO-one_API_2-45: 
========================================================测试用例执行完毕========================================================
[2022-11-24 17:40:20]INFO-one_API_2-24: 
========================================================测试用例开始执行========================================================
[2022-11-24 17:40:20]INFO-one_API_2-31: setup
[2022-11-24 17:40:20]INFO-one_API_2-45: 
========================================================测试用例执行完毕========================================================
[2022-11-24 17:40:20]INFO-one_API_2-24: 
========================================================测试用例开始执行========================================================
[2022-11-24 17:40:20]INFO-one_API_2-31: setup
[2022-11-24 17:40:20]INFO-one_API_2-45: 
========================================================测试用例执行完毕========================================================
[2022-11-24 17:40:45]INFO-one_API_2-24: 
========================================================测试用例开始执行========================================================
[2022-11-24 17:40:45]INFO-one_API_2-31: setup
[2022-11-24 17:40:45]INFO-one_API_2-45: 
========================================================测试用例执行完毕========================================================
[2022-11-24 17:40:45]INFO-one_API_2-24: 
========================================================测试用例开始执行========================================================
[2022-11-24 17:40:45]INFO-one_API_2-31: setup
[2022-11-24 17:40:45]INFO-one_API_2-45: 
========================================================测试用例执行完毕========================================================
[2022-11-24 17:43:01]INFO-one_API_2-24: 
========================================================测试用例开始执行========================================================
[2022-11-24 17:43:01]INFO-one_API_2-31: setup
[2022-11-24 17:43:01]INFO-one_API_2-45: 
========================================================测试用例执行完毕========================================================
[2022-11-24 17:43:01]INFO-one_API_2-24: 
========================================================测试用例开始执行========================================================
[2022-11-24 17:43:01]INFO-one_API_2-31: setup
[2022-11-24 17:43:01]INFO-one_API_2-45: 
========================================================测试用例执行完毕========================================================
[2022-11-24 17:44:26]INFO-one_API_2-24: 
========================================================测试用例开始执行========================================================
[2022-11-24 17:44:26]INFO-one_API_2-31: setup
[2022-11-24 17:44:26]INFO-one_API_2-45: 
========================================================测试用例执行完毕========================================================
[2022-11-24 17:44:26]INFO-httpclient_A-24: url: http://172.81.250.56:13575/do/test/request
[2022-11-24 17:44:26]INFO-one_API_2-89: set_args
[2022-11-24 17:44:26]INFO-one_API_2-24: 
========================================================测试用例开始执行========================================================
[2022-11-24 17:44:26]INFO-one_API_2-31: setup
[2022-11-24 17:44:26]INFO-one_API_2-45: 
========================================================测试用例执行完毕========================================================
[2022-11-24 17:45:07]INFO-one_API_2-24: 
========================================================测试用例开始执行========================================================
[2022-11-24 17:45:07]INFO-one_API_2-31: setup
[2022-11-24 17:45:07]INFO-one_API_2-45: 
========================================================测试用例执行完毕========================================================
[2022-11-24 17:45:07]INFO-httpclient_A-24: url: http://172.81.250.56:13575/do/test/request
[2022-11-24 17:45:07]INFO-one_API_2-90: set_args
[2022-11-24 17:45:07]INFO-one_API_2-24: 
========================================================测试用例开始执行========================================================
[2022-11-24 17:45:07]INFO-one_API_2-31: setup
[2022-11-24 17:45:07]INFO-one_API_2-45: 
========================================================测试用例执行完毕========================================================
[2022-11-24 17:49:56]INFO-one_API_2-24: 
========================================================测试用例开始执行========================================================
[2022-11-24 17:49:56]INFO-one_API_2-31: setup
[2022-11-24 17:49:56]INFO-one_API_2-45: 
========================================================测试用例执行完毕========================================================
[2022-11-24 17:49:56]INFO-httpclient_A-24: url: http://172.81.250.56:13575/do/test/request
[2022-11-24 17:49:56]INFO-one_API_2-88: set_args
[2022-11-24 17:49:56]INFO-one_API_2-24: 
========================================================测试用例开始执行========================================================
[2022-11-24 17:49:56]INFO-one_API_2-31: setup
[2022-11-24 17:49:56]INFO-one_API_2-45: 
========================================================测试用例执行完毕========================================================
[2022-11-24 17:52:14]INFO-one_API_2-24: 
========================================================测试用例开始执行========================================================
[2022-11-24 17:52:14]INFO-one_API_2-31: setup
[2022-11-24 17:52:14]INFO-one_API_2-45: 
========================================================测试用例执行完毕========================================================
[2022-11-24 17:52:14]INFO-httpclient_A-24: url: http://172.81.250.56:13575/do/test/request
[2022-11-24 17:52:14]INFO-one_API_2-89: set_args
[2022-11-24 17:52:14]INFO-one_API_2-24: 
========================================================测试用例开始执行========================================================
[2022-11-24 17:52:14]INFO-one_API_2-31: setup
[2022-11-24 17:52:14]INFO-one_API_2-45: 
========================================================测试用例执行完毕========================================================
[2022-11-24 17:54:22]INFO-one_API_2-24: 
========================================================测试用例开始执行========================================================
[2022-11-24 17:54:22]INFO-one_API_2-31: setup
[2022-11-24 17:54:22]INFO-one_API_2-45: 
========================================================测试用例执行完毕========================================================
[2022-11-24 17:54:22]INFO-httpclient_A-24: url: http://172.81.250.56:13575/do/test/request
[2022-11-24 17:54:22]INFO-one_API_2-89: set_args
[2022-11-24 17:54:22]INFO-one_API_2-24: 
========================================================测试用例开始执行========================================================
[2022-11-24 17:54:22]INFO-one_API_2-31: setup
[2022-11-24 17:54:22]INFO-one_API_2-45: 
========================================================测试用例执行完毕========================================================
[2022-11-24 17:55:09]INFO-one_API_2-24: 
========================================================测试用例开始执行========================================================
[2022-11-24 17:55:09]INFO-one_API_2-31: setup
[2022-11-24 17:55:09]INFO-one_API_2-45: 
========================================================测试用例执行完毕========================================================
[2022-11-24 17:55:09]INFO-httpclient_A-24: url: http://172.81.250.56:13575/do/test/request
[2022-11-24 17:55:09]INFO-one_API_2-90: set_args
[2022-11-24 17:55:09]INFO-one_API_2-24: 
========================================================测试用例开始执行========================================================
[2022-11-24 17:55:09]INFO-one_API_2-31: setup
[2022-11-24 17:55:09]INFO-one_API_2-45: 
========================================================测试用例执行完毕========================================================
[2022-11-24 18:01:37]INFO-one_API_2-24: 
========================================================测试用例开始执行========================================================
[2022-11-24 18:01:37]INFO-one_API_2-31: setup
[2022-11-24 18:01:37]INFO-one_API_2-45: 
========================================================测试用例执行完毕========================================================
[2022-11-24 18:01:37]INFO-httpclient_A-24: url: http://172.81.250.56:13575/do/test/request
[2022-11-24 18:01:37]INFO-one_API_2-91: set_args
[2022-11-24 18:01:37]INFO-one_API_2-24: 
========================================================测试用例开始执行========================================================
[2022-11-24 18:01:37]INFO-one_API_2-31: setup
[2022-11-24 18:01:37]INFO-one_API_2-45: 
========================================================测试用例执行完毕========================================================
[2022-11-24 18:02:26]INFO-one_API_2-24: 
========================================================测试用例开始执行========================================================
[2022-11-24 18:02:26]INFO-one_API_2-31: setup
[2022-11-24 18:02:26]INFO-one_API_2-45: 
========================================================测试用例执行完毕========================================================
[2022-11-24 18:02:26]INFO-httpclient_A-24: url: http://172.81.250.56:13575/do/test/request
[2022-11-24 18:02:26]INFO-one_API_2-91: set_args
[2022-11-24 18:02:26]INFO-httpclient_A-24: url: http://172.81.250.56:13575/do/test/request
