[2022-11-26 19:18:54]INFO-one_API_3-24: 
========================================================测试用例开始执行========================================================
[2022-11-26 19:18:54]INFO-one_API_3-31: setup
[2022-11-26 19:18:54]INFO-one_API_3-45: 
========================================================测试用例执行完毕========================================================
[2022-11-26 19:18:54]INFO-httpclient_A-24: url: http://172.81.250.56:13575/do/test/request
[2022-11-26 19:18:54]INFO-one_API_3-90: set_args
[2022-11-26 19:18:54]INFO-one_API_3-90: set_args
[2022-11-26 19:18:54]INFO-one_API_3-90: set_args
[2022-11-26 19:18:54]INFO-one_API_3-90: set_args
[2022-11-26 19:18:54]INFO-one_API_3-90: set_args
[2022-11-26 19:18:54]INFO-one_API_3-90: set_args
[2022-11-26 19:52:56]INFO-one_API_3-24: 
========================================================测试用例开始执行========================================================
[2022-11-26 19:52:56]INFO-one_API_3-31: setup
[2022-11-26 19:52:56]INFO-one_API_3-45: 
========================================================测试用例执行完毕========================================================
[2022-11-26 19:52:56]INFO-httpclient_A-24: url: http://172.81.250.56:13575/do/test/request
[2022-11-26 19:52:57]INFO-one_API_3-90: set_args
[2022-11-26 19:52:57]INFO-one_API_3-90: set_args
[2022-11-26 19:52:57]INFO-one_API_3-90: set_args
[2022-11-26 19:52:57]INFO-one_API_3-90: set_args
[2022-11-26 19:52:57]INFO-one_API_3-90: set_args
[2022-11-26 19:52:57]INFO-one_API_3-90: set_args
[2022-11-26 19:53:35]INFO-one_API_3-24: 
========================================================测试用例开始执行========================================================
[2022-11-26 19:53:35]INFO-one_API_3-31: setup
[2022-11-26 19:53:35]INFO-one_API_3-45: 
========================================================测试用例执行完毕========================================================
[2022-11-26 20:01:51]INFO-one_API_3-24: 
========================================================测试用例开始执行========================================================
[2022-11-26 20:01:51]INFO-one_API_3-31: setup
[2022-11-26 20:01:51]INFO-one_API_3-45: 
========================================================测试用例执行完毕========================================================
[2022-11-26 20:01:51]INFO-httpclient_A-24: url: http://172.81.250.56:13575/do/test/request
[2022-11-26 20:01:51]INFO-one_API_3-92: set_args
[2022-11-26 20:01:51]INFO-one_API_3-92: set_args
[2022-11-26 20:01:51]INFO-one_API_3-92: set_args
[2022-11-26 20:01:51]INFO-one_API_3-92: set_args
[2022-11-26 20:01:51]INFO-one_API_3-92: set_args
[2022-11-26 20:01:51]INFO-one_API_3-92: set_args
[2022-11-26 20:01:54]INFO-one_API_3-24: 
========================================================测试用例开始执行========================================================
[2022-11-26 20:01:54]INFO-one_API_3-31: setup
[2022-11-26 20:01:54]INFO-one_API_3-45: 
========================================================测试用例执行完毕========================================================
[2022-11-26 20:01:54]INFO-httpclient_A-24: url: http://172.81.250.56:13575/do/test/request
[2022-11-26 20:01:54]INFO-one_API_3-92: set_args
[2022-11-26 20:01:54]INFO-one_API_3-92: set_args
[2022-11-26 20:01:54]INFO-one_API_3-92: set_args
[2022-11-26 20:01:54]INFO-one_API_3-92: set_args
[2022-11-26 20:01:54]INFO-one_API_3-92: set_args
[2022-11-26 20:01:54]INFO-one_API_3-92: set_args
[2022-11-26 20:06:02]INFO-one_API_3-24: 
========================================================测试用例开始执行========================================================
[2022-11-26 20:06:02]INFO-one_API_3-31: setup
[2022-11-26 20:06:02]INFO-one_API_3-45: 
========================================================测试用例执行完毕========================================================
[2022-11-26 20:06:02]INFO-httpclient_A-24: url: http://172.81.250.56:13575/do/test/request
[2022-11-26 20:06:02]INFO-one_API_3-91: set_args
[2022-11-26 20:06:02]INFO-one_API_3-91: set_args
[2022-11-26 20:06:02]INFO-one_API_3-91: set_args
[2022-11-26 20:06:02]INFO-one_API_3-91: set_args
[2022-11-26 20:06:02]INFO-one_API_3-91: set_args
[2022-11-26 20:06:02]INFO-one_API_3-91: set_args
[2022-11-26 20:06:19]INFO-one_API_3-24: 
========================================================测试用例开始执行========================================================
[2022-11-26 20:06:19]INFO-one_API_3-31: setup
[2022-11-26 20:06:19]INFO-one_API_3-45: 
========================================================测试用例执行完毕========================================================
[2022-11-26 20:06:19]INFO-httpclient_A-24: url: http://172.81.250.56:13575/do/test/request
[2022-11-26 20:06:19]INFO-one_API_3-91: set_args
[2022-11-26 20:06:19]INFO-one_API_3-91: set_args
[2022-11-26 20:06:19]INFO-one_API_3-91: set_args
[2022-11-26 20:06:19]INFO-one_API_3-91: set_args
[2022-11-26 20:06:19]INFO-one_API_3-91: set_args
[2022-11-26 20:06:19]INFO-one_API_3-91: set_args
[2022-11-26 20:07:23]INFO-one_API_3-24: 
========================================================测试用例开始执行========================================================
[2022-11-26 20:07:23]INFO-one_API_3-31: setup
[2022-11-26 20:07:23]INFO-one_API_3-45: 
========================================================测试用例执行完毕========================================================
[2022-11-26 20:07:23]INFO-httpclient_A-24: url: http://172.81.250.56:13575/do/test/request
[2022-11-26 20:07:23]INFO-one_API_3-91: set_args
[2022-11-26 20:07:23]INFO-one_API_3-91: set_args
[2022-11-26 20:07:23]INFO-one_API_3-91: set_args
[2022-11-26 20:07:23]INFO-one_API_3-91: set_args
[2022-11-26 20:07:23]INFO-one_API_3-91: set_args
[2022-11-26 20:07:23]INFO-one_API_3-91: set_args
[2022-11-26 20:07:23]INFO-httpclient_A-24: url: http://172.81.250.56:13575/do/auth/request
[2022-11-26 20:07:31]INFO-one_API_3-24: 
========================================================测试用例开始执行========================================================
[2022-11-26 20:07:31]INFO-one_API_3-31: setup
[2022-11-26 20:07:31]INFO-one_API_3-45: 
========================================================测试用例执行完毕========================================================
[2022-11-26 20:07:31]INFO-httpclient_A-24: url: http://172.81.250.56:13575/do/test/request
[2022-11-26 20:07:31]INFO-one_API_3-91: set_args
[2022-11-26 20:07:31]INFO-one_API_3-91: set_args
[2022-11-26 20:07:31]INFO-one_API_3-91: set_args
[2022-11-26 20:07:31]INFO-one_API_3-91: set_args
[2022-11-26 20:07:31]INFO-one_API_3-91: set_args
[2022-11-26 20:07:31]INFO-one_API_3-91: set_args
[2022-11-26 20:09:02]INFO-one_API_2-24: 
========================================================测试用例开始执行========================================================
[2022-11-26 20:09:02]INFO-one_API_2-31: setup
[2022-11-26 20:09:02]INFO-one_API_2-45: 
========================================================测试用例执行完毕========================================================
[2022-11-26 20:09:02]INFO-httpclient_A-24: url: http://172.81.250.56:13575/do/test/request
[2022-11-26 20:09:02]INFO-one_API_2-97: set_args
[2022-11-26 20:09:02]INFO-one_API_2-97: set_args
[2022-11-26 20:09:02]INFO-one_API_2-97: set_args
[2022-11-26 20:09:02]INFO-one_API_2-97: set_args
[2022-11-26 20:09:02]INFO-httpclient_A-24: url: http://172.81.250.56:13575/do/auth/request
[2022-11-26 20:12:43]INFO-one_API_2-24: 
========================================================测试用例开始执行========================================================
[2022-11-26 20:12:43]INFO-one_API_2-31: setup
[2022-11-26 20:12:43]INFO-one_API_2-45: 
========================================================测试用例执行完毕========================================================
[2022-11-26 20:12:43]INFO-httpclient_A-24: url: http://172.81.250.56:13575/do/test/request
[2022-11-26 20:12:43]INFO-one_API_2-94: set_args
[2022-11-26 20:12:43]INFO-one_API_2-94: set_args
[2022-11-26 20:12:43]INFO-one_API_2-94: set_args
[2022-11-26 20:12:43]INFO-one_API_2-94: set_args
[2022-11-26 20:12:43]INFO-httpclient_A-24: url: http://172.81.250.56:13575/do/auth/request
[2022-11-26 20:30:58]INFO-one_API_2-25: 
========================================================测试用例开始执行========================================================
[2022-11-26 20:30:58]INFO-one_API_2-32: setup
[2022-11-26 20:30:58]INFO-one_API_2-46: 
========================================================测试用例执行完毕========================================================
[2022-11-26 20:33:09]INFO-one_API_2-25: 
========================================================测试用例开始执行========================================================
[2022-11-26 20:33:09]INFO-one_API_2-32: setup
[2022-11-26 20:33:09]INFO-one_API_2-46: 
========================================================测试用例执行完毕========================================================
[2022-11-26 20:38:57]INFO-one_API_2-25: 
========================================================测试用例开始执行========================================================
[2022-11-26 20:38:57]INFO-one_API_2-32: setup
[2022-11-26 20:38:57]INFO-one_API_2-46: 
========================================================测试用例执行完毕========================================================
[2022-11-26 20:40:20]INFO-one_API_2-25: 
========================================================测试用例开始执行========================================================
[2022-11-26 20:40:20]INFO-one_API_2-32: setup
[2022-11-26 20:40:20]INFO-one_API_2-46: 
========================================================测试用例执行完毕========================================================
[2022-11-26 20:46:47]INFO-one_API_2-25: 
========================================================测试用例开始执行========================================================
[2022-11-26 20:46:47]INFO-one_API_2-32: setup
[2022-11-26 20:46:47]INFO-one_API_2-46: 
========================================================测试用例执行完毕========================================================
[2022-11-26 20:46:47]INFO-httpclient_A-24: url: http://172.81.250.56:13575/do/test/request
[2022-11-26 20:46:47]INFO-one_API_2-96: set_args
[2022-11-26 20:46:47]INFO-one_API_2-96: set_args
[2022-11-26 20:46:47]INFO-one_API_2-96: set_args
[2022-11-26 20:46:47]INFO-one_API_2-96: set_args
[2022-11-26 20:46:47]INFO-httpclient_A-24: url: http://172.81.250.56:13575/do/auth/request
[2022-11-26 21:46:37]INFO-one_API_2-25: 
========================================================测试用例开始执行========================================================
[2022-11-26 21:46:37]INFO-one_API_2-32: setup
[2022-11-26 21:46:37]INFO-one_API_2-46: 
========================================================测试用例执行完毕========================================================
[2022-11-26 21:46:37]INFO-httpclient_A-24: url: http://172.81.250.56:13575/do/test/request
[2022-11-26 21:46:37]INFO-one_API_2-95: set_args
[2022-11-26 21:46:37]INFO-one_API_2-95: set_args
[2022-11-26 21:46:37]INFO-one_API_2-95: set_args
[2022-11-26 21:46:37]INFO-one_API_2-95: set_args
[2022-11-26 21:46:37]INFO-httpclient_A-24: url: http://172.81.250.56:13575/do/auth/request
[2022-11-26 21:47:26]INFO-one_API_2-25: 
========================================================测试用例开始执行========================================================
[2022-11-26 21:47:26]INFO-one_API_2-32: setup
[2022-11-26 21:47:26]INFO-one_API_2-46: 
========================================================测试用例执行完毕========================================================
[2022-11-26 21:47:26]INFO-httpclient_A-24: url: http://172.81.250.56:13575/do/test/request
[2022-11-26 21:47:27]INFO-one_API_2-95: set_args
[2022-11-26 21:47:27]INFO-one_API_2-95: set_args
[2022-11-26 21:47:27]INFO-one_API_2-95: set_args
[2022-11-26 21:47:27]INFO-one_API_2-95: set_args
[2022-11-26 21:47:27]INFO-httpclient_A-24: url: http://172.81.250.56:13575/do/auth/request
[2022-11-26 21:56:20]INFO-one_API_2-25: 
========================================================测试用例开始执行========================================================
[2022-11-26 21:56:20]INFO-one_API_2-32: setup
[2022-11-26 21:56:20]INFO-one_API_2-46: 
========================================================测试用例执行完毕========================================================
[2022-11-26 21:56:20]INFO-httpclient_A-24: url: http://172.81.250.56:13575/do/test/request
[2022-11-26 21:56:20]INFO-one_API_2-95: set_args
[2022-11-26 21:56:20]INFO-one_API_2-95: set_args
[2022-11-26 21:56:20]INFO-one_API_2-95: set_args
[2022-11-26 21:56:20]INFO-one_API_2-95: set_args
[2022-11-26 21:56:20]INFO-httpclient_A-24: url: http://172.81.250.56:13575/do/auth/request
[2022-11-26 22:00:13]INFO-one_API_2-25: 
========================================================测试用例开始执行========================================================
[2022-11-26 22:00:13]INFO-one_API_2-32: setup
[2022-11-26 22:00:13]INFO-one_API_2-46: 
========================================================测试用例执行完毕========================================================
[2022-11-26 22:00:13]INFO-httpclient_A-24: url: http://172.81.250.56:13575/do/test/request
[2022-11-26 22:00:13]INFO-one_API_2-95: set_args
[2022-11-26 22:00:13]INFO-one_API_2-95: set_args
[2022-11-26 22:00:13]INFO-one_API_2-95: set_args
[2022-11-26 22:00:13]INFO-one_API_2-95: set_args
[2022-11-26 22:00:13]INFO-httpclient_A-24: url: http://172.81.250.56:13575/do/auth/request
[2022-11-26 22:19:19]INFO-one_API_2-25: 
========================================================测试用例开始执行========================================================
[2022-11-26 22:19:19]INFO-one_API_2-32: setup
[2022-11-26 22:19:19]INFO-one_API_2-46: 
========================================================测试用例执行完毕========================================================
[2022-11-26 22:19:19]INFO-httpclient_A-24: url: http://172.81.250.56:13575/do/test/request
[2022-11-26 22:19:20]INFO-one_API_2-95: set_args
[2022-11-26 22:19:20]INFO-one_API_2-95: set_args
[2022-11-26 22:19:20]INFO-one_API_2-95: set_args
[2022-11-26 22:19:20]INFO-one_API_2-95: set_args
[2022-11-26 22:19:20]INFO-httpclient_A-24: url: http://172.81.250.56:13575/do/auth/request
[2022-11-26 22:21:55]INFO-one_API_2-25: 
========================================================测试用例开始执行========================================================
[2022-11-26 22:21:55]INFO-one_API_2-32: setup
[2022-11-26 22:21:55]INFO-one_API_2-46: 
========================================================测试用例执行完毕========================================================
[2022-11-26 22:22:04]INFO-one_API_2-25: 
========================================================测试用例开始执行========================================================
[2022-11-26 22:22:04]INFO-one_API_2-32: setup
[2022-11-26 22:22:04]INFO-one_API_2-46: 
========================================================测试用例执行完毕========================================================
[2022-11-26 22:22:04]INFO-httpclient_A-24: url: http://172.81.250.56:13575/do/test/request
[2022-11-26 22:22:04]INFO-one_API_2-95: set_args
[2022-11-26 22:22:04]INFO-one_API_2-95: set_args
[2022-11-26 22:22:04]INFO-one_API_2-95: set_args
[2022-11-26 22:22:04]INFO-one_API_2-95: set_args
[2022-11-26 22:22:04]INFO-httpclient_A-24: url: http://172.81.250.56:13575/do/auth/request
[2022-11-26 22:26:35]INFO-one_API_2-25: 
========================================================测试用例开始执行========================================================
[2022-11-26 22:26:35]INFO-one_API_2-32: setup
[2022-11-26 22:26:35]INFO-one_API_2-46: 
========================================================测试用例执行完毕========================================================
[2022-11-26 22:26:35]INFO-httpclient_A-24: url: http://172.81.250.56:13575/do/test/request
[2022-11-26 22:26:35]INFO-one_API_2-95: set_args
[2022-11-26 22:26:35]INFO-one_API_2-95: set_args
[2022-11-26 22:26:35]INFO-one_API_2-95: set_args
[2022-11-26 22:26:35]INFO-one_API_2-95: set_args
[2022-11-26 22:26:35]INFO-httpclient_A-24: url: http://172.81.250.56:13575/do/auth/request
[2022-11-26 22:34:39]INFO-one_API_2-25: 
========================================================测试用例开始执行========================================================
[2022-11-26 22:34:39]INFO-one_API_2-32: setup
[2022-11-26 22:34:39]INFO-one_API_2-46: 
========================================================测试用例执行完毕========================================================
[2022-11-26 22:34:39]INFO-httpclient_A-24: url: http://172.81.250.56:13575/do/test/request
[2022-11-26 22:34:39]INFO-one_API_2-98: set_args
[2022-11-26 22:34:39]INFO-one_API_2-98: set_args
[2022-11-26 22:34:39]INFO-one_API_2-98: set_args
[2022-11-26 22:34:39]INFO-one_API_2-98: set_args
[2022-11-26 22:34:39]INFO-httpclient_A-24: url: http://172.81.250.56:13575/do/auth/request
[2022-11-26 22:36:09]INFO-one_API_2-25: 
========================================================测试用例开始执行========================================================
[2022-11-26 22:36:09]INFO-one_API_2-32: setup
[2022-11-26 22:36:09]INFO-one_API_2-46: 
========================================================测试用例执行完毕========================================================
[2022-11-26 22:36:09]INFO-httpclient_A-24: url: http://172.81.250.56:13575/do/test/request
[2022-11-26 22:36:10]INFO-one_API_2-98: set_args
[2022-11-26 22:36:10]INFO-one_API_2-98: set_args
[2022-11-26 22:36:10]INFO-one_API_2-98: set_args
[2022-11-26 22:36:10]INFO-one_API_2-98: set_args
[2022-11-26 22:36:10]INFO-httpclient_A-24: url: http://172.81.250.56:13575/do/auth/request
[2022-11-26 22:37:08]INFO-one_API_2-25: 
========================================================测试用例开始执行========================================================
[2022-11-26 22:37:08]INFO-one_API_2-32: setup
[2022-11-26 22:37:08]INFO-one_API_2-46: 
========================================================测试用例执行完毕========================================================
[2022-11-26 22:37:08]INFO-httpclient_A-24: url: http://172.81.250.56:13575/do/test/request
[2022-11-26 22:37:08]INFO-one_API_2-99: set_args
[2022-11-26 22:37:08]INFO-one_API_2-99: set_args
[2022-11-26 22:37:08]INFO-one_API_2-99: set_args
[2022-11-26 22:37:08]INFO-one_API_2-99: set_args
[2022-11-26 22:37:08]INFO-httpclient_A-24: url: http://172.81.250.56:13575/do/auth/request
[2022-11-26 22:37:56]INFO-one_API_2-25: 
========================================================测试用例开始执行========================================================
[2022-11-26 22:37:56]INFO-one_API_2-32: setup
[2022-11-26 22:37:56]INFO-one_API_2-46: 
========================================================测试用例执行完毕========================================================
[2022-11-26 22:37:56]INFO-httpclient_A-24: url: http://172.81.250.56:13575/do/test/request
[2022-11-26 22:37:57]INFO-one_API_2-99: set_args
[2022-11-26 22:37:57]INFO-one_API_2-99: set_args
[2022-11-26 22:37:57]INFO-one_API_2-99: set_args
[2022-11-26 22:37:57]INFO-one_API_2-99: set_args
[2022-11-26 22:37:57]INFO-httpclient_A-24: url: http://172.81.250.56:13575/do/auth/request
[2022-11-26 22:39:20]INFO-one_API_2-25: 
========================================================测试用例开始执行========================================================
[2022-11-26 22:39:20]INFO-one_API_2-32: setup
[2022-11-26 22:39:20]INFO-one_API_2-46: 
========================================================测试用例执行完毕========================================================
[2022-11-26 22:39:20]INFO-httpclient_A-24: url: http://172.81.250.56:13575/do/test/request
[2022-11-26 22:39:20]INFO-one_API_2-100: set_args
[2022-11-26 22:39:20]INFO-one_API_2-100: set_args
[2022-11-26 22:39:20]INFO-one_API_2-100: set_args
[2022-11-26 22:39:20]INFO-one_API_2-100: set_args
[2022-11-26 22:39:20]INFO-httpclient_A-24: url: http://172.81.250.56:13575/do/auth/request
[2022-11-26 22:42:57]INFO-one_API_2-25: 
========================================================测试用例开始执行========================================================
[2022-11-26 22:42:57]INFO-one_API_2-32: setup
[2022-11-26 22:42:57]INFO-one_API_2-46: 
========================================================测试用例执行完毕========================================================
[2022-11-26 22:42:57]INFO-httpclient_A-24: url: http://172.81.250.56:13575/do/test/request
[2022-11-26 22:42:57]INFO-one_API_2-100: set_args
[2022-11-26 22:42:57]INFO-one_API_2-100: set_args
[2022-11-26 22:42:57]INFO-one_API_2-100: set_args
[2022-11-26 22:42:57]INFO-one_API_2-100: set_args
[2022-11-26 22:42:57]INFO-httpclient_A-24: url: http://172.81.250.56:13575/do/auth/request
[2022-11-26 22:43:25]INFO-one_API_2-25: 
========================================================测试用例开始执行========================================================
[2022-11-26 22:43:25]INFO-one_API_2-32: setup
[2022-11-26 22:43:25]INFO-one_API_2-46: 
========================================================测试用例执行完毕========================================================
[2022-11-26 22:43:25]INFO-httpclient_A-24: url: http://172.81.250.56:13575/do/test/request
[2022-11-26 22:43:25]INFO-one_API_2-100: set_args
[2022-11-26 22:43:25]INFO-one_API_2-100: set_args
[2022-11-26 22:43:25]INFO-one_API_2-100: set_args
[2022-11-26 22:43:25]INFO-one_API_2-100: set_args
[2022-11-26 22:43:25]INFO-httpclient_A-24: url: http://172.81.250.56:13575/do/auth/request
[2022-11-26 22:43:56]INFO-one_API_2-25: 
========================================================测试用例开始执行========================================================
[2022-11-26 22:43:56]INFO-one_API_2-32: setup
[2022-11-26 22:43:56]INFO-one_API_2-46: 
========================================================测试用例执行完毕========================================================
[2022-11-26 22:43:56]INFO-httpclient_A-24: url: http://172.81.250.56:13575/do/test/request
[2022-11-26 22:43:56]INFO-one_API_2-95: set_args
[2022-11-26 22:43:56]INFO-one_API_2-95: set_args
[2022-11-26 22:43:56]INFO-one_API_2-95: set_args
[2022-11-26 22:43:56]INFO-one_API_2-95: set_args
[2022-11-26 22:43:56]INFO-httpclient_A-24: url: http://172.81.250.56:13575/do/auth/request
[2022-11-26 22:44:36]INFO-one_API_2-25: 
========================================================测试用例开始执行========================================================
[2022-11-26 22:44:36]INFO-one_API_2-32: setup
[2022-11-26 22:44:36]INFO-one_API_2-46: 
========================================================测试用例执行完毕========================================================
[2022-11-26 22:44:36]INFO-httpclient_A-25: url: http://172.81.250.56:13575/do/test/request
[2022-11-26 23:00:34]INFO-one_API_2-26: 
========================================================测试用例开始执行========================================================
[2022-11-26 23:00:34]INFO-one_API_2-33: setup
[2022-11-26 23:00:34]INFO-one_API_2-47: 
========================================================测试用例执行完毕========================================================
[2022-11-26 23:00:34]INFO-httpclient_A-25: url: http://172.81.250.56:13575/do/test/request
[2022-11-26 23:00:34]INFO-one_API_2-99: set_args
[2022-11-26 23:00:34]INFO-one_API_2-99: set_args
[2022-11-26 23:00:34]INFO-one_API_2-99: set_args
[2022-11-26 23:00:34]INFO-one_API_2-99: set_args
[2022-11-26 23:00:34]INFO-httpclient_A-25: url: http://172.81.250.56:13575/do/auth/request
[2022-11-26 23:01:41]INFO-one_API_2-26: 
========================================================测试用例开始执行========================================================
[2022-11-26 23:01:41]INFO-one_API_2-33: setup
[2022-11-26 23:01:41]INFO-one_API_2-47: 
========================================================测试用例执行完毕========================================================
[2022-11-26 23:01:41]INFO-httpclient_A-24: url: http://172.81.250.56:13575/do/test/request
[2022-11-26 23:01:41]INFO-one_API_2-99: set_args
[2022-11-26 23:01:41]INFO-one_API_2-99: set_args
[2022-11-26 23:01:41]INFO-one_API_2-99: set_args
[2022-11-26 23:01:41]INFO-one_API_2-99: set_args
[2022-11-26 23:01:41]INFO-httpclient_A-24: url: http://172.81.250.56:13575/do/auth/request
[2022-11-26 23:02:22]INFO-one_API_2-26: 
========================================================测试用例开始执行========================================================
[2022-11-26 23:02:22]INFO-one_API_2-33: setup
[2022-11-26 23:02:22]INFO-one_API_2-47: 
========================================================测试用例执行完毕========================================================
[2022-11-26 23:02:23]INFO-httpclient_A-25: url: http://172.81.250.56:13575/do/test/request
[2022-11-26 23:02:23]INFO-one_API_2-99: set_args
[2022-11-26 23:02:23]INFO-one_API_2-99: set_args
[2022-11-26 23:02:23]INFO-one_API_2-99: set_args
[2022-11-26 23:02:23]INFO-one_API_2-99: set_args
[2022-11-26 23:02:23]INFO-httpclient_A-25: url: http://172.81.250.56:13575/do/auth/request
[2022-11-26 23:02:44]INFO-one_API_2-26: 
========================================================测试用例开始执行========================================================
[2022-11-26 23:02:44]INFO-one_API_2-33: setup
[2022-11-26 23:02:44]INFO-one_API_2-47: 
========================================================测试用例执行完毕========================================================
[2022-11-26 23:02:44]INFO-httpclient_A-25: url: http://172.81.250.56:13575/do/test/request
[2022-11-26 23:02:45]INFO-one_API_2-99: set_args
[2022-11-26 23:02:45]INFO-one_API_2-99: set_args
[2022-11-26 23:02:45]INFO-one_API_2-99: set_args
[2022-11-26 23:02:45]INFO-one_API_2-99: set_args
[2022-11-26 23:02:45]INFO-httpclient_A-25: url: http://172.81.250.56:13575/do/auth/request
[2022-11-26 23:03:17]INFO-one_API_2-26: 
========================================================测试用例开始执行========================================================
[2022-11-26 23:03:17]INFO-one_API_2-33: setup
[2022-11-26 23:03:17]INFO-one_API_2-47: 
========================================================测试用例执行完毕========================================================
[2022-11-26 23:03:17]INFO-httpclient_A-25: url: http://172.81.250.56:13575/do/test/request
[2022-11-26 23:03:17]INFO-one_API_2-99: set_args
[2022-11-26 23:03:17]INFO-one_API_2-99: set_args
[2022-11-26 23:03:17]INFO-one_API_2-99: set_args
[2022-11-26 23:03:17]INFO-one_API_2-99: set_args
[2022-11-26 23:03:17]INFO-httpclient_A-25: url: http://172.81.250.56:13575/do/auth/request
[2022-11-26 23:12:06]INFO-one_API_2-26: 
========================================================测试用例开始执行========================================================
[2022-11-26 23:12:06]INFO-one_API_2-33: setup
[2022-11-26 23:12:06]INFO-one_API_2-47: 
========================================================测试用例执行完毕========================================================
[2022-11-26 23:12:06]INFO-httpclient_A-25: url: http://172.81.250.56:13575/do/test/request
[2022-11-26 23:12:06]INFO-one_API_2-99: set_args
[2022-11-26 23:12:06]INFO-one_API_2-99: set_args
[2022-11-26 23:12:06]INFO-one_API_2-99: set_args
[2022-11-26 23:12:06]INFO-one_API_2-99: set_args
[2022-11-26 23:12:06]INFO-httpclient_A-25: url: http://172.81.250.56:13575/do/auth/request
[2022-11-26 23:13:32]INFO-one_API_2-26: 
========================================================测试用例开始执行========================================================
[2022-11-26 23:13:32]INFO-one_API_2-33: setup
[2022-11-26 23:13:32]INFO-one_API_2-47: 
========================================================测试用例执行完毕========================================================
[2022-11-26 23:13:32]INFO-httpclient_A-25: url: http://172.81.250.56:13575/do/test/request
[2022-11-26 23:13:32]INFO-one_API_2-99: set_args
[2022-11-26 23:13:32]INFO-one_API_2-99: set_args
[2022-11-26 23:13:32]INFO-one_API_2-99: set_args
[2022-11-26 23:13:32]INFO-one_API_2-99: set_args
[2022-11-26 23:13:32]INFO-httpclient_A-25: url: http://172.81.250.56:13575/do/auth/request
[2022-11-26 23:14:36]INFO-one_API_2-26: 
========================================================测试用例开始执行========================================================
[2022-11-26 23:14:36]INFO-one_API_2-33: setup
[2022-11-26 23:14:36]INFO-one_API_2-47: 
========================================================测试用例执行完毕========================================================
[2022-11-26 23:14:36]INFO-httpclient_A-25: url: http://172.81.250.56:13575/do/test/request
[2022-11-26 23:14:36]INFO-one_API_2-101: set_args
[2022-11-26 23:14:36]INFO-one_API_2-101: set_args
[2022-11-26 23:14:36]INFO-one_API_2-101: set_args
[2022-11-26 23:14:36]INFO-one_API_2-101: set_args
[2022-11-26 23:14:36]INFO-httpclient_A-25: url: http://172.81.250.56:13575/do/auth/request
[2022-11-26 23:16:40]INFO-one_API_2-26: 
========================================================测试用例开始执行========================================================
[2022-11-26 23:16:40]INFO-one_API_2-33: setup
[2022-11-26 23:16:40]INFO-one_API_2-47: 
========================================================测试用例执行完毕========================================================
[2022-11-26 23:16:40]INFO-httpclient_A-25: url: http://172.81.250.56:13575/do/test/request
[2022-11-26 23:16:40]INFO-one_API_2-99: set_args
[2022-11-26 23:16:40]INFO-one_API_2-99: set_args
[2022-11-26 23:16:40]INFO-one_API_2-99: set_args
[2022-11-26 23:16:40]INFO-one_API_2-99: set_args
[2022-11-26 23:16:40]INFO-httpclient_A-25: url: http://172.81.250.56:13575/do/auth/request
[2022-11-26 23:19:56]INFO-one_API_2-26: 
========================================================测试用例开始执行========================================================
[2022-11-26 23:19:56]INFO-one_API_2-33: setup
[2022-11-26 23:19:56]INFO-one_API_2-47: 
========================================================测试用例执行完毕========================================================
[2022-11-26 23:19:56]INFO-httpclient_A-25: url: http://172.81.250.56:13575/do/test/request
[2022-11-26 23:19:56]INFO-one_API_2-99: set_args
[2022-11-26 23:19:56]INFO-one_API_2-99: set_args
[2022-11-26 23:19:56]INFO-one_API_2-99: set_args
[2022-11-26 23:19:56]INFO-one_API_2-99: set_args
[2022-11-26 23:19:56]INFO-httpclient_A-25: url: http://172.81.250.56:13575/do/auth/request
[2022-11-26 23:21:36]INFO-one_API_2-26: 
========================================================测试用例开始执行========================================================
[2022-11-26 23:21:36]INFO-one_API_2-33: setup
[2022-11-26 23:21:36]INFO-one_API_2-47: 
========================================================测试用例执行完毕========================================================
[2022-11-26 23:21:36]INFO-httpclient_A-25: url: http://172.81.250.56:13575/do/test/request
[2022-11-26 23:21:37]INFO-one_API_2-99: set_args
[2022-11-26 23:21:37]INFO-one_API_2-99: set_args
[2022-11-26 23:21:37]INFO-one_API_2-99: set_args
[2022-11-26 23:21:37]INFO-one_API_2-99: set_args
[2022-11-26 23:24:24]INFO-one_API_2-26: 
========================================================测试用例开始执行========================================================
[2022-11-26 23:24:24]INFO-one_API_2-33: setup
[2022-11-26 23:24:24]INFO-one_API_2-47: 
========================================================测试用例执行完毕========================================================
[2022-11-26 23:24:24]INFO-httpclient_A-25: url: http://172.81.250.56:13575/do/test/request
[2022-11-26 23:24:24]INFO-one_API_2-99: set_args
[2022-11-26 23:24:24]INFO-one_API_2-99: set_args
[2022-11-26 23:24:24]INFO-one_API_2-99: set_args
[2022-11-26 23:24:24]INFO-one_API_2-99: set_args
[2022-11-26 23:24:24]INFO-httpclient_A-25: url: http://172.81.250.56:13575/do/auth/request
[2022-11-26 23:24:54]INFO-one_API_2-26: 
========================================================测试用例开始执行========================================================
[2022-11-26 23:24:54]INFO-one_API_2-33: setup
[2022-11-26 23:24:54]INFO-one_API_2-47: 
========================================================测试用例执行完毕========================================================
[2022-11-26 23:24:54]INFO-httpclient_A-25: url: http://172.81.250.56:13575/do/test/request
[2022-11-26 23:24:55]INFO-one_API_2-102: set_args
[2022-11-26 23:24:55]INFO-one_API_2-102: set_args
[2022-11-26 23:24:55]INFO-one_API_2-102: set_args
[2022-11-26 23:24:55]INFO-one_API_2-102: set_args
[2022-11-26 23:24:55]INFO-httpclient_A-25: url: http://172.81.250.56:13575/do/auth/request
[2022-11-26 23:40:03]INFO-one_API_2-26: 
========================================================测试用例开始执行========================================================
[2022-11-26 23:40:03]INFO-one_API_2-33: setup
[2022-11-26 23:40:03]INFO-one_API_2-47: 
========================================================测试用例执行完毕========================================================
[2022-11-26 23:40:03]INFO-httpclient_A-25: url: http://172.81.250.56:13575/do/test/request
[2022-11-26 23:40:03]INFO-one_API_2-102: set_args
[2022-11-26 23:40:03]INFO-one_API_2-102: set_args
[2022-11-26 23:40:03]INFO-one_API_2-102: set_args
[2022-11-26 23:40:03]INFO-one_API_2-102: set_args
[2022-11-26 23:40:12]INFO-one_API_2-26: 
========================================================测试用例开始执行========================================================
[2022-11-26 23:40:12]INFO-one_API_2-33: setup
[2022-11-26 23:40:12]INFO-one_API_2-47: 
========================================================测试用例执行完毕========================================================
[2022-11-26 23:40:12]INFO-httpclient_A-25: url: http://172.81.250.56:13575/do/test/request
[2022-11-26 23:40:12]INFO-one_API_2-102: set_args
[2022-11-26 23:40:12]INFO-one_API_2-102: set_args
[2022-11-26 23:40:12]INFO-one_API_2-102: set_args
[2022-11-26 23:40:12]INFO-one_API_2-102: set_args
[2022-11-26 23:40:12]INFO-httpclient_A-25: url: http://172.81.250.56:13575/do/auth/request
[2022-11-26 23:45:38]INFO-one_API_2-26: 
========================================================测试用例开始执行========================================================
[2022-11-26 23:45:38]INFO-one_API_2-33: setup
[2022-11-26 23:45:38]INFO-one_API_2-47: 
========================================================测试用例执行完毕========================================================
[2022-11-26 23:45:38]INFO-httpclient_A-25: url: http://172.81.250.56:13575/do/test/request
[2022-11-26 23:45:38]INFO-one_API_2-102: set_args
[2022-11-26 23:45:38]INFO-one_API_2-102: set_args
[2022-11-26 23:45:38]INFO-one_API_2-102: set_args
[2022-11-26 23:45:38]INFO-one_API_2-102: set_args
[2022-11-26 23:45:38]INFO-httpclient_A-25: url: http://172.81.250.56:13575/do/auth/request
[2022-11-26 23:46:11]INFO-one_API_2-26: 
========================================================测试用例开始执行========================================================
[2022-11-26 23:46:11]INFO-one_API_2-33: setup
[2022-11-26 23:46:11]INFO-one_API_2-47: 
========================================================测试用例执行完毕========================================================
[2022-11-26 23:46:11]INFO-httpclient_A-25: url: http://172.81.250.56:13575/do/test/request
[2022-11-26 23:46:11]INFO-one_API_2-102: set_args
[2022-11-26 23:46:11]INFO-one_API_2-102: set_args
[2022-11-26 23:46:11]INFO-one_API_2-102: set_args
[2022-11-26 23:46:11]INFO-one_API_2-102: set_args
[2022-11-26 23:46:11]INFO-httpclient_A-25: url: http://172.81.250.56:13575/do/auth/request
[2022-11-26 23:52:50]INFO-one_API_2-26: 
========================================================测试用例开始执行========================================================
[2022-11-26 23:52:50]INFO-one_API_2-33: setup
[2022-11-26 23:52:50]INFO-one_API_2-47: 
========================================================测试用例执行完毕========================================================
[2022-11-26 23:52:50]INFO-httpclient_A-25: url: http://172.81.250.56:13575/do/test/request
[2022-11-26 23:52:51]INFO-one_API_2-102: set_args
[2022-11-26 23:52:51]INFO-one_API_2-102: set_args
[2022-11-26 23:52:51]INFO-one_API_2-102: set_args
[2022-11-26 23:52:51]INFO-one_API_2-102: set_args
[2022-11-26 23:52:51]INFO-httpclient_A-25: url: http://172.81.250.56:13575/do/auth/request
[2022-11-26 23:54:34]INFO-one_API_2-26: 
========================================================测试用例开始执行========================================================
[2022-11-26 23:54:34]INFO-one_API_2-33: setup
[2022-11-26 23:54:34]INFO-one_API_2-47: 
========================================================测试用例执行完毕========================================================
[2022-11-26 23:54:34]INFO-httpclient_A-25: url: http://172.81.250.56:13575/do/test/request
[2022-11-26 23:54:34]INFO-one_API_2-102: set_args
[2022-11-26 23:54:34]INFO-one_API_2-102: set_args
[2022-11-26 23:54:34]INFO-one_API_2-102: set_args
[2022-11-26 23:54:34]INFO-one_API_2-102: set_args
[2022-11-26 23:54:34]INFO-httpclient_A-25: url: http://172.81.250.56:13575/do/auth/request
