[2022-12-01 16:14:19]INFO-test_API_2-29: 
========================================================测试用例开始执行========================================================
[2022-12-01 16:14:19]INFO-test_API_2-36: setup
[2022-12-01 16:14:19]INFO-test_API_2-50: 
========================================================测试用例执行完毕========================================================
[2022-12-01 16:14:19]INFO-httpclient_A-29: url: http://172.81.250.56:13575/do/test/request
[2022-12-01 16:14:19]INFO-test_API_2-95: set_args
[2022-12-01 16:14:19]INFO-test_API_2-95: set_args
[2022-12-01 16:14:19]INFO-test_API_2-95: set_args
[2022-12-01 16:14:19]INFO-test_API_2-95: set_args
[2022-12-01 16:14:19]INFO-httpclient_A-29: url: http://172.81.250.56:13575/do/auth/request
[2022-12-01 16:14:45]INFO-test_API_2-29: 
========================================================测试用例开始执行========================================================
[2022-12-01 16:14:45]INFO-test_API_2-36: setup
[2022-12-01 16:14:45]INFO-test_API_2-50: 
========================================================测试用例执行完毕========================================================
[2022-12-01 16:14:45]INFO-httpclient_A-29: url: http://172.81.250.56:13575/do/test/request
[2022-12-01 16:14:45]INFO-test_API_2-95: set_args
[2022-12-01 16:14:45]INFO-test_API_2-95: set_args
[2022-12-01 16:14:45]INFO-test_API_2-95: set_args
[2022-12-01 16:14:45]INFO-test_API_2-95: set_args
[2022-12-01 16:14:45]INFO-httpclient_A-29: url: http://172.81.250.56:13575/do/auth/request
[2022-12-01 16:17:26]INFO-test_API_2-29: 
========================================================测试用例开始执行========================================================
[2022-12-01 16:17:26]INFO-test_API_2-36: setup
[2022-12-01 16:17:26]INFO-test_API_2-50: 
========================================================测试用例执行完毕========================================================
[2022-12-01 16:17:26]INFO-httpclient_A-29: url: http://172.81.250.56:13575/do/test/request
[2022-12-01 16:17:26]INFO-test_API_2-95: set_args
[2022-12-01 16:17:26]INFO-test_API_2-95: set_args
[2022-12-01 16:17:26]INFO-test_API_2-95: set_args
[2022-12-01 16:17:26]INFO-test_API_2-95: set_args
[2022-12-01 16:17:26]INFO-httpclient_A-29: url: http://172.81.250.56:13575/do/auth/request
[2022-12-01 16:17:26]INFO-test_API_3-29: 
========================================================测试用例开始执行========================================================
[2022-12-01 16:17:26]INFO-test_API_3-36: setup
[2022-12-01 16:17:26]INFO-test_API_3-50: 
========================================================测试用例执行完毕========================================================
[2022-12-01 16:17:26]INFO-httpclient_A-29: url: http://172.81.250.56:13575/do/test/request
[2022-12-01 16:17:26]INFO-test_API_3-95: set_args
[2022-12-01 16:17:26]INFO-test_API_3-95: set_args
[2022-12-01 16:17:26]INFO-test_API_3-95: set_args
[2022-12-01 16:17:26]INFO-test_API_3-95: set_args
[2022-12-01 16:17:26]INFO-httpclient_A-29: url: http://172.81.250.56:13575/do/auth/request
[2022-12-01 16:18:25]INFO-test_API_2-29: 
========================================================测试用例开始执行========================================================
[2022-12-01 16:18:25]INFO-test_API_2-36: setup
[2022-12-01 16:18:25]INFO-test_API_2-50: 
========================================================测试用例执行完毕========================================================
[2022-12-01 16:18:25]INFO-httpclient_A-29: url: http://172.81.250.56:13575/do/test/request
[2022-12-01 16:18:25]INFO-test_API_2-95: set_args
[2022-12-01 16:18:25]INFO-test_API_2-95: set_args
[2022-12-01 16:18:25]INFO-test_API_2-95: set_args
[2022-12-01 16:18:25]INFO-test_API_2-95: set_args
[2022-12-01 16:18:25]INFO-httpclient_A-29: url: http://172.81.250.56:13575/do/auth/request
[2022-12-01 16:18:25]INFO-test_API_2-29: 
========================================================测试用例开始执行========================================================
[2022-12-01 16:18:25]INFO-test_API_2-36: setup
[2022-12-01 16:18:25]INFO-test_API_2-50: 
========================================================测试用例执行完毕========================================================
[2022-12-01 16:18:25]INFO-httpclient_A-29: url: http://172.81.250.56:13575/do/test/request
[2022-12-01 16:18:25]INFO-test_API_2-95: set_args
[2022-12-01 16:18:25]INFO-test_API_2-95: set_args
[2022-12-01 16:18:25]INFO-test_API_2-95: set_args
[2022-12-01 16:18:25]INFO-test_API_2-95: set_args
[2022-12-01 16:18:25]INFO-httpclient_A-29: url: http://172.81.250.56:13575/do/auth/request
[2022-12-01 16:18:25]INFO-test_API_3-29: 
========================================================测试用例开始执行========================================================
[2022-12-01 16:18:25]INFO-test_API_3-36: setup
[2022-12-01 16:18:25]INFO-test_API_3-50: 
========================================================测试用例执行完毕========================================================
[2022-12-01 16:18:25]INFO-httpclient_A-29: url: http://172.81.250.56:13575/do/test/request
[2022-12-01 16:18:26]INFO-test_API_3-95: set_args
[2022-12-01 16:18:26]INFO-test_API_3-95: set_args
[2022-12-01 16:18:26]INFO-test_API_3-95: set_args
[2022-12-01 16:18:26]INFO-test_API_3-95: set_args
[2022-12-01 16:18:26]INFO-httpclient_A-29: url: http://172.81.250.56:13575/do/auth/request
[2022-12-01 16:18:26]INFO-test_API_3-29: 
========================================================测试用例开始执行========================================================
[2022-12-01 16:18:26]INFO-test_API_3-36: setup
[2022-12-01 16:18:26]INFO-test_API_3-50: 
========================================================测试用例执行完毕========================================================
[2022-12-01 16:18:26]INFO-httpclient_A-29: url: http://172.81.250.56:13575/do/test/request
[2022-12-01 16:18:26]INFO-test_API_3-95: set_args
[2022-12-01 16:18:26]INFO-test_API_3-95: set_args
[2022-12-01 16:18:26]INFO-test_API_3-95: set_args
[2022-12-01 16:18:26]INFO-test_API_3-95: set_args
[2022-12-01 16:18:26]INFO-httpclient_A-29: url: http://172.81.250.56:13575/do/auth/request
[2022-12-01 16:20:24]INFO-test_API_2-29: 
========================================================测试用例开始执行========================================================
[2022-12-01 16:20:24]INFO-test_API_2-36: setup
[2022-12-01 16:20:24]INFO-test_API_2-50: 
========================================================测试用例执行完毕========================================================
[2022-12-01 16:20:24]INFO-httpclient_A-29: url: http://172.81.250.56:13575/do/test/request
[2022-12-01 16:20:24]INFO-test_API_2-95: set_args
[2022-12-01 16:20:24]INFO-test_API_2-95: set_args
[2022-12-01 16:20:24]INFO-test_API_2-95: set_args
[2022-12-01 16:20:24]INFO-test_API_2-95: set_args
[2022-12-01 16:20:24]INFO-httpclient_A-29: url: http://172.81.250.56:13575/do/auth/request
[2022-12-01 16:20:24]INFO-test_API_2-29: 
========================================================测试用例开始执行========================================================
[2022-12-01 16:20:24]INFO-test_API_2-36: setup
[2022-12-01 16:20:24]INFO-test_API_2-50: 
========================================================测试用例执行完毕========================================================
[2022-12-01 16:20:24]INFO-httpclient_A-29: url: http://172.81.250.56:13575/do/test/request
[2022-12-01 16:20:24]INFO-test_API_2-95: set_args
[2022-12-01 16:20:24]INFO-test_API_2-95: set_args
[2022-12-01 16:20:24]INFO-test_API_2-95: set_args
[2022-12-01 16:20:24]INFO-test_API_2-95: set_args
[2022-12-01 16:20:24]INFO-httpclient_A-29: url: http://172.81.250.56:13575/do/auth/request
[2022-12-01 16:20:36]INFO-test_API_2-29: 
========================================================测试用例开始执行========================================================
[2022-12-01 16:20:36]INFO-test_API_2-36: setup
[2022-12-01 16:20:36]INFO-test_API_2-50: 
========================================================测试用例执行完毕========================================================
[2022-12-01 16:20:36]INFO-httpclient_A-29: url: http://172.81.250.56:13575/do/test/request
[2022-12-01 16:20:36]INFO-test_API_2-95: set_args
[2022-12-01 16:20:36]INFO-test_API_2-95: set_args
[2022-12-01 16:20:36]INFO-test_API_2-95: set_args
[2022-12-01 16:20:36]INFO-test_API_2-95: set_args
[2022-12-01 16:20:36]INFO-httpclient_A-29: url: http://172.81.250.56:13575/do/auth/request
[2022-12-01 16:20:36]INFO-test_API_2-29: 
========================================================测试用例开始执行========================================================
[2022-12-01 16:20:36]INFO-test_API_2-36: setup
[2022-12-01 16:20:36]INFO-test_API_2-50: 
========================================================测试用例执行完毕========================================================
[2022-12-01 16:20:36]INFO-httpclient_A-29: url: http://172.81.250.56:13575/do/test/request
[2022-12-01 16:20:36]INFO-test_API_2-95: set_args
[2022-12-01 16:20:36]INFO-test_API_2-95: set_args
[2022-12-01 16:20:36]INFO-test_API_2-95: set_args
[2022-12-01 16:20:36]INFO-test_API_2-95: set_args
[2022-12-01 16:20:36]INFO-httpclient_A-29: url: http://172.81.250.56:13575/do/auth/request
[2022-12-01 16:20:46]INFO-test_API_2-29: 
========================================================测试用例开始执行========================================================
[2022-12-01 16:20:46]INFO-test_API_2-36: setup
[2022-12-01 16:20:46]INFO-test_API_2-50: 
========================================================测试用例执行完毕========================================================
[2022-12-01 16:20:46]INFO-httpclient_A-29: url: http://172.81.250.56:13575/do/test/request
[2022-12-01 16:20:46]INFO-test_API_2-95: set_args
[2022-12-01 16:20:46]INFO-test_API_2-95: set_args
[2022-12-01 16:20:46]INFO-test_API_2-95: set_args
[2022-12-01 16:20:46]INFO-test_API_2-95: set_args
[2022-12-01 16:20:46]INFO-httpclient_A-29: url: http://172.81.250.56:13575/do/auth/request
[2022-12-01 16:20:46]INFO-test_API_2-29: 
========================================================测试用例开始执行========================================================
[2022-12-01 16:20:46]INFO-test_API_2-36: setup
[2022-12-01 16:20:46]INFO-test_API_2-50: 
========================================================测试用例执行完毕========================================================
[2022-12-01 16:20:46]INFO-httpclient_A-29: url: http://172.81.250.56:13575/do/test/request
[2022-12-01 16:20:46]INFO-test_API_2-95: set_args
[2022-12-01 16:20:46]INFO-test_API_2-95: set_args
[2022-12-01 16:20:46]INFO-test_API_2-95: set_args
[2022-12-01 16:20:46]INFO-test_API_2-95: set_args
[2022-12-01 16:20:46]INFO-httpclient_A-29: url: http://172.81.250.56:13575/do/auth/request
[2022-12-01 16:23:36]INFO-test_API_3-27: 
========================================================测试用例开始执行========================================================
[2022-12-01 16:23:36]INFO-test_API_3-34: setup
[2022-12-01 16:23:36]INFO-test_API_3-48: 
========================================================测试用例执行完毕========================================================
[2022-12-01 16:23:36]INFO-httpclient_A-29: url: http://172.81.250.56:13575/do/test/request
[2022-12-01 16:23:36]INFO-test_API_3-93: set_args
[2022-12-01 16:23:36]INFO-test_API_3-93: set_args
[2022-12-01 16:23:36]INFO-test_API_3-93: set_args
[2022-12-01 16:23:36]INFO-test_API_3-93: set_args
[2022-12-01 16:23:36]INFO-httpclient_A-29: url: http://172.81.250.56:13575/do/auth/request
[2022-12-01 16:23:36]INFO-test_API_3-27: 
========================================================测试用例开始执行========================================================
[2022-12-01 16:23:36]INFO-test_API_3-34: setup
[2022-12-01 16:23:36]INFO-test_API_3-48: 
========================================================测试用例执行完毕========================================================
[2022-12-01 16:23:36]INFO-httpclient_A-29: url: http://172.81.250.56:13575/do/test/request
[2022-12-01 16:23:36]INFO-test_API_3-93: set_args
[2022-12-01 16:23:36]INFO-test_API_3-93: set_args
[2022-12-01 16:23:36]INFO-test_API_3-93: set_args
[2022-12-01 16:23:36]INFO-test_API_3-93: set_args
[2022-12-01 16:23:36]INFO-httpclient_A-29: url: http://172.81.250.56:13575/do/auth/request
[2022-12-01 16:42:51]INFO-test_API_3-27: 
========================================================测试用例开始执行========================================================
[2022-12-01 16:42:51]INFO-test_API_3-34: setup
[2022-12-01 16:42:51]INFO-test_API_3-48: 
========================================================测试用例执行完毕========================================================
[2022-12-01 16:42:51]INFO-httpclient_A-29: url: http://172.81.250.56:13575/do/test/request
[2022-12-01 16:42:51]INFO-test_API_3-93: set_args
[2022-12-01 16:42:51]INFO-test_API_3-93: set_args
[2022-12-01 16:42:51]INFO-test_API_3-93: set_args
[2022-12-01 16:42:51]INFO-test_API_3-93: set_args
[2022-12-01 16:42:51]INFO-httpclient_A-29: url: http://172.81.250.56:13575/do/auth/request
[2022-12-01 16:42:54]INFO-test_API_3-27: 
========================================================测试用例开始执行========================================================
[2022-12-01 16:42:54]INFO-test_API_3-34: setup
[2022-12-01 16:42:54]INFO-test_API_3-48: 
========================================================测试用例执行完毕========================================================
[2022-12-01 16:42:54]INFO-httpclient_A-29: url: http://172.81.250.56:13575/do/test/request
[2022-12-01 16:42:54]INFO-test_API_3-93: set_args
[2022-12-01 16:42:54]INFO-test_API_3-93: set_args
[2022-12-01 16:42:54]INFO-test_API_3-93: set_args
[2022-12-01 16:42:54]INFO-test_API_3-93: set_args
[2022-12-01 16:42:54]INFO-httpclient_A-29: url: http://172.81.250.56:13575/do/auth/request
[2022-12-01 16:42:54]INFO-test_API_3-27: 
========================================================测试用例开始执行========================================================
[2022-12-01 16:42:54]INFO-test_API_3-34: setup
[2022-12-01 16:42:54]INFO-test_API_3-48: 
========================================================测试用例执行完毕========================================================
[2022-12-01 16:42:54]INFO-httpclient_A-29: url: http://172.81.250.56:13575/do/test/request
[2022-12-01 16:42:54]INFO-test_API_3-93: set_args
[2022-12-01 16:42:54]INFO-test_API_3-93: set_args
[2022-12-01 16:42:54]INFO-test_API_3-93: set_args
[2022-12-01 16:42:54]INFO-test_API_3-93: set_args
[2022-12-01 16:42:54]INFO-httpclient_A-29: url: http://172.81.250.56:13575/do/auth/request
