[2022-11-13 23:29:54]INFO-test_formal_document-16: 
========================================================测试用例开始执行========================================================
[2022-11-13 23:29:54]INFO-test_formal_document-25: setup
[2022-11-13 23:33:03]INFO-test_formal_document-16: 
========================================================测试用例开始执行========================================================
[2022-11-13 23:33:03]INFO-test_formal_document-25: setup
[2022-11-13 23:34:00]INFO-test_formal_document-16: 
========================================================测试用例开始执行========================================================
[2022-11-13 23:34:00]INFO-test_formal_document-25: setup
[2022-11-13 23:34:30]INFO-test_formal_document-16: 
========================================================测试用例开始执行========================================================
[2022-11-13 23:34:30]INFO-test_formal_document-25: setup
[2022-11-13 23:34:30]INFO-httpclient-22: url: http://172.81.250.56:18083/cp/register/
[2022-11-13 23:34:45]INFO-test_formal_document-16: 
========================================================测试用例开始执行========================================================
[2022-11-13 23:34:45]INFO-test_formal_document-25: setup
[2022-11-13 23:36:14]INFO-test_formal_document-16: 
========================================================测试用例开始执行========================================================
[2022-11-13 23:36:14]INFO-test_formal_document-25: setup
[2022-11-13 23:38:51]INFO-test_formal_document-17: 
========================================================测试用例开始执行========================================================
[2022-11-13 23:38:51]INFO-test_formal_document-26: setup
[2022-11-13 23:40:17]INFO-test_formal_document-17: 
========================================================测试用例开始执行========================================================
[2022-11-13 23:40:17]INFO-test_formal_document-25: setup
[2022-11-13 23:40:18]INFO-test_formal_document-39: 
========================================================测试用例执行完毕========================================================
[2022-11-13 23:43:35]INFO-test_formal_document-17: 
========================================================测试用例开始执行========================================================
[2022-11-13 23:43:35]INFO-test_formal_document-25: setup
[2022-11-13 23:43:37]INFO-test_formal_document-39: 
========================================================测试用例执行完毕========================================================
[2022-11-13 23:43:40]INFO-test_formal_document-17: 
========================================================测试用例开始执行========================================================
[2022-11-13 23:43:40]INFO-test_formal_document-25: setup
[2022-11-13 23:43:40]INFO-test_formal_document-39: 
========================================================测试用例执行完毕========================================================
[2022-11-13 23:44:21]INFO-test_formal_document-17: 
========================================================测试用例开始执行========================================================
[2022-11-13 23:44:21]INFO-test_formal_document-25: setup
[2022-11-13 23:44:21]INFO-test_formal_document-39: 
========================================================测试用例执行完毕========================================================
[2022-11-13 23:44:21]INFO-httpclient-22: url: http://172.81.250.56:18083/cp/ssfg/ssfgPersonalLabel/get?sfzmhm=1
[2022-11-13 23:44:27]INFO-test_formal_document-17: 
========================================================测试用例开始执行========================================================
[2022-11-13 23:44:27]INFO-test_formal_document-25: setup
[2022-11-13 23:44:27]INFO-test_formal_document-39: 
========================================================测试用例执行完毕========================================================
[2022-11-13 23:44:27]INFO-httpclient-22: url: http://172.81.250.56:18083/cp/ssfg/ssfgPersonalLabel/get?sfzmhm=1
[2022-11-13 23:44:48]INFO-test_formal_document-17: 
========================================================测试用例开始执行========================================================
[2022-11-13 23:44:48]INFO-test_formal_document-25: setup
[2022-11-13 23:44:48]INFO-test_formal_document-39: 
========================================================测试用例执行完毕========================================================
[2022-11-13 23:44:48]INFO-httpclient-22: url: http://172.81.250.56:18083/cp/ssfg/ssfgPersonalLabel/get?sfzmhm=1
[2022-11-13 23:45:17]INFO-test_formal_document-18: 
========================================================测试用例开始执行========================================================
[2022-11-13 23:45:17]INFO-test_formal_document-26: setup
[2022-11-13 23:45:18]INFO-test_formal_document-40: 
========================================================测试用例执行完毕========================================================
[2022-11-13 23:45:18]INFO-httpclient-22: url: http://172.81.250.56:18083/cp/ssfg/ssfgPersonalLabel/get?sfzmhm=1
[2022-11-13 23:46:21]INFO-test_formal_document-18: 
========================================================测试用例开始执行========================================================
[2022-11-13 23:46:21]INFO-test_formal_document-26: setup
[2022-11-13 23:46:21]INFO-test_formal_document-39: 
========================================================测试用例执行完毕========================================================
[2022-11-13 23:46:21]INFO-httpclient-22: url: http://172.81.250.56:18083/cp/ssfg/ssfgPersonalLabel/get?sfzmhm=1
[2022-11-13 23:46:29]INFO-test_formal_document-18: 
========================================================测试用例开始执行========================================================
[2022-11-13 23:46:29]INFO-test_formal_document-26: setup
[2022-11-13 23:46:29]INFO-test_formal_document-39: 
========================================================测试用例执行完毕========================================================
[2022-11-13 23:46:29]INFO-httpclient-22: url: http://172.81.250.56:18083/cp/ssfg/ssfgPersonalLabel/get?sfzmhm=1
[2022-11-13 23:48:21]INFO-test_formal_document-18: 
========================================================测试用例开始执行========================================================
[2022-11-13 23:48:21]INFO-test_formal_document-26: setup
[2022-11-13 23:48:21]INFO-test_formal_document-39: 
========================================================测试用例执行完毕========================================================
[2022-11-13 23:48:21]INFO-httpclient-22: url: http://172.81.250.56:18083/cp/ssfg/ssfgPersonalLabel/get?sfzmhm=1
[2022-11-13 23:49:16]INFO-test_formal_document-18: 
========================================================测试用例开始执行========================================================
[2022-11-13 23:49:16]INFO-test_formal_document-26: setup
[2022-11-13 23:49:17]INFO-test_formal_document-39: 
========================================================测试用例执行完毕========================================================
[2022-11-13 23:49:17]INFO-httpclient-22: url: http://172.81.250.56:18083/cp/ssfg/ssfgPersonalLabel/get?sfzmhm=1
[2022-11-13 23:49:55]INFO-test_formal_document-18: 
========================================================测试用例开始执行========================================================
[2022-11-13 23:49:55]INFO-test_formal_document-26: setup
[2022-11-13 23:49:55]INFO-test_formal_document-39: 
========================================================测试用例执行完毕========================================================
[2022-11-13 23:49:55]INFO-httpclient-22: url: http://172.81.250.56:18083/cp/ssfg/ssfgPersonalLabel/get?sfzmhm=1
[2022-11-13 23:50:34]INFO-test_formal_document-18: 
========================================================测试用例开始执行========================================================
[2022-11-13 23:50:34]INFO-test_formal_document-26: setup
[2022-11-13 23:50:34]INFO-test_formal_document-39: 
========================================================测试用例执行完毕========================================================
[2022-11-13 23:50:34]INFO-httpclient-22: url: http://172.81.250.56:18083/cp/ssfg/ssfgPersonalLabel/get?sfzmhm=1
[2022-11-13 23:50:35]INFO-test_formal_document-18: 
========================================================测试用例开始执行========================================================
[2022-11-13 23:50:35]INFO-test_formal_document-26: setup
[2022-11-13 23:50:35]INFO-test_formal_document-39: 
========================================================测试用例执行完毕========================================================
[2022-11-13 23:50:35]INFO-httpclient-22: url: http://172.81.250.56:18083/cp/ssfg/ssfgPersonalLabel/get?sfzmhm=1
[2022-11-13 23:51:34]INFO-test_formal_document-18: 
========================================================测试用例开始执行========================================================
[2022-11-13 23:51:34]INFO-test_formal_document-26: setup
[2022-11-13 23:51:34]INFO-test_formal_document-39: 
========================================================测试用例执行完毕========================================================
[2022-11-13 23:51:34]INFO-httpclient-22: url: http://172.81.250.56:18083/cp/ssfg/ssfgPersonalLabel/get?sfzmhm=1
[2022-11-13 23:51:35]INFO-test_formal_document-18: 
========================================================测试用例开始执行========================================================
[2022-11-13 23:51:35]INFO-test_formal_document-26: setup
[2022-11-13 23:51:35]INFO-test_formal_document-39: 
========================================================测试用例执行完毕========================================================
[2022-11-13 23:51:35]INFO-httpclient-22: url: http://172.81.250.56:18083/cp/ssfg/ssfgPersonalLabel/get?sfzmhm=1
[2022-11-13 23:51:44]INFO-test_formal_document-18: 
========================================================测试用例开始执行========================================================
[2022-11-13 23:51:44]INFO-test_formal_document-26: setup
[2022-11-13 23:51:44]INFO-test_formal_document-39: 
========================================================测试用例执行完毕========================================================
[2022-11-13 23:51:44]INFO-httpclient-22: url: http://172.81.250.56:18083/cp/ssfg/ssfgPersonalLabel/get?sfzmhm=1
[2022-11-13 23:51:45]INFO-test_formal_document-18: 
========================================================测试用例开始执行========================================================
[2022-11-13 23:51:45]INFO-test_formal_document-26: setup
[2022-11-13 23:51:45]INFO-test_formal_document-39: 
========================================================测试用例执行完毕========================================================
[2022-11-13 23:51:45]INFO-httpclient-22: url: http://172.81.250.56:18083/cp/ssfg/ssfgPersonalLabel/get?sfzmhm=1
