[2022-11-28 11:52:50]INFO-one_API_2-26: 
========================================================测试用例开始执行========================================================
[2022-11-28 11:52:50]INFO-one_API_2-33: setup
[2022-11-28 11:52:50]INFO-one_API_2-47: 
========================================================测试用例执行完毕========================================================
[2022-11-28 11:52:50]INFO-httpclient_A-29: url: http://172.81.250.56:13575/do/test/request
[2022-11-28 11:52:50]INFO-one_API_2-103: set_args
[2022-11-28 11:52:50]INFO-one_API_2-103: set_args
[2022-11-28 11:52:50]INFO-one_API_2-103: set_args
[2022-11-28 11:52:50]INFO-one_API_2-103: set_args
[2022-11-28 11:52:50]INFO-httpclient_A-29: url: http://172.81.250.56:13575/do/auth/request
[2022-11-28 13:55:39]INFO-one_API_2-26: 
========================================================测试用例开始执行========================================================
[2022-11-28 13:55:39]INFO-one_API_2-33: setup
[2022-11-28 13:55:39]INFO-one_API_2-47: 
========================================================测试用例执行完毕========================================================
[2022-11-28 13:59:07]INFO-one_API_2-26: 
========================================================测试用例开始执行========================================================
[2022-11-28 13:59:07]INFO-one_API_2-33: setup
[2022-11-28 13:59:07]INFO-one_API_2-47: 
========================================================测试用例执行完毕========================================================
[2022-11-28 13:59:07]INFO-httpclient_A-29: url: http://172.81.250.56:13575/do/test/request
[2022-11-28 13:59:07]INFO-one_API_2-91: set_args
[2022-11-28 13:59:07]INFO-one_API_2-91: set_args
[2022-11-28 13:59:07]INFO-one_API_2-91: set_args
[2022-11-28 13:59:07]INFO-one_API_2-91: set_args
[2022-11-28 13:59:07]INFO-httpclient_A-29: url: http://172.81.250.56:13575/do/auth/request
[2022-11-28 14:07:37]INFO-one_API_2-26: 
========================================================测试用例开始执行========================================================
[2022-11-28 14:07:37]INFO-one_API_2-33: setup
[2022-11-28 14:07:37]INFO-one_API_2-47: 
========================================================测试用例执行完毕========================================================
[2022-11-28 14:07:37]INFO-httpclient_A-29: url: http://172.81.250.56:13575/do/test/request
[2022-11-28 14:07:37]INFO-one_API_2-92: set_args
[2022-11-28 14:07:37]INFO-one_API_2-92: set_args
[2022-11-28 14:07:37]INFO-one_API_2-92: set_args
[2022-11-28 14:07:37]INFO-one_API_2-92: set_args
[2022-11-28 14:07:37]INFO-httpclient_A-29: url: http://172.81.250.56:13575/do/auth/request
[2022-11-28 14:09:41]INFO-one_API_2-26: 
========================================================测试用例开始执行========================================================
[2022-11-28 14:09:41]INFO-one_API_2-33: setup
[2022-11-28 14:09:41]INFO-one_API_2-47: 
========================================================测试用例执行完毕========================================================
[2022-11-28 14:09:41]INFO-httpclient_A-29: url: http://172.81.250.56:13575/do/test/request
[2022-11-28 14:09:41]INFO-one_API_2-92: set_args
[2022-11-28 14:09:41]INFO-one_API_2-92: set_args
[2022-11-28 14:09:41]INFO-one_API_2-92: set_args
[2022-11-28 14:09:41]INFO-one_API_2-92: set_args
[2022-11-28 14:09:41]INFO-httpclient_A-29: url: http://172.81.250.56:13575/do/auth/request
[2022-11-28 14:10:02]INFO-one_API_2-26: 
========================================================测试用例开始执行========================================================
[2022-11-28 14:10:02]INFO-one_API_2-33: setup
[2022-11-28 14:10:02]INFO-one_API_2-47: 
========================================================测试用例执行完毕========================================================
[2022-11-28 14:10:02]INFO-httpclient_A-29: url: http://172.81.250.56:13575/do/test/request
[2022-11-28 14:10:02]INFO-one_API_2-92: set_args
[2022-11-28 14:10:02]INFO-one_API_2-92: set_args
[2022-11-28 14:10:02]INFO-one_API_2-92: set_args
[2022-11-28 14:10:02]INFO-one_API_2-92: set_args
[2022-11-28 14:10:02]INFO-httpclient_A-29: url: http://172.81.250.56:13575/do/auth/request
[2022-11-28 14:10:33]INFO-one_API_2-26: 
========================================================测试用例开始执行========================================================
[2022-11-28 14:10:33]INFO-one_API_2-33: setup
[2022-11-28 14:10:33]INFO-one_API_2-47: 
========================================================测试用例执行完毕========================================================
[2022-11-28 14:10:33]INFO-httpclient_A-29: url: http://172.81.250.56:13575/do/test/request
[2022-11-28 14:10:33]INFO-one_API_2-92: set_args
[2022-11-28 14:10:33]INFO-one_API_2-92: set_args
[2022-11-28 14:10:33]INFO-one_API_2-92: set_args
[2022-11-28 14:10:33]INFO-one_API_2-92: set_args
[2022-11-28 14:10:33]INFO-httpclient_A-29: url: http://172.81.250.56:13575/do/auth/request
[2022-11-28 14:16:00]INFO-test_API_2-26: 
========================================================测试用例开始执行========================================================
[2022-11-28 14:16:00]INFO-test_API_2-33: setup
[2022-11-28 14:16:00]INFO-test_API_2-47: 
========================================================测试用例执行完毕========================================================
[2022-11-28 14:16:00]INFO-httpclient_A-29: url: http://172.81.250.56:13575/do/test/request
[2022-11-28 14:16:00]INFO-test_API_2-92: set_args
[2022-11-28 14:16:00]INFO-test_API_2-92: set_args
[2022-11-28 14:16:00]INFO-test_API_2-92: set_args
[2022-11-28 14:16:00]INFO-test_API_2-92: set_args
[2022-11-28 14:16:00]INFO-httpclient_A-29: url: http://172.81.250.56:13575/do/auth/request
[2022-11-28 14:16:00]INFO-test_API_2-26: 
========================================================测试用例开始执行========================================================
[2022-11-28 14:16:00]INFO-test_API_2-33: setup
[2022-11-28 14:16:00]INFO-test_API_2-47: 
========================================================测试用例执行完毕========================================================
[2022-11-28 14:16:00]INFO-httpclient_A-29: url: http://172.81.250.56:13575/do/test/request
[2022-11-28 14:16:00]INFO-test_API_2-92: set_args
[2022-11-28 14:16:00]INFO-test_API_2-92: set_args
[2022-11-28 14:16:00]INFO-test_API_2-92: set_args
[2022-11-28 14:16:00]INFO-test_API_2-92: set_args
[2022-11-28 14:16:00]INFO-httpclient_A-29: url: http://172.81.250.56:13575/do/auth/request
[2022-11-28 14:17:01]INFO-test_API_2-26: 
========================================================测试用例开始执行========================================================
[2022-11-28 14:17:01]INFO-test_API_2-33: setup
[2022-11-28 14:17:01]INFO-test_API_2-47: 
========================================================测试用例执行完毕========================================================
[2022-11-28 14:17:01]INFO-httpclient_A-29: url: http://172.81.250.56:13575/do/test/request
[2022-11-28 14:17:01]INFO-test_API_2-92: set_args
[2022-11-28 14:17:01]INFO-test_API_2-92: set_args
[2022-11-28 14:17:01]INFO-test_API_2-92: set_args
[2022-11-28 14:17:01]INFO-test_API_2-92: set_args
[2022-11-28 14:17:01]INFO-httpclient_A-29: url: http://172.81.250.56:13575/do/auth/request
[2022-11-28 14:18:36]INFO-test_API_2-26: 
========================================================测试用例开始执行========================================================
[2022-11-28 14:18:36]INFO-test_API_2-33: setup
[2022-11-28 14:18:36]INFO-test_API_2-47: 
========================================================测试用例执行完毕========================================================
[2022-11-28 14:18:36]INFO-httpclient_A-29: url: http://172.81.250.56:13575/do/test/request
[2022-11-28 14:18:36]INFO-test_API_2-92: set_args
[2022-11-28 14:18:36]INFO-test_API_2-92: set_args
[2022-11-28 14:18:36]INFO-test_API_2-92: set_args
[2022-11-28 14:18:36]INFO-test_API_2-92: set_args
[2022-11-28 14:18:36]INFO-httpclient_A-29: url: http://172.81.250.56:13575/do/auth/request
[2022-11-28 14:18:49]INFO-test_API_2-26: 
========================================================测试用例开始执行========================================================
[2022-11-28 14:18:49]INFO-test_API_2-33: setup
[2022-11-28 14:18:49]INFO-test_API_2-47: 
========================================================测试用例执行完毕========================================================
[2022-11-28 14:18:49]INFO-httpclient_A-29: url: http://172.81.250.56:13575/do/test/request
[2022-11-28 14:18:49]INFO-test_API_2-92: set_args
[2022-11-28 14:18:49]INFO-test_API_2-92: set_args
[2022-11-28 14:18:49]INFO-test_API_2-92: set_args
[2022-11-28 14:18:49]INFO-test_API_2-92: set_args
[2022-11-28 14:18:49]INFO-httpclient_A-29: url: http://172.81.250.56:13575/do/auth/request
[2022-11-28 14:20:20]INFO-test_API_2-26: 
========================================================测试用例开始执行========================================================
[2022-11-28 14:20:20]INFO-test_API_2-33: setup
[2022-11-28 14:20:20]INFO-test_API_2-47: 
========================================================测试用例执行完毕========================================================
[2022-11-28 14:20:20]INFO-httpclient_A-29: url: http://172.81.250.56:13575/do/test/request
[2022-11-28 14:20:20]INFO-test_API_2-92: set_args
[2022-11-28 14:20:20]INFO-test_API_2-92: set_args
[2022-11-28 14:20:20]INFO-test_API_2-92: set_args
[2022-11-28 14:20:20]INFO-test_API_2-92: set_args
[2022-11-28 14:20:20]INFO-httpclient_A-29: url: http://172.81.250.56:13575/do/auth/request
[2022-11-28 14:28:26]INFO-test_API_2-28: 
========================================================测试用例开始执行========================================================
[2022-11-28 14:28:26]INFO-test_API_2-35: setup
[2022-11-28 14:28:26]INFO-test_API_2-49: 
========================================================测试用例执行完毕========================================================
[2022-11-28 14:28:26]INFO-httpclient_A-29: url: http://172.81.250.56:13575/do/test/request
[2022-11-28 14:28:26]INFO-test_API_2-94: set_args
[2022-11-28 14:28:26]INFO-test_API_2-94: set_args
[2022-11-28 14:28:26]INFO-test_API_2-94: set_args
[2022-11-28 14:28:26]INFO-test_API_2-94: set_args
[2022-11-28 14:28:26]INFO-httpclient_A-29: url: http://172.81.250.56:13575/do/auth/request
[2022-11-28 14:29:11]INFO-test_API_2-28: 
========================================================测试用例开始执行========================================================
[2022-11-28 14:29:11]INFO-test_API_2-35: setup
[2022-11-28 14:29:11]INFO-test_API_2-49: 
========================================================测试用例执行完毕========================================================
[2022-11-28 14:29:11]INFO-httpclient_A-29: url: http://172.81.250.56:13575/do/test/request
[2022-11-28 14:29:11]INFO-test_API_2-94: set_args
[2022-11-28 14:29:11]INFO-test_API_2-94: set_args
[2022-11-28 14:29:11]INFO-test_API_2-94: set_args
[2022-11-28 14:29:11]INFO-test_API_2-94: set_args
[2022-11-28 14:29:11]INFO-httpclient_A-29: url: http://172.81.250.56:13575/do/auth/request
[2022-11-28 14:31:35]INFO-test_API_2-27: 
========================================================测试用例开始执行========================================================
[2022-11-28 14:31:35]INFO-test_API_2-34: setup
[2022-11-28 14:31:35]INFO-test_API_2-48: 
========================================================测试用例执行完毕========================================================
[2022-11-28 14:31:35]INFO-httpclient_A-29: url: http://172.81.250.56:13575/do/test/request
[2022-11-28 14:31:35]INFO-test_API_2-93: set_args
[2022-11-28 14:31:35]INFO-test_API_2-93: set_args
[2022-11-28 14:31:35]INFO-test_API_2-93: set_args
[2022-11-28 14:31:35]INFO-test_API_2-93: set_args
[2022-11-28 14:31:35]INFO-httpclient_A-29: url: http://172.81.250.56:13575/do/auth/request
[2022-11-28 14:32:01]INFO-test_API_2-27: 
========================================================测试用例开始执行========================================================
[2022-11-28 14:32:01]INFO-test_API_2-34: setup
[2022-11-28 14:32:01]INFO-test_API_2-48: 
========================================================测试用例执行完毕========================================================
[2022-11-28 14:32:01]INFO-httpclient_A-29: url: http://172.81.250.56:13575/do/test/request
[2022-11-28 14:32:01]INFO-test_API_2-93: set_args
[2022-11-28 14:32:01]INFO-test_API_2-93: set_args
[2022-11-28 14:32:01]INFO-test_API_2-93: set_args
[2022-11-28 14:32:01]INFO-test_API_2-93: set_args
[2022-11-28 14:32:01]INFO-httpclient_A-29: url: http://172.81.250.56:13575/do/auth/request
[2022-11-28 14:33:52]INFO-test_API_2-27: 
========================================================测试用例开始执行========================================================
[2022-11-28 14:33:52]INFO-test_API_2-34: setup
[2022-11-28 14:33:52]INFO-test_API_2-48: 
========================================================测试用例执行完毕========================================================
[2022-11-28 14:33:52]INFO-httpclient_A-29: url: http://172.81.250.56:13575/do/test/request
[2022-11-28 14:33:52]INFO-test_API_2-93: set_args
[2022-11-28 14:33:52]INFO-test_API_2-93: set_args
[2022-11-28 14:33:52]INFO-test_API_2-93: set_args
[2022-11-28 14:33:52]INFO-test_API_2-93: set_args
[2022-11-28 14:33:52]INFO-httpclient_A-29: url: http://172.81.250.56:13575/do/auth/request
[2022-11-28 14:40:21]INFO-test_API_2-27: 
========================================================测试用例开始执行========================================================
[2022-11-28 14:40:21]INFO-test_API_2-34: setup
[2022-11-28 14:40:21]INFO-test_API_2-48: 
========================================================测试用例执行完毕========================================================
[2022-11-28 14:40:21]INFO-httpclient_A-29: url: http://172.81.250.56:13575/do/test/request
[2022-11-28 14:40:21]INFO-test_API_2-93: set_args
[2022-11-28 14:40:21]INFO-test_API_2-93: set_args
[2022-11-28 14:40:21]INFO-test_API_2-93: set_args
[2022-11-28 14:40:21]INFO-test_API_2-93: set_args
[2022-11-28 14:40:21]INFO-httpclient_A-29: url: http://172.81.250.56:13575/do/auth/request
[2022-11-28 14:44:43]INFO-test_API_2-28: 
========================================================测试用例开始执行========================================================
[2022-11-28 14:44:43]INFO-test_API_2-35: setup
[2022-11-28 14:44:43]INFO-test_API_2-49: 
========================================================测试用例执行完毕========================================================
[2022-11-28 14:44:43]INFO-httpclient_A-29: url: http://172.81.250.56:13575/do/test/request
[2022-11-28 14:44:44]INFO-test_API_2-94: set_args
[2022-11-28 14:44:44]INFO-test_API_2-94: set_args
[2022-11-28 14:44:44]INFO-test_API_2-94: set_args
[2022-11-28 14:44:44]INFO-test_API_2-94: set_args
[2022-11-28 14:44:44]INFO-httpclient_A-29: url: http://172.81.250.56:13575/do/auth/request
[2022-11-28 14:44:48]INFO-test_API_2-28: 
========================================================测试用例开始执行========================================================
[2022-11-28 14:44:48]INFO-test_API_2-35: setup
[2022-11-28 14:44:48]INFO-test_API_2-49: 
========================================================测试用例执行完毕========================================================
[2022-11-28 14:44:48]INFO-httpclient_A-29: url: http://172.81.250.56:13575/do/test/request
[2022-11-28 14:44:48]INFO-test_API_2-94: set_args
[2022-11-28 14:44:48]INFO-test_API_2-94: set_args
[2022-11-28 14:44:48]INFO-test_API_2-94: set_args
[2022-11-28 14:44:48]INFO-test_API_2-94: set_args
[2022-11-28 14:44:48]INFO-httpclient_A-29: url: http://172.81.250.56:13575/do/auth/request
[2022-11-28 14:45:45]INFO-test_API_2-28: 
========================================================测试用例开始执行========================================================
[2022-11-28 14:45:45]INFO-test_API_2-35: setup
[2022-11-28 14:45:45]INFO-test_API_2-49: 
========================================================测试用例执行完毕========================================================
[2022-11-28 14:45:45]INFO-httpclient_A-29: url: http://172.81.250.56:13575/do/test/request
[2022-11-28 14:45:45]INFO-test_API_2-94: set_args
[2022-11-28 14:45:45]INFO-test_API_2-94: set_args
[2022-11-28 14:45:45]INFO-test_API_2-94: set_args
[2022-11-28 14:45:45]INFO-test_API_2-94: set_args
[2022-11-28 14:45:45]INFO-httpclient_A-29: url: http://172.81.250.56:13575/do/auth/request
[2022-11-28 14:46:25]INFO-test_API_2-28: 
========================================================测试用例开始执行========================================================
[2022-11-28 14:46:25]INFO-test_API_2-35: setup
[2022-11-28 14:46:25]INFO-test_API_2-49: 
========================================================测试用例执行完毕========================================================
[2022-11-28 14:46:25]INFO-httpclient_A-29: url: http://172.81.250.56:13575/do/test/request
[2022-11-28 14:46:25]INFO-test_API_2-94: set_args
[2022-11-28 14:46:25]INFO-test_API_2-94: set_args
[2022-11-28 14:46:25]INFO-test_API_2-94: set_args
[2022-11-28 14:46:25]INFO-test_API_2-94: set_args
[2022-11-28 14:46:25]INFO-httpclient_A-29: url: http://172.81.250.56:13575/do/auth/request
[2022-11-28 14:47:03]INFO-test_API_2-27: 
========================================================测试用例开始执行========================================================
[2022-11-28 14:47:03]INFO-test_API_2-34: setup
[2022-11-28 14:47:03]INFO-test_API_2-48: 
========================================================测试用例执行完毕========================================================
[2022-11-28 14:47:03]INFO-httpclient_A-29: url: http://172.81.250.56:13575/do/test/request
[2022-11-28 14:47:03]INFO-test_API_2-93: set_args
[2022-11-28 14:47:03]INFO-test_API_2-93: set_args
[2022-11-28 14:47:03]INFO-test_API_2-93: set_args
[2022-11-28 14:47:03]INFO-test_API_2-93: set_args
[2022-11-28 14:47:03]INFO-httpclient_A-29: url: http://172.81.250.56:13575/do/auth/request
[2022-11-28 14:47:08]INFO-test_API_2-27: 
========================================================测试用例开始执行========================================================
[2022-11-28 14:47:08]INFO-test_API_2-34: setup
[2022-11-28 14:47:08]INFO-test_API_2-48: 
========================================================测试用例执行完毕========================================================
[2022-11-28 14:47:08]INFO-httpclient_A-29: url: http://172.81.250.56:13575/do/test/request
[2022-11-28 14:47:08]INFO-test_API_2-93: set_args
[2022-11-28 14:47:08]INFO-test_API_2-93: set_args
[2022-11-28 14:47:08]INFO-test_API_2-93: set_args
[2022-11-28 14:47:08]INFO-test_API_2-93: set_args
[2022-11-28 14:47:08]INFO-httpclient_A-29: url: http://172.81.250.56:13575/do/auth/request
[2022-11-28 14:47:09]INFO-test_API_2-27: 
========================================================测试用例开始执行========================================================
[2022-11-28 14:47:09]INFO-test_API_2-34: setup
[2022-11-28 14:47:09]INFO-test_API_2-48: 
========================================================测试用例执行完毕========================================================
[2022-11-28 14:47:09]INFO-httpclient_A-29: url: http://172.81.250.56:13575/do/test/request
[2022-11-28 14:47:09]INFO-test_API_2-93: set_args
[2022-11-28 14:47:09]INFO-test_API_2-93: set_args
[2022-11-28 14:47:09]INFO-test_API_2-93: set_args
[2022-11-28 14:47:09]INFO-test_API_2-93: set_args
[2022-11-28 14:47:09]INFO-httpclient_A-29: url: http://172.81.250.56:13575/do/auth/request
[2022-11-28 14:47:18]INFO-test_API_2-27: 
========================================================测试用例开始执行========================================================
[2022-11-28 14:47:18]INFO-test_API_2-34: setup
[2022-11-28 14:47:18]INFO-test_API_2-48: 
========================================================测试用例执行完毕========================================================
[2022-11-28 14:47:18]INFO-httpclient_A-29: url: http://172.81.250.56:13575/do/test/request
[2022-11-28 14:47:18]INFO-test_API_2-93: set_args
[2022-11-28 14:47:18]INFO-test_API_2-93: set_args
[2022-11-28 14:47:18]INFO-test_API_2-93: set_args
[2022-11-28 14:47:18]INFO-test_API_2-93: set_args
[2022-11-28 14:47:18]INFO-httpclient_A-29: url: http://172.81.250.56:13575/do/auth/request
[2022-11-28 14:50:36]INFO-test_API_2-29: 
========================================================测试用例开始执行========================================================
[2022-11-28 14:50:36]INFO-test_API_2-36: setup
[2022-11-28 14:50:36]INFO-test_API_2-50: 
========================================================测试用例执行完毕========================================================
[2022-11-28 14:50:36]INFO-httpclient_A-29: url: http://172.81.250.56:13575/do/test/request
[2022-11-28 14:50:36]INFO-test_API_2-95: set_args
[2022-11-28 14:50:36]INFO-test_API_2-95: set_args
[2022-11-28 14:50:36]INFO-test_API_2-95: set_args
[2022-11-28 14:50:36]INFO-test_API_2-95: set_args
[2022-11-28 14:50:36]INFO-httpclient_A-29: url: http://172.81.250.56:13575/do/auth/request
[2022-11-28 14:52:00]INFO-test_API_2-29: 
========================================================测试用例开始执行========================================================
[2022-11-28 14:52:00]INFO-test_API_2-36: setup
[2022-11-28 14:52:00]INFO-test_API_2-50: 
========================================================测试用例执行完毕========================================================
[2022-11-28 14:52:00]INFO-httpclient_A-29: url: http://172.81.250.56:13575/do/test/request
[2022-11-28 14:52:00]INFO-test_API_2-95: set_args
[2022-11-28 14:52:00]INFO-test_API_2-95: set_args
[2022-11-28 14:52:00]INFO-test_API_2-95: set_args
[2022-11-28 14:52:00]INFO-test_API_2-95: set_args
[2022-11-28 14:52:00]INFO-httpclient_A-29: url: http://172.81.250.56:13575/do/auth/request
[2022-11-28 14:52:19]INFO-test_API_2-29: 
========================================================测试用例开始执行========================================================
[2022-11-28 14:52:19]INFO-test_API_2-36: setup
[2022-11-28 14:52:19]INFO-test_API_2-50: 
========================================================测试用例执行完毕========================================================
[2022-11-28 14:52:19]INFO-httpclient_A-29: url: http://172.81.250.56:13575/do/test/request
[2022-11-28 14:52:19]INFO-test_API_2-95: set_args
[2022-11-28 14:52:19]INFO-test_API_2-95: set_args
[2022-11-28 14:52:19]INFO-test_API_2-95: set_args
[2022-11-28 14:52:19]INFO-test_API_2-95: set_args
[2022-11-28 14:52:19]INFO-httpclient_A-29: url: http://172.81.250.56:13575/do/auth/request
[2022-11-28 14:53:00]INFO-test_API_2-29: 
========================================================测试用例开始执行========================================================
[2022-11-28 14:53:00]INFO-test_API_2-36: setup
[2022-11-28 14:53:00]INFO-test_API_2-50: 
========================================================测试用例执行完毕========================================================
[2022-11-28 14:53:00]INFO-httpclient_A-29: url: http://172.81.250.56:13575/do/test/request
[2022-11-28 14:53:00]INFO-test_API_2-95: set_args
[2022-11-28 14:53:00]INFO-test_API_2-95: set_args
[2022-11-28 14:53:00]INFO-test_API_2-95: set_args
[2022-11-28 14:53:00]INFO-test_API_2-95: set_args
[2022-11-28 14:53:00]INFO-httpclient_A-29: url: http://172.81.250.56:13575/do/auth/request
[2022-11-28 14:53:21]INFO-test_API_2-29: 
========================================================测试用例开始执行========================================================
[2022-11-28 14:53:21]INFO-test_API_2-36: setup
[2022-11-28 14:53:21]INFO-test_API_2-50: 
========================================================测试用例执行完毕========================================================
[2022-11-28 14:53:21]INFO-httpclient_A-29: url: http://172.81.250.56:13575/do/test/request
[2022-11-28 14:53:21]INFO-test_API_2-95: set_args
[2022-11-28 14:53:21]INFO-test_API_2-95: set_args
[2022-11-28 14:53:21]INFO-test_API_2-95: set_args
[2022-11-28 14:53:21]INFO-test_API_2-95: set_args
[2022-11-28 14:53:21]INFO-httpclient_A-29: url: http://172.81.250.56:13575/do/auth/request
[2022-11-28 14:55:03]INFO-test_API_2-29: 
========================================================测试用例开始执行========================================================
[2022-11-28 14:55:03]INFO-test_API_2-36: setup
[2022-11-28 14:55:03]INFO-test_API_2-50: 
========================================================测试用例执行完毕========================================================
[2022-11-28 14:55:03]INFO-httpclient_A-29: url: http://172.81.250.56:13575/do/test/request
[2022-11-28 14:55:03]INFO-test_API_2-95: set_args
[2022-11-28 14:55:03]INFO-test_API_2-95: set_args
[2022-11-28 14:55:03]INFO-test_API_2-95: set_args
[2022-11-28 14:55:03]INFO-test_API_2-95: set_args
[2022-11-28 14:55:03]INFO-httpclient_A-29: url: http://172.81.250.56:13575/do/auth/request
[2022-11-28 14:55:14]INFO-test_API_2-29: 
========================================================测试用例开始执行========================================================
[2022-11-28 14:55:14]INFO-test_API_2-36: setup
[2022-11-28 14:55:14]INFO-test_API_2-50: 
========================================================测试用例执行完毕========================================================
[2022-11-28 14:55:14]INFO-httpclient_A-29: url: http://172.81.250.56:13575/do/test/request
[2022-11-28 14:55:14]INFO-test_API_2-95: set_args
[2022-11-28 14:55:14]INFO-test_API_2-95: set_args
[2022-11-28 14:55:14]INFO-test_API_2-95: set_args
[2022-11-28 14:55:14]INFO-test_API_2-95: set_args
[2022-11-28 14:55:14]INFO-httpclient_A-29: url: http://172.81.250.56:13575/do/auth/request
[2022-11-28 14:56:50]INFO-test_API_2-29: 
========================================================测试用例开始执行========================================================
[2022-11-28 14:56:50]INFO-test_API_2-36: setup
[2022-11-28 14:56:50]INFO-test_API_2-50: 
========================================================测试用例执行完毕========================================================
[2022-11-28 14:56:50]INFO-httpclient_A-29: url: http://172.81.250.56:13575/do/test/request
[2022-11-28 14:56:50]INFO-test_API_2-95: set_args
[2022-11-28 14:56:50]INFO-test_API_2-95: set_args
[2022-11-28 14:56:50]INFO-test_API_2-95: set_args
[2022-11-28 14:56:50]INFO-test_API_2-95: set_args
[2022-11-28 14:56:50]INFO-httpclient_A-29: url: http://172.81.250.56:13575/do/auth/request
[2022-11-28 14:57:37]INFO-test_API_2-29: 
========================================================测试用例开始执行========================================================
[2022-11-28 14:57:37]INFO-test_API_2-36: setup
[2022-11-28 14:57:37]INFO-test_API_2-50: 
========================================================测试用例执行完毕========================================================
[2022-11-28 14:57:37]INFO-httpclient_A-29: url: http://172.81.250.56:13575/do/test/request
[2022-11-28 14:57:37]INFO-test_API_2-95: set_args
[2022-11-28 14:57:37]INFO-test_API_2-95: set_args
[2022-11-28 14:57:37]INFO-test_API_2-95: set_args
[2022-11-28 14:57:37]INFO-test_API_2-95: set_args
[2022-11-28 14:57:37]INFO-httpclient_A-29: url: http://172.81.250.56:13575/do/auth/request
[2022-11-28 14:59:04]INFO-test_API_2-29: 
========================================================测试用例开始执行========================================================
[2022-11-28 14:59:04]INFO-test_API_2-36: setup
[2022-11-28 14:59:04]INFO-test_API_2-50: 
========================================================测试用例执行完毕========================================================
[2022-11-28 14:59:04]INFO-httpclient_A-29: url: http://172.81.250.56:13575/do/test/request
[2022-11-28 14:59:05]INFO-test_API_2-95: set_args
[2022-11-28 14:59:05]INFO-test_API_2-95: set_args
[2022-11-28 14:59:05]INFO-test_API_2-95: set_args
[2022-11-28 14:59:05]INFO-test_API_2-95: set_args
[2022-11-28 14:59:05]INFO-httpclient_A-29: url: http://172.81.250.56:13575/do/auth/request
[2022-11-28 15:01:45]INFO-test_API_2-29: 
========================================================测试用例开始执行========================================================
[2022-11-28 15:01:45]INFO-test_API_2-36: setup
[2022-11-28 15:01:45]INFO-test_API_2-50: 
========================================================测试用例执行完毕========================================================
[2022-11-28 15:01:45]INFO-httpclient_A-29: url: http://172.81.250.56:13575/do/test/request
[2022-11-28 15:01:45]INFO-test_API_2-95: set_args
[2022-11-28 15:01:45]INFO-test_API_2-95: set_args
[2022-11-28 15:01:45]INFO-test_API_2-95: set_args
[2022-11-28 15:01:45]INFO-test_API_2-95: set_args
[2022-11-28 15:01:45]INFO-httpclient_A-29: url: http://172.81.250.56:13575/do/auth/request
[2022-11-28 15:01:56]INFO-test_API_2-29: 
========================================================测试用例开始执行========================================================
[2022-11-28 15:01:56]INFO-test_API_2-36: setup
[2022-11-28 15:01:56]INFO-test_API_2-50: 
========================================================测试用例执行完毕========================================================
[2022-11-28 15:01:56]INFO-httpclient_A-29: url: http://172.81.250.56:13575/do/test/request
[2022-11-28 15:01:56]INFO-test_API_2-95: set_args
[2022-11-28 15:01:56]INFO-test_API_2-95: set_args
[2022-11-28 15:01:56]INFO-test_API_2-95: set_args
[2022-11-28 15:01:56]INFO-test_API_2-95: set_args
[2022-11-28 15:01:56]INFO-httpclient_A-29: url: http://172.81.250.56:13575/do/auth/request
[2022-11-28 15:02:58]INFO-test_API_2-29: 
========================================================测试用例开始执行========================================================
[2022-11-28 15:02:58]INFO-test_API_2-36: setup
[2022-11-28 15:02:58]INFO-test_API_2-50: 
========================================================测试用例执行完毕========================================================
[2022-11-28 15:02:58]INFO-httpclient_A-29: url: http://172.81.250.56:13575/do/test/request
[2022-11-28 15:02:58]INFO-test_API_2-95: set_args
[2022-11-28 15:02:58]INFO-test_API_2-95: set_args
[2022-11-28 15:02:58]INFO-test_API_2-95: set_args
[2022-11-28 15:02:58]INFO-test_API_2-95: set_args
[2022-11-28 15:02:58]INFO-httpclient_A-29: url: http://172.81.250.56:13575/do/auth/request
[2022-11-28 15:03:14]INFO-test_API_2-29: 
========================================================测试用例开始执行========================================================
[2022-11-28 15:03:14]INFO-test_API_2-36: setup
[2022-11-28 15:03:14]INFO-test_API_2-50: 
========================================================测试用例执行完毕========================================================
[2022-11-28 15:03:14]INFO-httpclient_A-29: url: http://172.81.250.56:13575/do/test/request
[2022-11-28 15:03:14]INFO-test_API_2-95: set_args
[2022-11-28 15:03:14]INFO-test_API_2-95: set_args
[2022-11-28 15:03:14]INFO-test_API_2-95: set_args
[2022-11-28 15:03:14]INFO-test_API_2-95: set_args
[2022-11-28 15:03:14]INFO-httpclient_A-29: url: http://172.81.250.56:13575/do/auth/request
[2022-11-28 15:04:54]INFO-test_API_2-29: 
========================================================测试用例开始执行========================================================
[2022-11-28 15:04:54]INFO-test_API_2-36: setup
[2022-11-28 15:04:54]INFO-test_API_2-50: 
========================================================测试用例执行完毕========================================================
[2022-11-28 15:04:54]INFO-httpclient_A-29: url: http://172.81.250.56:13575/do/test/request
[2022-11-28 15:04:54]INFO-test_API_2-95: set_args
[2022-11-28 15:04:54]INFO-test_API_2-95: set_args
[2022-11-28 15:04:54]INFO-test_API_2-95: set_args
[2022-11-28 15:04:54]INFO-test_API_2-95: set_args
[2022-11-28 15:04:54]INFO-httpclient_A-29: url: http://172.81.250.56:13575/do/auth/request
[2022-11-28 15:05:11]INFO-test_API_2-29: 
========================================================测试用例开始执行========================================================
[2022-11-28 15:05:11]INFO-test_API_2-36: setup
[2022-11-28 15:05:11]INFO-test_API_2-50: 
========================================================测试用例执行完毕========================================================
[2022-11-28 15:05:11]INFO-httpclient_A-29: url: http://172.81.250.56:13575/do/test/request
[2022-11-28 15:05:11]INFO-test_API_2-95: set_args
[2022-11-28 15:05:11]INFO-test_API_2-95: set_args
[2022-11-28 15:05:11]INFO-test_API_2-95: set_args
[2022-11-28 15:05:11]INFO-test_API_2-95: set_args
[2022-11-28 15:05:11]INFO-httpclient_A-29: url: http://172.81.250.56:13575/do/auth/request
[2022-11-28 15:05:56]INFO-test_API_2-29: 
========================================================测试用例开始执行========================================================
[2022-11-28 15:05:56]INFO-test_API_2-36: setup
[2022-11-28 15:05:56]INFO-test_API_2-50: 
========================================================测试用例执行完毕========================================================
[2022-11-28 15:05:56]INFO-httpclient_A-29: url: http://172.81.250.56:13575/do/test/request
[2022-11-28 15:05:56]INFO-test_API_2-95: set_args
[2022-11-28 15:05:56]INFO-test_API_2-95: set_args
[2022-11-28 15:05:56]INFO-test_API_2-95: set_args
[2022-11-28 15:05:56]INFO-test_API_2-95: set_args
[2022-11-28 15:05:56]INFO-httpclient_A-29: url: http://172.81.250.56:13575/do/auth/request
[2022-11-28 15:06:24]INFO-test_API_2-29: 
========================================================测试用例开始执行========================================================
[2022-11-28 15:06:24]INFO-test_API_2-36: setup
[2022-11-28 15:06:24]INFO-test_API_2-50: 
========================================================测试用例执行完毕========================================================
[2022-11-28 15:06:24]INFO-httpclient_A-29: url: http://172.81.250.56:13575/do/test/request
[2022-11-28 15:06:24]INFO-test_API_2-95: set_args
[2022-11-28 15:06:24]INFO-test_API_2-95: set_args
[2022-11-28 15:06:24]INFO-test_API_2-95: set_args
[2022-11-28 15:06:24]INFO-test_API_2-95: set_args
[2022-11-28 15:06:24]INFO-httpclient_A-29: url: http://172.81.250.56:13575/do/auth/request
[2022-11-28 15:06:42]INFO-test_API_2-29: 
========================================================测试用例开始执行========================================================
[2022-11-28 15:06:42]INFO-test_API_2-36: setup
[2022-11-28 15:06:42]INFO-test_API_2-50: 
========================================================测试用例执行完毕========================================================
[2022-11-28 15:06:42]INFO-httpclient_A-29: url: http://172.81.250.56:13575/do/test/request
[2022-11-28 15:06:42]INFO-test_API_2-95: set_args
[2022-11-28 15:06:42]INFO-test_API_2-95: set_args
[2022-11-28 15:06:42]INFO-test_API_2-95: set_args
[2022-11-28 15:06:42]INFO-test_API_2-95: set_args
[2022-11-28 15:06:42]INFO-httpclient_A-29: url: http://172.81.250.56:13575/do/auth/request
[2022-11-28 15:06:48]INFO-test_API_2-29: 
========================================================测试用例开始执行========================================================
[2022-11-28 15:06:48]INFO-test_API_2-36: setup
[2022-11-28 15:06:48]INFO-test_API_2-50: 
========================================================测试用例执行完毕========================================================
[2022-11-28 15:06:48]INFO-httpclient_A-29: url: http://172.81.250.56:13575/do/test/request
[2022-11-28 15:06:48]INFO-test_API_2-95: set_args
[2022-11-28 15:06:48]INFO-test_API_2-95: set_args
[2022-11-28 15:06:48]INFO-test_API_2-95: set_args
[2022-11-28 15:06:48]INFO-test_API_2-95: set_args
[2022-11-28 15:06:48]INFO-httpclient_A-29: url: http://172.81.250.56:13575/do/auth/request
[2022-11-28 15:08:07]INFO-test_API_2-29: 
========================================================测试用例开始执行========================================================
[2022-11-28 15:08:07]INFO-test_API_2-36: setup
[2022-11-28 15:08:07]INFO-test_API_2-50: 
========================================================测试用例执行完毕========================================================
[2022-11-28 15:08:07]INFO-httpclient_A-29: url: http://172.81.250.56:13575/do/test/request
[2022-11-28 15:08:07]INFO-test_API_2-95: set_args
[2022-11-28 15:08:07]INFO-test_API_2-95: set_args
[2022-11-28 15:08:07]INFO-test_API_2-95: set_args
[2022-11-28 15:08:07]INFO-test_API_2-95: set_args
[2022-11-28 15:08:07]INFO-httpclient_A-29: url: http://172.81.250.56:13575/do/auth/request
[2022-11-28 15:09:09]INFO-test_API_2-29: 
========================================================测试用例开始执行========================================================
[2022-11-28 15:09:09]INFO-test_API_2-36: setup
[2022-11-28 15:09:09]INFO-test_API_2-50: 
========================================================测试用例执行完毕========================================================
[2022-11-28 15:09:09]INFO-httpclient_A-29: url: http://172.81.250.56:13575/do/test/request
[2022-11-28 15:09:09]INFO-test_API_2-95: set_args
[2022-11-28 15:09:09]INFO-test_API_2-95: set_args
[2022-11-28 15:09:09]INFO-test_API_2-95: set_args
[2022-11-28 15:09:09]INFO-test_API_2-95: set_args
[2022-11-28 15:09:09]INFO-httpclient_A-29: url: http://172.81.250.56:13575/do/auth/request
[2022-11-28 15:10:12]INFO-test_API_2-29: 
========================================================测试用例开始执行========================================================
[2022-11-28 15:10:12]INFO-test_API_2-36: setup
[2022-11-28 15:10:12]INFO-test_API_2-50: 
========================================================测试用例执行完毕========================================================
[2022-11-28 15:10:12]INFO-httpclient_A-29: url: http://172.81.250.56:13575/do/test/request
[2022-11-28 15:10:12]INFO-test_API_2-95: set_args
[2022-11-28 15:10:12]INFO-test_API_2-95: set_args
[2022-11-28 15:10:12]INFO-test_API_2-95: set_args
[2022-11-28 15:10:12]INFO-test_API_2-95: set_args
[2022-11-28 15:10:12]INFO-httpclient_A-29: url: http://172.81.250.56:13575/do/auth/request
[2022-11-28 15:11:07]INFO-test_API_2-29: 
========================================================测试用例开始执行========================================================
[2022-11-28 15:11:07]INFO-test_API_2-36: setup
[2022-11-28 15:11:07]INFO-test_API_2-50: 
========================================================测试用例执行完毕========================================================
[2022-11-28 15:11:07]INFO-httpclient_A-29: url: http://172.81.250.56:13575/do/test/request
[2022-11-28 15:11:07]INFO-test_API_2-95: set_args
[2022-11-28 15:11:07]INFO-test_API_2-95: set_args
[2022-11-28 15:11:07]INFO-test_API_2-95: set_args
[2022-11-28 15:11:07]INFO-test_API_2-95: set_args
[2022-11-28 15:11:07]INFO-httpclient_A-29: url: http://172.81.250.56:13575/do/auth/request
[2022-11-28 15:11:49]INFO-test_API_2-29: 
========================================================测试用例开始执行========================================================
[2022-11-28 15:11:49]INFO-test_API_2-36: setup
[2022-11-28 15:11:49]INFO-test_API_2-50: 
========================================================测试用例执行完毕========================================================
[2022-11-28 15:11:49]INFO-httpclient_A-29: url: http://172.81.250.56:13575/do/test/request
[2022-11-28 15:11:49]INFO-test_API_2-95: set_args
[2022-11-28 15:11:49]INFO-test_API_2-95: set_args
[2022-11-28 15:11:49]INFO-test_API_2-95: set_args
[2022-11-28 15:11:49]INFO-test_API_2-95: set_args
[2022-11-28 15:11:49]INFO-httpclient_A-29: url: http://172.81.250.56:13575/do/auth/request
[2022-11-28 15:12:36]INFO-test_API_2-29: 
========================================================测试用例开始执行========================================================
[2022-11-28 15:12:36]INFO-test_API_2-36: setup
[2022-11-28 15:12:36]INFO-test_API_2-50: 
========================================================测试用例执行完毕========================================================
[2022-11-28 15:12:36]INFO-httpclient_A-29: url: http://172.81.250.56:13575/do/test/request
[2022-11-28 15:12:36]INFO-test_API_2-95: set_args
[2022-11-28 15:12:36]INFO-test_API_2-95: set_args
[2022-11-28 15:12:36]INFO-test_API_2-95: set_args
[2022-11-28 15:12:36]INFO-test_API_2-95: set_args
[2022-11-28 15:12:36]INFO-httpclient_A-29: url: http://172.81.250.56:13575/do/auth/request
[2022-11-28 15:12:49]INFO-test_API_2-29: 
========================================================测试用例开始执行========================================================
[2022-11-28 15:12:49]INFO-test_API_2-36: setup
[2022-11-28 15:12:49]INFO-test_API_2-50: 
========================================================测试用例执行完毕========================================================
[2022-11-28 15:12:49]INFO-httpclient_A-29: url: http://172.81.250.56:13575/do/test/request
[2022-11-28 15:12:49]INFO-test_API_2-95: set_args
[2022-11-28 15:12:49]INFO-test_API_2-95: set_args
[2022-11-28 15:12:49]INFO-test_API_2-95: set_args
[2022-11-28 15:12:49]INFO-test_API_2-95: set_args
[2022-11-28 15:12:49]INFO-httpclient_A-29: url: http://172.81.250.56:13575/do/auth/request
[2022-11-28 15:13:36]INFO-test_API_2-29: 
========================================================测试用例开始执行========================================================
[2022-11-28 15:13:36]INFO-test_API_2-36: setup
[2022-11-28 15:13:36]INFO-test_API_2-50: 
========================================================测试用例执行完毕========================================================
[2022-11-28 15:13:36]INFO-httpclient_A-29: url: http://172.81.250.56:13575/do/test/request
[2022-11-28 15:13:36]INFO-test_API_2-95: set_args
[2022-11-28 15:13:36]INFO-test_API_2-95: set_args
[2022-11-28 15:13:36]INFO-test_API_2-95: set_args
[2022-11-28 15:13:36]INFO-test_API_2-95: set_args
[2022-11-28 15:13:36]INFO-httpclient_A-29: url: http://172.81.250.56:13575/do/auth/request
[2022-11-28 15:14:30]INFO-test_API_2-29: 
========================================================测试用例开始执行========================================================
[2022-11-28 15:14:30]INFO-test_API_2-36: setup
[2022-11-28 15:14:30]INFO-test_API_2-50: 
========================================================测试用例执行完毕========================================================
[2022-11-28 15:14:30]INFO-httpclient_A-29: url: http://172.81.250.56:13575/do/test/request
[2022-11-28 15:14:30]INFO-test_API_2-95: set_args
[2022-11-28 15:14:30]INFO-test_API_2-95: set_args
[2022-11-28 15:14:30]INFO-test_API_2-95: set_args
[2022-11-28 15:14:30]INFO-test_API_2-95: set_args
[2022-11-28 15:14:30]INFO-httpclient_A-29: url: http://172.81.250.56:13575/do/auth/request
[2022-11-28 15:14:36]INFO-test_API_2-29: 
========================================================测试用例开始执行========================================================
[2022-11-28 15:14:36]INFO-test_API_2-36: setup
[2022-11-28 15:14:36]INFO-test_API_2-50: 
========================================================测试用例执行完毕========================================================
[2022-11-28 15:14:36]INFO-httpclient_A-29: url: http://172.81.250.56:13575/do/test/request
[2022-11-28 15:14:36]INFO-test_API_2-95: set_args
[2022-11-28 15:14:36]INFO-test_API_2-95: set_args
[2022-11-28 15:14:36]INFO-test_API_2-95: set_args
[2022-11-28 15:14:36]INFO-test_API_2-95: set_args
[2022-11-28 15:14:36]INFO-httpclient_A-29: url: http://172.81.250.56:13575/do/auth/request
[2022-11-28 15:15:21]INFO-test_API_2-29: 
========================================================测试用例开始执行========================================================
[2022-11-28 15:15:21]INFO-test_API_2-36: setup
[2022-11-28 15:15:21]INFO-test_API_2-50: 
========================================================测试用例执行完毕========================================================
[2022-11-28 15:15:21]INFO-httpclient_A-29: url: http://172.81.250.56:13575/do/test/request
[2022-11-28 15:15:21]INFO-test_API_2-95: set_args
[2022-11-28 15:15:21]INFO-test_API_2-95: set_args
[2022-11-28 15:15:21]INFO-test_API_2-95: set_args
[2022-11-28 15:15:21]INFO-test_API_2-95: set_args
[2022-11-28 15:15:21]INFO-httpclient_A-29: url: http://172.81.250.56:13575/do/auth/request
[2022-11-28 15:15:54]INFO-test_API_2-29: 
========================================================测试用例开始执行========================================================
[2022-11-28 15:15:54]INFO-test_API_2-36: setup
[2022-11-28 15:15:54]INFO-test_API_2-50: 
========================================================测试用例执行完毕========================================================
[2022-11-28 15:15:54]INFO-httpclient_A-29: url: http://172.81.250.56:13575/do/test/request
[2022-11-28 15:15:54]INFO-test_API_2-95: set_args
[2022-11-28 15:15:54]INFO-test_API_2-95: set_args
[2022-11-28 15:15:54]INFO-test_API_2-95: set_args
[2022-11-28 15:15:54]INFO-test_API_2-95: set_args
[2022-11-28 15:15:54]INFO-httpclient_A-29: url: http://172.81.250.56:13575/do/auth/request
[2022-11-28 15:27:20]INFO-test_API_2-29: 
========================================================测试用例开始执行========================================================
[2022-11-28 15:27:20]INFO-test_API_2-36: setup
[2022-11-28 15:27:20]INFO-test_API_2-50: 
========================================================测试用例执行完毕========================================================
[2022-11-28 15:27:20]INFO-httpclient_A-29: url: http://172.81.250.56:13575/do/test/request
[2022-11-28 15:27:20]INFO-test_API_2-95: set_args
[2022-11-28 15:27:20]INFO-test_API_2-95: set_args
[2022-11-28 15:27:20]INFO-test_API_2-95: set_args
[2022-11-28 15:27:20]INFO-test_API_2-95: set_args
[2022-11-28 15:27:20]INFO-httpclient_A-29: url: http://172.81.250.56:13575/do/auth/request
[2022-11-28 15:27:28]INFO-test_API_2-29: 
========================================================测试用例开始执行========================================================
[2022-11-28 15:27:28]INFO-test_API_2-36: setup
[2022-11-28 15:27:28]INFO-test_API_2-50: 
========================================================测试用例执行完毕========================================================
[2022-11-28 15:27:28]INFO-httpclient_A-29: url: http://172.81.250.56:13575/do/test/request
[2022-11-28 15:27:28]INFO-test_API_2-95: set_args
[2022-11-28 15:27:28]INFO-test_API_2-95: set_args
[2022-11-28 15:27:28]INFO-test_API_2-95: set_args
[2022-11-28 15:27:28]INFO-test_API_2-95: set_args
[2022-11-28 15:27:28]INFO-httpclient_A-29: url: http://172.81.250.56:13575/do/auth/request
[2022-11-28 15:28:35]INFO-test_API_2-29: 
========================================================测试用例开始执行========================================================
[2022-11-28 15:28:35]INFO-test_API_2-36: setup
[2022-11-28 15:28:35]INFO-test_API_2-50: 
========================================================测试用例执行完毕========================================================
[2022-11-28 15:28:35]INFO-httpclient_A-29: url: http://172.81.250.56:13575/do/test/request
[2022-11-28 15:28:35]INFO-test_API_2-95: set_args
[2022-11-28 15:28:35]INFO-test_API_2-95: set_args
[2022-11-28 15:28:35]INFO-test_API_2-95: set_args
[2022-11-28 15:28:35]INFO-test_API_2-95: set_args
[2022-11-28 15:28:35]INFO-httpclient_A-29: url: http://172.81.250.56:13575/do/auth/request
[2022-11-28 15:28:40]INFO-test_API_2-29: 
========================================================测试用例开始执行========================================================
[2022-11-28 15:28:40]INFO-test_API_2-36: setup
[2022-11-28 15:28:40]INFO-test_API_2-50: 
========================================================测试用例执行完毕========================================================
[2022-11-28 15:28:40]INFO-httpclient_A-29: url: http://172.81.250.56:13575/do/test/request
[2022-11-28 15:28:40]INFO-test_API_2-95: set_args
[2022-11-28 15:28:40]INFO-test_API_2-95: set_args
[2022-11-28 15:28:40]INFO-test_API_2-95: set_args
[2022-11-28 15:28:40]INFO-test_API_2-95: set_args
[2022-11-28 15:28:40]INFO-httpclient_A-29: url: http://172.81.250.56:13575/do/auth/request
[2022-11-28 15:30:21]INFO-test_API_2-29: 
========================================================测试用例开始执行========================================================
[2022-11-28 15:30:21]INFO-test_API_2-36: setup
[2022-11-28 15:30:21]INFO-test_API_2-50: 
========================================================测试用例执行完毕========================================================
[2022-11-28 15:30:21]INFO-httpclient_A-29: url: http://172.81.250.56:13575/do/test/request
[2022-11-28 15:30:21]INFO-test_API_2-95: set_args
[2022-11-28 15:30:21]INFO-test_API_2-95: set_args
[2022-11-28 15:30:21]INFO-test_API_2-95: set_args
[2022-11-28 15:30:21]INFO-test_API_2-95: set_args
[2022-11-28 15:30:21]INFO-httpclient_A-29: url: http://172.81.250.56:13575/do/auth/request
[2022-11-28 15:30:32]INFO-test_API_2-29: 
========================================================测试用例开始执行========================================================
[2022-11-28 15:30:32]INFO-test_API_2-36: setup
[2022-11-28 15:30:32]INFO-test_API_2-50: 
========================================================测试用例执行完毕========================================================
[2022-11-28 15:30:32]INFO-httpclient_A-29: url: http://172.81.250.56:13575/do/test/request
[2022-11-28 15:30:32]INFO-test_API_2-95: set_args
[2022-11-28 15:30:32]INFO-test_API_2-95: set_args
[2022-11-28 15:30:32]INFO-test_API_2-95: set_args
[2022-11-28 15:30:32]INFO-test_API_2-95: set_args
[2022-11-28 15:30:32]INFO-httpclient_A-29: url: http://172.81.250.56:13575/do/auth/request
[2022-11-28 15:30:49]INFO-test_API_2-29: 
========================================================测试用例开始执行========================================================
[2022-11-28 15:30:49]INFO-test_API_2-36: setup
[2022-11-28 15:30:49]INFO-test_API_2-50: 
========================================================测试用例执行完毕========================================================
[2022-11-28 15:30:49]INFO-httpclient_A-29: url: http://172.81.250.56:13575/do/test/request
[2022-11-28 15:30:49]INFO-test_API_2-95: set_args
[2022-11-28 15:30:49]INFO-test_API_2-95: set_args
[2022-11-28 15:30:49]INFO-test_API_2-95: set_args
[2022-11-28 15:30:49]INFO-test_API_2-95: set_args
[2022-11-28 15:30:49]INFO-httpclient_A-29: url: http://172.81.250.56:13575/do/auth/request
[2022-11-28 15:30:53]INFO-test_API_2-29: 
========================================================测试用例开始执行========================================================
[2022-11-28 15:30:53]INFO-test_API_2-36: setup
[2022-11-28 15:30:53]INFO-test_API_2-50: 
========================================================测试用例执行完毕========================================================
[2022-11-28 15:30:53]INFO-httpclient_A-29: url: http://172.81.250.56:13575/do/test/request
[2022-11-28 15:30:53]INFO-test_API_2-95: set_args
[2022-11-28 15:30:53]INFO-test_API_2-95: set_args
[2022-11-28 15:30:53]INFO-test_API_2-95: set_args
[2022-11-28 15:30:53]INFO-test_API_2-95: set_args
[2022-11-28 15:30:53]INFO-httpclient_A-29: url: http://172.81.250.56:13575/do/auth/request
[2022-11-28 15:30:59]INFO-test_API_2-29: 
========================================================测试用例开始执行========================================================
[2022-11-28 15:30:59]INFO-test_API_2-36: setup
[2022-11-28 15:30:59]INFO-test_API_2-50: 
========================================================测试用例执行完毕========================================================
[2022-11-28 15:30:59]INFO-httpclient_A-29: url: http://172.81.250.56:13575/do/test/request
[2022-11-28 15:30:59]INFO-test_API_2-95: set_args
[2022-11-28 15:30:59]INFO-test_API_2-95: set_args
[2022-11-28 15:30:59]INFO-test_API_2-95: set_args
[2022-11-28 15:30:59]INFO-test_API_2-95: set_args
[2022-11-28 15:30:59]INFO-httpclient_A-29: url: http://172.81.250.56:13575/do/auth/request
[2022-11-28 15:31:03]INFO-test_API_2-29: 
========================================================测试用例开始执行========================================================
[2022-11-28 15:31:03]INFO-test_API_2-36: setup
[2022-11-28 15:31:03]INFO-test_API_2-50: 
========================================================测试用例执行完毕========================================================
[2022-11-28 15:31:03]INFO-httpclient_A-29: url: http://172.81.250.56:13575/do/test/request
[2022-11-28 15:31:03]INFO-test_API_2-95: set_args
[2022-11-28 15:31:03]INFO-test_API_2-95: set_args
[2022-11-28 15:31:03]INFO-test_API_2-95: set_args
[2022-11-28 15:31:03]INFO-test_API_2-95: set_args
[2022-11-28 15:31:03]INFO-httpclient_A-29: url: http://172.81.250.56:13575/do/auth/request
[2022-11-28 15:31:08]INFO-test_API_2-29: 
========================================================测试用例开始执行========================================================
[2022-11-28 15:31:08]INFO-test_API_2-36: setup
[2022-11-28 15:31:08]INFO-test_API_2-50: 
========================================================测试用例执行完毕========================================================
[2022-11-28 15:31:08]INFO-httpclient_A-29: url: http://172.81.250.56:13575/do/test/request
[2022-11-28 15:31:08]INFO-test_API_2-95: set_args
[2022-11-28 15:31:08]INFO-test_API_2-95: set_args
[2022-11-28 15:31:08]INFO-test_API_2-95: set_args
[2022-11-28 15:31:08]INFO-test_API_2-95: set_args
[2022-11-28 15:31:08]INFO-httpclient_A-29: url: http://172.81.250.56:13575/do/auth/request
[2022-11-28 15:31:19]INFO-test_API_2-29: 
========================================================测试用例开始执行========================================================
[2022-11-28 15:31:19]INFO-test_API_2-36: setup
[2022-11-28 15:31:19]INFO-test_API_2-50: 
========================================================测试用例执行完毕========================================================
[2022-11-28 15:31:19]INFO-httpclient_A-29: url: http://172.81.250.56:13575/do/test/request
[2022-11-28 15:31:19]INFO-test_API_2-95: set_args
[2022-11-28 15:31:19]INFO-test_API_2-95: set_args
[2022-11-28 15:31:19]INFO-test_API_2-95: set_args
[2022-11-28 15:31:19]INFO-test_API_2-95: set_args
[2022-11-28 15:31:19]INFO-httpclient_A-29: url: http://172.81.250.56:13575/do/auth/request
[2022-11-28 15:31:45]INFO-test_API_2-29: 
========================================================测试用例开始执行========================================================
[2022-11-28 15:31:45]INFO-test_API_2-36: setup
[2022-11-28 15:31:45]INFO-test_API_2-50: 
========================================================测试用例执行完毕========================================================
[2022-11-28 15:31:45]INFO-httpclient_A-29: url: http://172.81.250.56:13575/do/test/request
[2022-11-28 15:31:45]INFO-test_API_2-95: set_args
[2022-11-28 15:31:45]INFO-test_API_2-95: set_args
[2022-11-28 15:31:45]INFO-test_API_2-95: set_args
[2022-11-28 15:31:45]INFO-test_API_2-95: set_args
[2022-11-28 15:31:45]INFO-httpclient_A-29: url: http://172.81.250.56:13575/do/auth/request
[2022-11-28 15:31:51]INFO-test_API_2-29: 
========================================================测试用例开始执行========================================================
[2022-11-28 15:31:51]INFO-test_API_2-36: setup
[2022-11-28 15:31:51]INFO-test_API_2-50: 
========================================================测试用例执行完毕========================================================
[2022-11-28 15:31:51]INFO-httpclient_A-29: url: http://172.81.250.56:13575/do/test/request
[2022-11-28 15:31:51]INFO-test_API_2-95: set_args
[2022-11-28 15:31:51]INFO-test_API_2-95: set_args
[2022-11-28 15:31:51]INFO-test_API_2-95: set_args
[2022-11-28 15:31:51]INFO-test_API_2-95: set_args
[2022-11-28 15:31:51]INFO-httpclient_A-29: url: http://172.81.250.56:13575/do/auth/request
